#
# A fatal error has been detected by the Java Runtime Environment:
#
#  EXCEPTION_ACCESS_VIOLATION (0xc0000005) at pc=0x000001d06be1d34a, pid=25652, tid=15600
#
# JRE version: OpenJDK Runtime Environment (20.0+36) (build 20+36-2344)
# Java VM: OpenJDK 64-Bit Server VM (20+36-2344, mixed mode, sharing, tiered, compressed oops, compressed class ptrs, g1 gc, windows-amd64)
# Problematic frame:
# J 5974 c1 java.security.AccessControlContext.combine([Ljava/security/ProtectionDomain;[Ljava/security/ProtectionDomain;)[Ljava/security/ProtectionDomain; java.base@20 (205 bytes) @ 0x000001d06be1d34a [0x000001d06be1cdc0+0x000000000000058a]
#
# No core dump will be written. Minidumps are not enabled by default on client versions of Windows
#
# If you would like to submit a bug report, please visit:
#   https://bugreport.java.com/bugreport/crash.jsp
#

---------------  S U M M A R Y ------------

Command Line: -Dmaven.multiModuleProjectDirectory=C:\main_root\gitlab\motoslub\semester_work -Djansi.passthrough=true -Dmaven.home=C:\Users\lubiku\AppData\Local\JetBrains\Toolbox\apps\IDEA-U\ch-0\231.8109.175\plugins\maven\lib\maven3 -Dclassworlds.conf=C:\Users\lubiku\AppData\Local\JetBrains\Toolbox\apps\IDEA-U\ch-0\231.8109.175\plugins\maven\lib\maven3\bin\m2.conf -Dmaven.ext.class.path=C:\Users\lubiku\AppData\Local\JetBrains\Toolbox\apps\IDEA-U\ch-0\231.8109.175\plugins\maven\lib\maven-event-listener.jar -javaagent:C:\Users\lubiku\AppData\Local\JetBrains\Toolbox\apps\IDEA-U\ch-0\231.8109.175\lib\idea_rt.jar=18598:C:\Users\lubiku\AppData\Local\JetBrains\Toolbox\apps\IDEA-U\ch-0\231.8109.175\bin -Dfile.encoding=UTF-8 -Dsun.stdout.encoding=UTF-8 -Dsun.stderr.encoding=UTF-8 org.codehaus.classworlds.Launcher -Didea.version=2023.1 exec:java -Dexec.mainClass=lubiku.castleQuest.Main

Host: 11th Gen Intel(R) Core(TM) i5-11400H @ 2.70GHz, 12 cores, 15G,  Windows 10 , 64 bit Build 19041 (10.0.19041.2913)
Time: Sat May 27 13:38:39 2023 Pacific Daylight Time elapsed time: 2703.261133 seconds (0d 0h 45m 3s)

---------------  T H R E A D  ---------------

Current thread (0x000001d009a37580):  JavaThread "AWT-EventQueue-0" [_thread_in_Java, id=15600, stack(0x00000002cf800000,0x00000002cf900000)]

Stack: [0x00000002cf800000,0x00000002cf900000],  sp=0x00000002cf8fef20,  free space=1019k
Native frames: (J=compiled Java code, j=interpreted, Vv=VM code, C=native code)
C  0x000001d06be1d34a


siginfo: EXCEPTION_ACCESS_VIOLATION (0xc0000005), reading address 0x00000000000003d0


Registers:
RAX=0x0000000800005ca8, RBX=0x0000000000000006, RCX=0x00000000000002a0, RDX=0x000000070499b650
RSP=0x00000002cf8fef20, RBP=0x0000000000000000, RSI=0x00000000000003c8, RDI=0x0000000000000006
R8 =0x000000070668b2f0, R9 =0x00000000000010c8, R10=0x0000000800000000, R11=0x0000000000000001
R12=0x0000000000000000, R13=0x000000000000000f, R14=0x0000000000000005, R15=0x000001d009a37580
RIP=0x000001d06be1d34a, EFLAGS=0x0000000000010202


Register to memory mapping:

RIP=0x000001d06be1d34a is at entry_point+1418 in (nmethod*)0x000001d06be1cb90
Compiled method (c1) 2703268 5974       3       java.security.AccessControlContext::combine (205 bytes)
 total in heap  [0x000001d06be1cb90,0x000001d06be1dc28] = 4248
 relocation     [0x000001d06be1ccd8,0x000001d06be1cdb0] = 216
 main code      [0x000001d06be1cdc0,0x000001d06be1d920] = 2912
 stub code      [0x000001d06be1d920,0x000001d06be1d978] = 88
 metadata       [0x000001d06be1d978,0x000001d06be1d980] = 8
 scopes data    [0x000001d06be1d980,0x000001d06be1da98] = 280
 scopes pcs     [0x000001d06be1da98,0x000001d06be1dbe8] = 336
 dependencies   [0x000001d06be1dbe8,0x000001d06be1dbf0] = 8
 nul chk table  [0x000001d06be1dbf0,0x000001d06be1dc28] = 56
RAX=0x0000000800005ca8 is a pointer to class: 
RBX=0x0000000000000006 is an unknown value
RCX=0x00000000000002a0 is an unknown value
RDX=0x000000070499b650 is an oop: [Ljava.security.ProtectionDomain; 
{0x000000070499b650} - klass: 'java/security/ProtectionDomain'[]
 - length: 15
RSP=0x00000002cf8fef20 is pointing into the stack for thread: 0x000001d009a37580
RBP=0x0 is NULL
RSI=0x00000000000003c8 is an unknown value
RDI=0x0000000000000006 is an unknown value
R8 =0x000000070668b2f0 is an oop: [Ljava.security.ProtectionDomain; 
{0x000000070668b2f0} - klass: 'java/security/ProtectionDomain'[]
 - length: 15
R9 =0x00000000000010c8 is an unknown value
R10=0x0000000800000000 is pointing into metadata
R11=0x0000000000000001 is an unknown value
R12=0x0 is NULL
R13=0x000000000000000f is an unknown value
R14=0x0000000000000005 is an unknown value
R15=0x000001d009a37580 is a thread


Top of Stack: (sp=0x00000002cf8fef20)
0x00000002cf8fef20:   000000070668b310 0000000000000000
0x00000002cf8fef30:   0000000000000000 0000000000000000
0x00000002cf8fef40:   000000070668b2a0 000000070668b228
0x00000002cf8fef50:   0000000fcf8fef90 000000070499b650
0x00000002cf8fef60:   000000070668b2f0 0000000700000001
0x00000002cf8fef70:   0000000000000000 000001d06be1cdc0
0x00000002cf8fef80:   0000000703625978 0000000000000206
0x00000002cf8fef90:   0000000000000000 000001d072ff6d48
0x00000002cf8fefa0:   e09336910403c7c0 000001d072fb310e
0x00000002cf8fefb0:   000000070403c7f8 0000000000000000
0x00000002cf8fefc0:   000000070668b228 000000070668b2c8
0x00000002cf8fefd0:   000000070668b2a0 0000000000000000
0x00000002cf8fefe0:   0000000000000001 000000070668b1e8
0x00000002cf8feff0:   000000070668b200 000001d0731cb210
0x00000002cf8ff000:   00000002cf8ff050 00007ffb7591dcae
0x00000002cf8ff010:   00000000e0d3b3d1 000001d0731cdf08
0x00000002cf8ff020:   000000070403c7f8 0000000704000000
0x00000002cf8ff030:   00000000e0800000 0000000704000000
0x00000002cf8ff040:   e0cd47b7e0807903 000000070403c818
0x00000002cf8ff050:   000000070401b588 0000000704000058
0x00000002cf8ff060:   00000007069d9e88 000001d07298e0a9
0x00000002cf8ff070:   00000008e08036b1 000000070401b550
0x00000002cf8ff080:   0000000000000003 000001d0731dc414
0x00000002cf8ff090:   000000000000012c 000001d0731dc39c
0x00000002cf8ff0a0:   00000007042518a8 0000000000000000
0x00000002cf8ff0b0:   000001d009e95500 00007ffbe69147b1
0x00000002cf8ff0c0:   000000070403c818 00000002e0800000
0x00000002cf8ff0d0:   0000000704000000 0000000704000000
0x00000002cf8ff0e0:   e0899083e0807903 000001d077f75000
0x00000002cf8ff0f0:   00000007044c8418 00000007e0800346
0x00000002cf8ff100:   0000000704001a30 00000007044c8438
0x00000002cf8ff110:   00000002cf8ff150 000001d072850000 

Instructions: (pc=0x000001d06be1d34a)
0x000001d06be1d24a:   00 48 b9 d0 02 00 00 00 00 00 00 0f 84 0a 00 00
0x000001d06be1d25a:   00 48 b9 c0 02 00 00 00 00 00 00 4c 8b 0c 08 4d
0x000001d06be1d26a:   8d 49 01 4c 89 0c 08 0f 84 82 00 00 00 ff c7 48
0x000001d06be1d27a:   b8 38 fc 39 05 d0 01 00 00 8b 88 d0 00 00 00 83
0x000001d06be1d28a:   c1 02 89 88 d0 00 00 00 81 e1 fe 3f 00 00 83 f9
0x000001d06be1d29a:   00 0f 84 36 05 00 00 4d 8b 97 80 03 00 00 41 85
0x000001d06be1d2aa:   02 48 b8 38 fc 39 05 d0 01 00 00 ff 80 f8 02 00
0x000001d06be1d2ba:   00 41 3b fe 48 b8 38 fc 39 05 d0 01 00 00 48 b9
0x000001d06be1d2ca:   a0 02 00 00 00 00 00 00 0f 8d 0a 00 00 00 48 b9
0x000001d06be1d2da:   b0 02 00 00 00 00 00 00 4c 8b 0c 08 4d 8d 49 01
0x000001d06be1d2ea:   4c 89 0c 08 0f 8d 1a 00 00 00 e9 2f ff ff ff 48
0x000001d06be1d2fa:   be 38 fc 39 05 d0 01 00 00 ff 86 e0 02 00 00 e9
0x000001d06be1d30a:   5e 01 00 00 49 8b fe ff c7 45 3b 70 0c 0f 83 db
0x000001d06be1d31a:   04 00 00 48 83 fe 00 75 16 48 b9 38 fc 39 05 d0
0x000001d06be1d32a:   01 00 00 80 89 09 03 00 00 01 e9 fc 00 00 00 41
0x000001d06be1d33a:   8b 40 08 49 ba 00 00 00 00 08 00 00 00 49 03 c2
0x000001d06be1d34a:   8b 4e 08 49 ba 00 00 00 00 08 00 00 00 49 03 ca
0x000001d06be1d35a:   48 8b 80 d0 00 00 00 48 3b c8 0f 84 2a 00 00 00
0x000001d06be1d36a:   44 8b 48 14 4a 3b 04 09 0f 84 1c 00 00 00 41 83
0x000001d06be1d37a:   f9 20 0f 85 9c 00 00 00 51 50 e8 77 34 b6 06 59
0x000001d06be1d38a:   58 83 f8 00 0f 84 8a 00 00 00 48 b9 38 fc 39 05
0x000001d06be1d39a:   d0 01 00 00 8b 46 08 49 ba 00 00 00 00 08 00 00
0x000001d06be1d3aa:   00 49 03 c2 48 3b 81 20 03 00 00 75 0d 48 83 81
0x000001d06be1d3ba:   28 03 00 00 01 e9 71 00 00 00 48 3b 81 30 03 00
0x000001d06be1d3ca:   00 75 0d 48 83 81 38 03 00 00 01 e9 5b 00 00 00
0x000001d06be1d3da:   48 83 b9 20 03 00 00 00 75 17 48 89 81 20 03 00
0x000001d06be1d3ea:   00 48 c7 81 28 03 00 00 01 00 00 00 e9 3a 00 00
0x000001d06be1d3fa:   00 48 83 b9 30 03 00 00 00 75 17 48 89 81 30 03
0x000001d06be1d40a:   00 00 48 c7 81 38 03 00 00 01 00 00 00 e9 19 00
0x000001d06be1d41a:   00 00 eb 17 48 b9 38 fc 39 05 d0 01 00 00 48 83
0x000001d06be1d42a:   a9 10 03 00 00 01 e9 d6 03 00 00 4d 63 f6 4b 8d
0x000001d06be1d43a:   44 b0 10 41 0f be 4f 40 83 f9 00 0f 85 c9 03 00 


Stack slot to memory mapping:
stack at sp + 0 slots: 0x000000070668b310 is pointing into object: [Ljava.security.ProtectionDomain; 
{0x000000070668b2f0} - klass: 'java/security/ProtectionDomain'[]
 - length: 15
stack at sp + 1 slots: 0x0 is NULL
stack at sp + 2 slots: 0x0 is NULL
stack at sp + 3 slots: 0x0 is NULL
stack at sp + 4 slots: 0x000000070668b2a0 is an oop: java.security.AccessControlContext 
{0x000000070668b2a0} - klass: 'java/security/AccessControlContext'
 - ---- fields (total size 5 words):
 - private 'isPrivileged' 'Z' @12  false (0x00)
 - private 'isAuthorized' 'Z' @13  true (0x01)
 - private 'isWrapped' 'Z' @14  false (0x00)
 - private 'isLimited' 'Z' @15  false (0x00)
 - private 'context' '[Ljava/security/ProtectionDomain;' @16  NULL (0x00000000)
 - private 'privilegedContext' 'Ljava/security/AccessControlContext;' @20  NULL (0x00000000)
 - private 'combiner' 'Ljava/security/DomainCombiner;' @24  NULL (0x00000000)
 - private 'permissions' '[Ljava/security/Permission;' @28  NULL (0x00000000)
 - private 'parent' 'Ljava/security/AccessControlContext;' @32  NULL (0x00000000)
 - private 'limitedContext' '[Ljava/security/ProtectionDomain;' @36  NULL (0x00000000)
stack at sp + 5 slots: 0x000000070668b228 is an oop: java.security.AccessControlContext 
{0x000000070668b228} - klass: 'java/security/AccessControlContext'
 - ---- fields (total size 5 words):
 - private 'isPrivileged' 'Z' @12  false (0x00)
 - private 'isAuthorized' 'Z' @13  true (0x01)
 - private 'isWrapped' 'Z' @14  false (0x00)
 - private 'isLimited' 'Z' @15  false (0x00)
 - private 'context' '[Ljava/security/ProtectionDomain;' @16  a 'java/security/ProtectionDomain'[15] {0x000000070499b650} (0xe09336ca)
 - private 'privilegedContext' 'Ljava/security/AccessControlContext;' @20  NULL (0x00000000)
 - private 'combiner' 'Ljava/security/DomainCombiner;' @24  NULL (0x00000000)
 - private 'permissions' '[Ljava/security/Permission;' @28  NULL (0x00000000)
 - private 'parent' 'Ljava/security/AccessControlContext;' @32  NULL (0x00000000)
 - private 'limitedContext' '[Ljava/security/ProtectionDomain;' @36  NULL (0x00000000)
stack at sp + 6 slots: 0x0000000fcf8fef90 is an unknown value
stack at sp + 7 slots: 0x000000070499b650 is an oop: [Ljava.security.ProtectionDomain; 
{0x000000070499b650} - klass: 'java/security/ProtectionDomain'[]
 - length: 15


Compiled method (c1) 2703295 5974       3       java.security.AccessControlContext::combine (205 bytes)
 total in heap  [0x000001d06be1cb90,0x000001d06be1dc28] = 4248
 relocation     [0x000001d06be1ccd8,0x000001d06be1cdb0] = 216
 main code      [0x000001d06be1cdc0,0x000001d06be1d920] = 2912
 stub code      [0x000001d06be1d920,0x000001d06be1d978] = 88
 metadata       [0x000001d06be1d978,0x000001d06be1d980] = 8
 scopes data    [0x000001d06be1d980,0x000001d06be1da98] = 280
 scopes pcs     [0x000001d06be1da98,0x000001d06be1dbe8] = 336
 dependencies   [0x000001d06be1dbe8,0x000001d06be1dbf0] = 8
 nul chk table  [0x000001d06be1dbf0,0x000001d06be1dc28] = 56

[Constant Pool (empty)]

[MachCode]
[Verified Entry Point]
  # {method} {0x00000008004157e0} 'combine' '([Ljava/security/ProtectionDomain;[Ljava/security/ProtectionDomain;)[Ljava/security/ProtectionDomain;' in 'java/security/AccessControlContext'
  # parm0:    rdx:rdx   = '[Ljava/security/ProtectionDomain;'
  # parm1:    r8:r8     = '[Ljava/security/ProtectionDomain;'
  #           [sp+0x80]  (sp of caller)
  0x000001d06be1cdc0: 8984 2400 | 80ff ff55 | 4883 ec70 | 4181 7f20 | 0300 0000 

  0x000001d06be1cdd4: ;   {runtime_call StubRoutines (2)}
  0x000001d06be1cdd4: 7405 e805 

  0x000001d06be1cdd8: ;   {metadata(method data for {method} {0x00000008004157e0} 'combine' '([Ljava/security/ProtectionDomain;[Ljava/security/ProtectionDomain;)[Ljava/security/ProtectionDomain;' in 'java/security/AccessControlContext')}
  0x000001d06be1cdd8: 0fa8 0648 | bb38 fc39 | 05d0 0100 | 008b b3cc | 0000 0083 | c602 89b3 | cc00 0000 | 81e6 fe07 
  0x000001d06be1cdf8: 0000 83fe | 000f 846b | 0900 0048 

  0x000001d06be1ce04: ;   {metadata(method data for {method} {0x00000008004157e0} 'combine' '([Ljava/security/ProtectionDomain;[Ljava/security/ProtectionDomain;)[Ljava/security/ProtectionDomain;' in 'java/security/AccessControlContext')}
  0x000001d06be1ce04: 83fa 0048 | bb38 fc39 | 05d0 0100 | 0048 be10 | 0100 0000 | 0000 000f | 850a 0000 | 0048 be20 
  0x000001d06be1ce24: 0100 0000 | 0000 0048 | 8b3c 3348 | 8d7f 0148 | 893c 330f | 851a 0000 

  0x000001d06be1ce3c: ;   {metadata(method data for {method} {0x00000008004157e0} 'combine' '([Ljava/security/ProtectionDomain;[Ljava/security/ProtectionDomain;)[Ljava/security/ProtectionDomain;' in 'java/security/AccessControlContext')}
  0x000001d06be1ce3c: 0048 bb38 | fc39 05d0 | 0100 00ff | 8330 0100 | 00bb 0100 | 0000 e905 | 0000 00bb | 0000 0000 
  0x000001d06be1ce5c: 4983 f800 

  0x000001d06be1ce60: ;   {metadata(method data for {method} {0x00000008004157e0} 'combine' '([Ljava/security/ProtectionDomain;[Ljava/security/ProtectionDomain;)[Ljava/security/ProtectionDomain;' in 'java/security/AccessControlContext')}
  0x000001d06be1ce60: 48be 38fc | 3905 d001 | 0000 48bf | 4801 0000 | 0000 0000 | 0f85 0a00 | 0000 48bf | 5801 0000 
  0x000001d06be1ce80: 0000 0000 | 488b 043e | 488d 4001 | 4889 043e | 0f85 1b00 

  0x000001d06be1ce94: ;   {metadata(method data for {method} {0x00000008004157e0} 'combine' '([Ljava/security/ProtectionDomain;[Ljava/security/ProtectionDomain;)[Ljava/security/ProtectionDomain;' in 'java/security/AccessControlContext')}
  0x000001d06be1ce94: 0000 48be | 38fc 3905 | d001 0000 | ff86 6801 | 0000 41bb | 0100 0000 | e906 0000 | 0041 bb00 
  0x000001d06be1ceb4: 0000 0083 

  0x000001d06be1ceb8: ;   {metadata(method data for {method} {0x00000008004157e0} 'combine' '([Ljava/security/ProtectionDomain;[Ljava/security/ProtectionDomain;)[Ljava/security/ProtectionDomain;' in 'java/security/AccessControlContext')}
  0x000001d06be1ceb8: fb00 48bb | 38fc 3905 | d001 0000 | 48be 8001 | 0000 0000 | 0000 0f84 | 0a00 0000 | 48be 9001 
  0x000001d06be1ced8: 0000 0000 | 0000 488b | 3c33 488d | 7f01 4889 | 3c33 0f84 | 1b00 0000 

  0x000001d06be1cef0: ;   {metadata(method data for {method} {0x00000008004157e0} 'combine' '([Ljava/security/ProtectionDomain;[Ljava/security/ProtectionDomain;)[Ljava/security/ProtectionDomain;' in 'java/security/AccessControlContext')}
  0x000001d06be1cef0: 48bb 38fc | 3905 d001 | 0000 ff83 | a001 0000 | 41bd 0000 | 0000 e906 | 0000 008b | 5a0c 4c8b 
  0x000001d06be1cf10: eb41 83fb 

  0x000001d06be1cf14: ;   {metadata(method data for {method} {0x00000008004157e0} 'combine' '([Ljava/security/ProtectionDomain;[Ljava/security/ProtectionDomain;)[Ljava/security/ProtectionDomain;' in 'java/security/AccessControlContext')}
  0x000001d06be1cf14: 0048 bb38 | fc39 05d0 | 0100 0048 | beb8 0100 | 0000 0000 | 000f 840a | 0000 0048 | bec8 0100 
  0x000001d06be1cf34: 0000 0000 | 0048 8b3c | 3348 8d7f | 0148 893c | 330f 843a | 0000 0041 

  0x000001d06be1cf4c: ;   {metadata(method data for {method} {0x00000008004157e0} 'combine' '([Ljava/security/ProtectionDomain;[Ljava/security/ProtectionDomain;)[Ljava/security/ProtectionDomain;' in 'java/security/AccessControlContext')}
  0x000001d06be1cf4c: 83fd 0248 | bb38 fc39 | 05d0 0100 | 0048 bee8 | 0100 0000 | 0000 000f | 8e0a 0000 | 0048 bed8 
  0x000001d06be1cf6c: 0100 0000 | 0000 0048 | 8b3c 3348 | 8d7f 0148 | 893c 330f | 8ed3 0700 | 0041 83fb 

  0x000001d06be1cf88: ;   {metadata(method data for {method} {0x00000008004157e0} 'combine' '([Ljava/security/ProtectionDomain;[Ljava/security/ProtectionDomain;)[Ljava/security/ProtectionDomain;' in 'java/security/AccessControlContext')}
  0x000001d06be1cf88: 0048 bb38 | fc39 05d0 | 0100 0048 | bef8 0100 | 0000 0000 | 000f 840a | 0000 0048 | be08 0200 
  0x000001d06be1cfa8: 0000 0000 | 0048 8b3c | 3348 8d7f | 0148 893c | 330f 841b 

  0x000001d06be1cfbc: ;   {metadata(method data for {method} {0x00000008004157e0} 'combine' '([Ljava/security/ProtectionDomain;[Ljava/security/ProtectionDomain;)[Ljava/security/ProtectionDomain;' in 'java/security/AccessControlContext')}
  0x000001d06be1cfbc: 0000 0048 | bb38 fc39 | 05d0 0100 | 00ff 8318 | 0200 0041 | be00 0000 | 00e9 0700 | 0000 418b 
  0x000001d06be1cfdc: 580c 4c8b | f348 8954 | 2438 498b | de41 03dd 

  0x000001d06be1cfec: ;   {metadata('java/security/ProtectionDomain'[])}
  0x000001d06be1cfec: 48ba a85c | 0000 0800 | 0000 4863 | db48 8bfb | 4881 fbff | ffff 000f | 8790 0700 | 0048 be17 
  0x000001d06be1d00c: 0000 0000 | 0000 0048 | 8d34 9e48 | 83e6 f849 | 8b87 f800 | 0000 488d | 3430 493b | b708 0100 
  0x000001d06be1d02c: 000f 8766 | 0700 0049 | 89b7 f800 | 0000 482b | f048 c700 | 0100 0000 | 488b ca49 | ba00 0000 
  0x000001d06be1d04c: 0008 0000 | 0049 2bca | 8948 0889 | 580c 4883 | ee10 4885 | f60f 8411 | 0000 0048 | 33db 48c1 
  0x000001d06be1d06c: ee03 4889 | 5cf0 0848 | ffce 75f6 | 4183 fb00 

  0x000001d06be1d07c: ;   {metadata(method data for {method} {0x00000008004157e0} 'combine' '([Ljava/security/ProtectionDomain;[Ljava/security/ProtectionDomain;)[Ljava/security/ProtectionDomain;' in 'java/security/AccessControlContext')}
  0x000001d06be1d07c: 48ba 38fc | 3905 d001 | 0000 48bf | 4002 0000 | 0000 0000 | 0f84 0a00 | 0000 48bf | 3002 0000 
  0x000001d06be1d09c: 0000 0000 | 488b 343a | 488d 7601 | 4889 343a | 0f84 1900 | 0000 4889 | 4424 4044 | 896c 2434 
  0x000001d06be1d0bc: 4489 5c24 | 484c 8944 | 2450 e9ac | 0000 0044 | 896c 2434 | 4489 5c24 

  0x000001d06be1d0d4: ;   {metadata(method data for {method} {0x00000008004157e0} 'combine' '([Ljava/security/ProtectionDomain;[Ljava/security/ProtectionDomain;)[Ljava/security/ProtectionDomain;' in 'java/security/AccessControlContext')}
  0x000001d06be1d0d4: 4849 b938 | fc39 05d0 | 0100 0049 | 8381 5002 | 0000 0149 | 8bd0 4c89 | 4424 5041 | b800 0000 
  0x000001d06be1d0f4: 004c 8bc8 | bf00 0000 | 0049 8bf6 | 4889 4424 | 4044 8974 | 2430 4885 | d20f 8490 | 0600 0049 
  0x000001d06be1d114: 8d0c 303b | 4a0c 0f87 | 8306 0000 | 488d 0c37 | 413b 490c | 0f87 7506 | 0000 85f6 | 0f8c 6d06 
  0x000001d06be1d134: 0000 4d63 | c048 63ff | 4a8d 4c82 | 1049 8d54 | b910 4c8b | c648 83ec | 2040 f6c4 | 0f0f 8412 
  0x000001d06be1d154: 0000 0048 

  0x000001d06be1d158: ;   {runtime_call StubRoutines (2)}
  0x000001d06be1d158: 83ec 08e8 | a043 a706 | 4883 c408 | e905 0000 

  0x000001d06be1d168: ;   {runtime_call StubRoutines (2)}
  0x000001d06be1d168: 00e8 9243 | a706 4883 | c420 448b | 7424 30bb | 0000 0000 | 4c8b 4424 | 4044 8b6c | 2434 488b 
  0x000001d06be1d188: 5424 380f | 1f44 0000 

  0x000001d06be1d190: ;   {metadata(method data for {method} {0x00000008004157e0} 'combine' '([Ljava/security/ProtectionDomain;[Ljava/security/ProtectionDomain;)[Ljava/security/ProtectionDomain;' in 'java/security/AccessControlContext')}
  0x000001d06be1d190: 413b dd48 | be38 fc39 | 05d0 0100 | 0048 bf60 | 0200 0000 | 0000 000f | 8d0a 0000 | 0048 bf70 
  0x000001d06be1d1b0: 0200 0000 | 0000 0048 | 8b04 3e48 | 8d40 0148 | 8904 3e0f | 8dec 0200 | 003b 5a0c | 0f83 e905 
  0x000001d06be1d1d0: 0000 4863 | f38b 74b2 | 1048 c1e6 | 0348 83fe 

  0x000001d06be1d1e0: ;   {metadata(method data for {method} {0x00000008004157e0} 'combine' '([Ljava/security/ProtectionDomain;[Ljava/security/ProtectionDomain;)[Ljava/security/ProtectionDomain;' in 'java/security/AccessControlContext')}
  0x000001d06be1d1e0: 0048 bf38 | fc39 05d0 | 0100 0048 | b880 0200 | 0000 0000 | 000f 840a | 0000 0048 | b890 0200 
  0x000001d06be1d200: 0000 0000 | 0048 8b0c | 0748 8d49 | 0148 890c | 070f 8455 | 0200 00bf | 0000 0000 | e99a 0000 
  0x000001d06be1d220: 000f 1f80 | 0000 0000 | 413b 780c | 0f83 9705 | 0000 4863 | c741 8b44 | 8010 48c1 | e003 483b 
  0x000001d06be1d240: ;   {metadata(method data for {method} {0x00000008004157e0} 'combine' '([Ljava/security/ProtectionDomain;[Ljava/security/ProtectionDomain;)[Ljava/security/ProtectionDomain;' in 'java/security/AccessControlContext')}
  0x000001d06be1d240: f048 b838 | fc39 05d0 | 0100 0048 | b9d0 0200 | 0000 0000 | 000f 840a | 0000 0048 | b9c0 0200 
  0x000001d06be1d260: 0000 0000 | 004c 8b0c | 084d 8d49 | 014c 890c | 080f 8482 | 0000 00ff 

  0x000001d06be1d278: ;   {metadata(method data for {method} {0x00000008004157e0} 'combine' '([Ljava/security/ProtectionDomain;[Ljava/security/ProtectionDomain;)[Ljava/security/ProtectionDomain;' in 'java/security/AccessControlContext')}
  0x000001d06be1d278: c748 b838 | fc39 05d0 | 0100 008b | 88d0 0000 | 0083 c102 | 8988 d000 | 0000 81e1 | fe3f 0000 
  0x000001d06be1d298: 83f9 000f | 8436 0500 | 004d 8b97 

  0x000001d06be1d2a4: ; ImmutableOopMap {r8=Oop rdx=Oop rsi=Oop [80]=Oop }
                      ;*goto {reexecute=1 rethrow=0 return_oop=0}
                      ; - (reexecute) java.security.AccessControlContext::combine@127 (line 702)
  0x000001d06be1d2a4: 8003 0000 

  0x000001d06be1d2a8: ;   {poll}
  0x000001d06be1d2a8: 4185 0248 | b838 fc39 | 05d0 0100 | 00ff 80f8 | 0200 0041 

  0x000001d06be1d2bc: ;   {metadata(method data for {method} {0x00000008004157e0} 'combine' '([Ljava/security/ProtectionDomain;[Ljava/security/ProtectionDomain;)[Ljava/security/ProtectionDomain;' in 'java/security/AccessControlContext')}
  0x000001d06be1d2bc: 3bfe 48b8 | 38fc 3905 | d001 0000 | 48b9 a002 | 0000 0000 | 0000 0f8d | 0a00 0000 | 48b9 b002 
  0x000001d06be1d2dc: 0000 0000 | 0000 4c8b | 0c08 4d8d | 4901 4c89 | 0c08 0f8d | 1a00 0000 | e92f ffff 

  0x000001d06be1d2f8: ;   {metadata(method data for {method} {0x00000008004157e0} 'combine' '([Ljava/security/ProtectionDomain;[Ljava/security/ProtectionDomain;)[Ljava/security/ProtectionDomain;' in 'java/security/AccessControlContext')}
  0x000001d06be1d2f8: ff48 be38 | fc39 05d0 | 0100 00ff | 86e0 0200 | 00e9 5e01 | 0000 498b | feff c745 | 3b70 0c0f 
  0x000001d06be1d318: 83db 0400 | 0048 83fe 

  0x000001d06be1d320: ;   {metadata(method data for {method} {0x00000008004157e0} 'combine' '([Ljava/security/ProtectionDomain;[Ljava/security/ProtectionDomain;)[Ljava/security/ProtectionDomain;' in 'java/security/AccessControlContext')}
  0x000001d06be1d320: 0075 1648 | b938 fc39 | 05d0 0100 | 0080 8909 | 0300 0001 | e9fc 0000 | 0041 8b40 | 0849 ba00 
  0x000001d06be1d340: 0000 0008 | 0000 0049 | 03c2 8b4e | 0849 ba00 | 0000 0008 | 0000 0049 | 03ca 488b | 80d0 0000 
  0x000001d06be1d360: 0048 3bc8 | 0f84 2a00 | 0000 448b | 4814 4a3b | 0409 0f84 | 1c00 0000 | 4183 f920 | 0f85 9c00 
  0x000001d06be1d380: 0000 5150 

  0x000001d06be1d384: ;   {runtime_call slow_subtype_check Runtime1 stub}
  0x000001d06be1d384: e877 34b6 | 0659 5883 | f800 0f84 | 8a00 0000 

  0x000001d06be1d394: ;   {metadata(method data for {method} {0x00000008004157e0} 'combine' '([Ljava/security/ProtectionDomain;[Ljava/security/ProtectionDomain;)[Ljava/security/ProtectionDomain;' in 'java/security/AccessControlContext')}
  0x000001d06be1d394: 48b9 38fc | 3905 d001 | 0000 8b46 | 0849 ba00 | 0000 0008 | 0000 0049 | 03c2 483b | 8120 0300 
  0x000001d06be1d3b4: 0075 0d48 | 8381 2803 | 0000 01e9 | 7100 0000 | 483b 8130 | 0300 0075 | 0d48 8381 | 3803 0000 
  0x000001d06be1d3d4: 01e9 5b00 | 0000 4883 | b920 0300 | 0000 7517 | 4889 8120 | 0300 0048 | c781 2803 | 0000 0100 
  0x000001d06be1d3f4: 0000 e93a | 0000 0048 | 83b9 3003 | 0000 0075 | 1748 8981 | 3003 0000 | 48c7 8138 | 0300 0001 
  0x000001d06be1d414: 0000 00e9 | 1900 0000 

  0x000001d06be1d41c: ;   {metadata(method data for {method} {0x00000008004157e0} 'combine' '([Ljava/security/ProtectionDomain;[Ljava/security/ProtectionDomain;)[Ljava/security/ProtectionDomain;' in 'java/security/AccessControlContext')}
  0x000001d06be1d41c: eb17 48b9 | 38fc 3905 | d001 0000 | 4883 a910 | 0300 0001 | e9d6 0300 | 004d 63f6 | 4b8d 44b0 
  0x000001d06be1d43c: 1041 0fbe | 4f40 83f9 | 000f 85c9 | 0300 004c | 8bd6 49c1 | ea03 4489 | 1048 8bc8 | 4833 ce48 
  0x000001d06be1d45c: c1e9 1548 | 83f9 000f | 85c9 0300 | 004c 8bf7 

  0x000001d06be1d46c: ;   {metadata(method data for {method} {0x00000008004157e0} 'combine' '([Ljava/security/ProtectionDomain;[Ljava/security/ProtectionDomain;)[Ljava/security/ProtectionDomain;' in 'java/security/AccessControlContext')}
  0x000001d06be1d46c: ffc3 48be | 38fc 3905 | d001 0000 | 8bbe d000 | 0000 83c7 | 0289 bed0 | 0000 0081 | e7fe 3f00 
  0x000001d06be1d48c: 0083 ff00 | 0f84 b403 | 0000 4d8b | 9780 0300 

  0x000001d06be1d49c: ; ImmutableOopMap {r8=Oop rdx=Oop [80]=Oop }
                      ;*goto {reexecute=1 rethrow=0 return_oop=0}
                      ; - (reexecute) java.security.AccessControlContext::combine@143 (line 699)
                      ;   {poll}
  0x000001d06be1d49c: 0041 8502 

  0x000001d06be1d4a0: ;   {metadata(method data for {method} {0x00000008004157e0} 'combine' '([Ljava/security/ProtectionDomain;[Ljava/security/ProtectionDomain;)[Ljava/security/ProtectionDomain;' in 'java/security/AccessControlContext')}
  0x000001d06be1d4a0: 48be 38fc | 3905 d001 | 0000 ff86 | 4803 0000 | e9db fcff | ff41 8b58 | 0c44 3bf3 

  0x000001d06be1d4bc: ;   {metadata(method data for {method} {0x00000008004157e0} 'combine' '([Ljava/security/ProtectionDomain;[Ljava/security/ProtectionDomain;)[Ljava/security/ProtectionDomain;' in 'java/security/AccessControlContext')}
  0x000001d06be1d4bc: 48bb 38fc | 3905 d001 | 0000 48be | 7003 0000 | 0000 0000 | 0f85 0a00 | 0000 48be | 6003 0000 
  0x000001d06be1d4dc: 0000 0000 | 488b 3c33 | 488d 7f01 | 4889 3c33 | 0f85 1600 | 0000 498b | c048 83c4 

  0x000001d06be1d4f8: ;   {poll_return}
  0x000001d06be1d4f8: 705d 493b | a778 0300 | 000f 8764 | 0300 00c3 | 448b 5c24 | 4841 83fb 

  0x000001d06be1d510: ;   {metadata(method data for {method} {0x00000008004157e0} 'combine' '([Ljava/security/ProtectionDomain;[Ljava/security/ProtectionDomain;)[Ljava/security/ProtectionDomain;' in 'java/security/AccessControlContext')}
  0x000001d06be1d510: 0048 bb38 | fc39 05d0 | 0100 0048 | be80 0300 | 0000 0000 | 000f 850a | 0000 0048 | be90 0300 
  0x000001d06be1d530: 0000 0000 | 0048 8b3c | 3348 8d7f | 0148 893c | 330f 8541 | 0000 0048 | 8b74 2450 

  0x000001d06be1d54c: ; implicit exception: dispatches to 0x000001d06be1d881
  0x000001d06be1d54c: 8b5e 0c44 

  0x000001d06be1d550: ;   {metadata(method data for {method} {0x00000008004157e0} 'combine' '([Ljava/security/ProtectionDomain;[Ljava/security/ProtectionDomain;)[Ljava/security/ProtectionDomain;' in 'java/security/AccessControlContext')}
  0x000001d06be1d550: 3bf3 48bb | 38fc 3905 | d001 0000 | 48bf b003 | 0000 0000 | 0000 0f84 | 0a00 0000 | 48bf a003 
  0x000001d06be1d570: 0000 0000 | 0000 488b | 043b 488d | 4001 4889 | 043b 0f84 | ba01 0000 | 4183 fb00 

  0x000001d06be1d58c: ;   {metadata(method data for {method} {0x00000008004157e0} 'combine' '([Ljava/security/ProtectionDomain;[Ljava/security/ProtectionDomain;)[Ljava/security/ProtectionDomain;' in 'java/security/AccessControlContext')}
  0x000001d06be1d58c: 48bb 38fc | 3905 d001 | 0000 48be | c003 0000 | 0000 0000 | 0f84 0a00 | 0000 48be | d003 0000 
  0x000001d06be1d5ac: 0000 0000 | 488b 3c33 | 488d 7f01 | 4889 3c33 | 0f84 3900 | 0000 453b 

  0x000001d06be1d5c4: ;   {metadata(method data for {method} {0x00000008004157e0} 'combine' '([Ljava/security/ProtectionDomain;[Ljava/security/ProtectionDomain;)[Ljava/security/ProtectionDomain;' in 'java/security/AccessControlContext')}
  0x000001d06be1d5c4: f548 bb38 | fc39 05d0 | 0100 0048 | bef0 0300 | 0000 0000 | 000f 840a | 0000 0048 | bee0 0300 
  0x000001d06be1d5e4: 0000 0000 | 0048 8b3c | 3348 8d7f | 0148 893c | 330f 8431 | 0100 0049 

  0x000001d06be1d5fc: ;   {metadata('java/security/ProtectionDomain'[])}
  0x000001d06be1d5fc: 8bde 48ba | a85c 0000 | 0800 0000 | 4863 db48 | 8bfb 4881 | fbff ffff | 000f 876b | 0200 0048 
  0x000001d06be1d61c: be17 0000 | 0000 0000 | 0048 8d34 | 9e48 83e6 | f849 8b87 | f800 0000 | 488d 3430 | 493b b708 
  0x000001d06be1d63c: 0100 000f | 8741 0200 | 0049 89b7 | f800 0000 | 482b f048 | c700 0100 | 0000 488b | ca49 ba00 
  0x000001d06be1d65c: 0000 0008 | 0000 0049 | 2bca 8948 | 0889 580c | 4883 ee10 | 4885 f60f | 8411 0000 | 0048 33db 
  0x000001d06be1d67c: 48c1 ee03 | 4889 5cf0 | 0848 ffce 

  0x000001d06be1d688: ;   {metadata(method data for {method} {0x00000008004157e0} 'combine' '([Ljava/security/ProtectionDomain;[Ljava/security/ProtectionDomain;)[Ljava/security/ProtectionDomain;' in 'java/security/AccessControlContext')}
  0x000001d06be1d688: 75f6 48ba | 38fc 3905 | d001 0000 | 4883 8200 | 0400 0001 | 498b d041 | b800 0000 | 004c 8bc8 
  0x000001d06be1d6a8: bf00 0000 | 0049 8bf6 | 4889 4424 | 5849 8d0c | 303b 4a0c | 0f87 ce01 | 0000 488d | 0c37 413b 
  0x000001d06be1d6c8: 490c 0f87 | c001 0000 | 85f6 0f8c | b801 0000 | 4d63 c048 | 63ff 4a8d | 4c82 1049 | 8d54 b910 
  0x000001d06be1d6e8: 4c8b c648 | 83ec 2040 | f6c4 0f0f | 8412 0000 | 0048 83ec 

  0x000001d06be1d6fc: ;   {runtime_call StubRoutines (2)}
  0x000001d06be1d6fc: 08e8 fe3d | a706 4883 | c408 e905 

  0x000001d06be1d708: ;   {runtime_call StubRoutines (2)}
  0x000001d06be1d708: 0000 00e8 | f03d a706 | 4883 c420 | 488b 4424 | 5848 83c4 

  0x000001d06be1d71c: ;   {poll_return}
  0x000001d06be1d71c: 705d 493b | a778 0300 | 000f 8776 | 0100 00c3 | 488b c248 | 83c4 705d 

  0x000001d06be1d734: ;   {poll_return}
  0x000001d06be1d734: 493b a778 | 0300 000f | 8776 0100 | 00c3 488b | c648 83c4 

  0x000001d06be1d748: ;   {poll_return}
  0x000001d06be1d748: 705d 493b | a778 0300 | 000f 8776 | 0100 00c3 | 488b c248 | 83c4 705d 

  0x000001d06be1d760: ;   {poll_return}
  0x000001d06be1d760: 493b a778 | 0300 000f | 8776 0100 

  0x000001d06be1d76c: ;   {metadata({method} {0x00000008004157e0} 'combine' '([Ljava/security/ProtectionDomain;[Ljava/security/ProtectionDomain;)[Ljava/security/ProtectionDomain;' in 'java/security/AccessControlContext')}
  0x000001d06be1d76c: 00c3 49ba | d857 4100 | 0800 0000 | 4c89 5424 | 0848 c704 | 24ff ffff 

  0x000001d06be1d784: ;   {runtime_call counter_overflow Runtime1 stub}
  0x000001d06be1d784: ffe8 7677 

  0x000001d06be1d788: ; ImmutableOopMap {rdx=Oop r8=Oop }
                      ;*synchronization entry
                      ; - java.security.AccessControlContext::combine@-1 (line 672)
  0x000001d06be1d788: b606 e974 

  0x000001d06be1d78c: ;   {runtime_call throw_null_pointer_exception Runtime1 stub}
  0x000001d06be1d78c: f6ff ffe8 

  0x000001d06be1d790: ; ImmutableOopMap {rdx=Oop r8=Oop }
                      ;*arraylength {reexecute=0 rethrow=0 return_oop=0}
                      ; - java.security.AccessControlContext::combine@29 (line 678)
  0x000001d06be1d790: eced b506 

  0x000001d06be1d794: ;   {runtime_call throw_null_pointer_exception Runtime1 stub}
  0x000001d06be1d794: e8e7 edb5 

  0x000001d06be1d798: ; ImmutableOopMap {rdx=Oop r8=Oop }
                      ;*arraylength {reexecute=0 rethrow=0 return_oop=0}
                      ; - java.security.AccessControlContext::combine@53 (line 687)
                      ;   {runtime_call new_object_array Runtime1 stub}
  0x000001d06be1d798: 06e8 e204 

  0x000001d06be1d79c: ; ImmutableOopMap {r8=Oop [56]=Oop }
                      ;*anewarray {reexecute=0 rethrow=0 return_oop=0}
                      ; - java.security.AccessControlContext::combine@61 (line 690)
  0x000001d06be1d79c: b606 e9d5 | f8ff ff0f 

  0x000001d06be1d7a4: ;   {static_call}
  0x000001d06be1d7a4: 1f40 00e8 

  0x000001d06be1d7a8: ; ImmutableOopMap {[56]=Oop [64]=Oop [80]=Oop }
                      ;*invokestatic arraycopy {reexecute=0 rethrow=0 return_oop=0}
                      ; - java.security.AccessControlContext::combine@77 (line 694)
  0x000001d06be1d7a8: 547c a906 | e9c1 f9ff 

  0x000001d06be1d7b0: ;   {runtime_call throw_null_pointer_exception Runtime1 stub}
  0x000001d06be1d7b0: ffe8 caed 

  0x000001d06be1d7b4: ; ImmutableOopMap {r8=Oop rdx=Oop [80]=Oop }
                      ;*aaload {reexecute=0 rethrow=0 return_oop=0}
                      ; - java.security.AccessControlContext::combine@93 (line 700)
                      ;   {runtime_call throw_null_pointer_exception Runtime1 stub}
  0x000001d06be1d7b4: b506 e8c5 

  0x000001d06be1d7b8: ; ImmutableOopMap {r8=Oop rdx=Oop [80]=Oop }
                      ;*aaload {reexecute=0 rethrow=0 return_oop=0}
                      ; - java.security.AccessControlContext::combine@93 (line 700)
  0x000001d06be1d7b8: edb5 0648 | 891c 2448 | 8954 2408 

  0x000001d06be1d7c4: ;   {runtime_call throw_range_check_failed Runtime1 stub}
  0x000001d06be1d7c4: e8b7 e4b5 

  0x000001d06be1d7c8: ; ImmutableOopMap {r8=Oop rdx=Oop [80]=Oop }
                      ;*aaload {reexecute=0 rethrow=0 return_oop=0}
                      ; - java.security.AccessControlContext::combine@93 (line 700)
  0x000001d06be1d7c8: 0648 893c | 244c 8944 

  0x000001d06be1d7d0: ;   {runtime_call throw_range_check_failed Runtime1 stub}
  0x000001d06be1d7d0: 2408 e8a9 

  0x000001d06be1d7d4: ; ImmutableOopMap {r8=Oop rdx=Oop rsi=Oop [80]=Oop }
                      ;*aaload {reexecute=0 rethrow=0 return_oop=0}
                      ; - java.security.AccessControlContext::combine@117 (line 703)
                      ;   {metadata({method} {0x00000008004157e0} 'combine' '([Ljava/security/ProtectionDomain;[Ljava/security/ProtectionDomain;)[Ljava/security/ProtectionDomain;' in 'java/security/AccessControlContext')}
  0x000001d06be1d7d4: e4b5 0649 | bad8 5741 | 0008 0000 | 004c 8954 | 2408 48c7 | 0424 7f00 

  0x000001d06be1d7ec: ;   {runtime_call counter_overflow Runtime1 stub}
  0x000001d06be1d7ec: 0000 e80d 

  0x000001d06be1d7f0: ; ImmutableOopMap {r8=Oop rdx=Oop rsi=Oop [80]=Oop }
                      ;*goto {reexecute=1 rethrow=0 return_oop=0}
                      ; - (reexecute) java.security.AccessControlContext::combine@127 (line 702)
  0x000001d06be1d7f0: 77b6 06e9 | a9fa ffff | 4c89 3424 | 4c89 4424 

  0x000001d06be1d800: ;   {runtime_call throw_range_check_failed Runtime1 stub}
  0x000001d06be1d800: 08e8 7ae4 

  0x000001d06be1d804: ; ImmutableOopMap {r8=Oop rdx=Oop rsi=Oop [80]=Oop }
                      ;*aastore {reexecute=1 rethrow=0 return_oop=0}
                      ; - (reexecute) java.security.AccessControlContext::combine@139 (line 707)
                      ;   {runtime_call throw_null_pointer_exception Runtime1 stub}
  0x000001d06be1d804: b506 e875 

  0x000001d06be1d808: ; ImmutableOopMap {r8=Oop rdx=Oop rsi=Oop [80]=Oop }
                      ;*aastore {reexecute=1 rethrow=0 return_oop=0}
                      ; - (reexecute) java.security.AccessControlContext::combine@139 (line 707)
  0x000001d06be1d808: edb5 0648 

  0x000001d06be1d80c: ;   {runtime_call throw_array_store_exception Runtime1 stub}
  0x000001d06be1d80c: 8934 24e8 

  0x000001d06be1d810: ; ImmutableOopMap {r8=Oop rdx=Oop rsi=Oop [80]=Oop }
                      ;*aastore {reexecute=1 rethrow=0 return_oop=0}
                      ; - (reexecute) java.security.AccessControlContext::combine@139 (line 707)
  0x000001d06be1d810: ec1b b606 | 8b08 48c1 | e103 4883 | f900 0f84 | 27fc ffff | 4889 0c24 

  0x000001d06be1d828: ;   {runtime_call g1_pre_barrier_slow}
  0x000001d06be1d828: e853 83b6 | 06e9 19fc | ffff 4883 | fe00 0f84 | 2dfc ffff | 4889 0424 

  0x000001d06be1d840: ;   {runtime_call g1_post_barrier_slow}
  0x000001d06be1d840: e8bb 86b6 | 06e9 1ffc 

  0x000001d06be1d848: ;   {metadata({method} {0x00000008004157e0} 'combine' '([Ljava/security/ProtectionDomain;[Ljava/security/ProtectionDomain;)[Ljava/security/ProtectionDomain;' in 'java/security/AccessControlContext')}
  0x000001d06be1d848: ffff 49ba | d857 4100 | 0800 0000 | 4c89 5424 | 0848 c704 | 248f 0000 

  0x000001d06be1d860: ;   {runtime_call counter_overflow Runtime1 stub}
  0x000001d06be1d860: 00e8 9a76 

  0x000001d06be1d864: ; ImmutableOopMap {r8=Oop rdx=Oop [80]=Oop }
                      ;*goto {reexecute=1 rethrow=0 return_oop=0}
                      ; - (reexecute) java.security.AccessControlContext::combine@143 (line 699)
  0x000001d06be1d864: b606 e92b 

  0x000001d06be1d868: ;   {internal_word}
  0x000001d06be1d868: fcff ff49 | bafa d4e1 | 6bd0 0100 | 004d 8997 | 9003 0000 

  0x000001d06be1d87c: ;   {runtime_call SafepointBlob}
  0x000001d06be1d87c: e97f eea9 

  0x000001d06be1d880: ;   {runtime_call throw_null_pointer_exception Runtime1 stub}
  0x000001d06be1d880: 06e8 faec 

  0x000001d06be1d884: ; ImmutableOopMap {r8=Oop rdx=Oop rsi=Oop }
                      ;*arraylength {reexecute=0 rethrow=0 return_oop=0}
                      ; - java.security.AccessControlContext::combine@161 (line 714)
                      ;   {runtime_call new_object_array Runtime1 stub}
  0x000001d06be1d884: b506 e8f5 

  0x000001d06be1d888: ; ImmutableOopMap {r8=Oop }
                      ;*anewarray {reexecute=0 rethrow=0 return_oop=0}
                      ; - java.security.AccessControlContext::combine@182 (line 719)
  0x000001d06be1d888: 03b6 06e9 | fafd ffff | 0f1f 8000 

  0x000001d06be1d894: ;   {static_call}
  0x000001d06be1d894: 0000 00e8 

  0x000001d06be1d898: ; ImmutableOopMap {[88]=Oop }
                      ;*invokestatic arraycopy {reexecute=0 rethrow=0 return_oop=0}
                      ; - java.security.AccessControlContext::combine@195 (line 720)
  0x000001d06be1d898: 647b a906 | e973 feff 

  0x000001d06be1d8a0: ;   {internal_word}
  0x000001d06be1d8a0: ff49 ba1e | d7e1 6bd0 | 0100 004d | 8997 9003 

  0x000001d06be1d8b0: ;   {runtime_call SafepointBlob}
  0x000001d06be1d8b0: 0000 e949 

  0x000001d06be1d8b4: ;   {internal_word}
  0x000001d06be1d8b4: eea9 0649 | ba34 d7e1 | 6bd0 0100 | 004d 8997 | 9003 0000 

  0x000001d06be1d8c8: ;   {runtime_call SafepointBlob}
  0x000001d06be1d8c8: e933 eea9 

  0x000001d06be1d8cc: ;   {internal_word}
  0x000001d06be1d8cc: 0649 ba4a | d7e1 6bd0 | 0100 004d | 8997 9003 

  0x000001d06be1d8dc: ;   {runtime_call SafepointBlob}
  0x000001d06be1d8dc: 0000 e91d 

  0x000001d06be1d8e0: ;   {internal_word}
  0x000001d06be1d8e0: eea9 0649 | ba60 d7e1 | 6bd0 0100 | 004d 8997 | 9003 0000 

  0x000001d06be1d8f4: ;   {runtime_call SafepointBlob}
  0x000001d06be1d8f4: e907 eea9 | 0649 8b87 | 2804 0000 | 49c7 8728 | 0400 0000 | 0000 0049 | c787 3004 | 0000 0000 
  0x000001d06be1d914: 0000 4883 

  0x000001d06be1d918: ;   {runtime_call unwind_exception Runtime1 stub}
  0x000001d06be1d918: c470 5de9 | e0d7 b506 
[Stub Code]
  0x000001d06be1d920: ;   {no_reloc}
  0x000001d06be1d920: 0f1f 4400 

  0x000001d06be1d924: ;   {static_stub}
  0x000001d06be1d924: 0048 bb00 | 0000 0000 

  0x000001d06be1d92c: ;   {runtime_call}
  0x000001d06be1d92c: 0000 00e9 | fbff ffff 

  0x000001d06be1d934: ;   {static_stub}
  0x000001d06be1d934: 9048 bb00 | 0000 0000 

  0x000001d06be1d93c: ;   {runtime_call}
  0x000001d06be1d93c: 0000 00e9 | fbff ffff 
[Exception Handler]
  0x000001d06be1d944: ;   {runtime_call handle_exception_from_callee Runtime1 stub}
  0x000001d06be1d944: e837 12b6 

  0x000001d06be1d948: ;   {external_word}
  0x000001d06be1d948: 0648 b9b0 | 23ab 75fb | 7f00 0048 

  0x000001d06be1d954: ;   {runtime_call}
  0x000001d06be1d954: 83e4 f048 | b820 1677 | 75fb 7f00 | 00ff d0f4 
[Deopt Handler Code]
  0x000001d06be1d964: ;   {section_word}
  0x000001d06be1d964: 49ba 64d9 | e16b d001 | 0000 4152 

  0x000001d06be1d970: ;   {runtime_call DeoptimizationBlob}
  0x000001d06be1d970: e92b 02aa | 06f4 f4f4 
[/MachCode]


---------------  P R O C E S S  ---------------

Threads class SMR info:
_java_thread_list=0x000001d0091f6670, length=19, elements={
0x000001d061a7fb70, 0x000001d07f45e6c0, 0x000001d07f45f460, 0x000001d07f4635f0,
0x000001d07f463f30, 0x000001d07f465430, 0x000001d07f4660b0, 0x000001d07f4678e0,
0x000001d07f480e70, 0x000001d0081dd110, 0x000001d0081dabe0, 0x000001d0081dc670,
0x000001d009a3da70, 0x000001d009a3dfc0, 0x000001d009a38ac0, 0x000001d009a37580,
0x000001d009a3aff0, 0x000001d009a3ba90, 0x000001d009a39560
}

Java Threads: ( => current thread )
  0x000001d061a7fb70 JavaThread "main" [_thread_blocked, id=22592, stack(0x00000002cd400000,0x00000002cd500000)]
  0x000001d07f45e6c0 JavaThread "Reference Handler" daemon [_thread_blocked, id=4740, stack(0x00000002cdb00000,0x00000002cdc00000)]
  0x000001d07f45f460 JavaThread "Finalizer" daemon [_thread_blocked, id=8296, stack(0x00000002cdc00000,0x00000002cdd00000)]
  0x000001d07f4635f0 JavaThread "Signal Dispatcher" daemon [_thread_blocked, id=20056, stack(0x00000002cdd00000,0x00000002cde00000)]
  0x000001d07f463f30 JavaThread "Attach Listener" daemon [_thread_blocked, id=19420, stack(0x00000002cde00000,0x00000002cdf00000)]
  0x000001d07f465430 JavaThread "Service Thread" daemon [_thread_blocked, id=3440, stack(0x00000002cdf00000,0x00000002ce000000)]
  0x000001d07f4660b0 JavaThread "Monitor Deflation Thread" daemon [_thread_blocked, id=29360, stack(0x00000002ce000000,0x00000002ce100000)]
  0x000001d07f4678e0 JavaThread "C2 CompilerThread0" daemon [_thread_blocked, id=25156, stack(0x00000002ce100000,0x00000002ce200000)]
  0x000001d07f480e70 JavaThread "C1 CompilerThread0" daemon [_thread_blocked, id=23268, stack(0x00000002ce200000,0x00000002ce300000)]
  0x000001d0081dd110 JavaThread "Common-Cleaner" daemon [_thread_blocked, id=18576, stack(0x00000002ce300000,0x00000002ce400000)]
  0x000001d0081dabe0 JavaThread "Monitor Ctrl-Break" daemon [_thread_in_native, id=5616, stack(0x00000002ce400000,0x00000002ce500000)]
  0x000001d0081dc670 JavaThread "Notification Thread" daemon [_thread_blocked, id=12024, stack(0x00000002ce500000,0x00000002ce600000)]
  0x000001d009a3da70 JavaThread "Java2D Disposer" daemon [_thread_blocked, id=20704, stack(0x00000002cf400000,0x00000002cf500000)]
  0x000001d009a3dfc0 JavaThread "AWT-Shutdown" [_thread_blocked, id=18032, stack(0x00000002cf500000,0x00000002cf600000)]
  0x000001d009a38ac0 JavaThread "AWT-Windows" daemon [_thread_in_native, id=29464, stack(0x00000002cf600000,0x00000002cf700000)]
=>0x000001d009a37580 JavaThread "AWT-EventQueue-0" [_thread_in_Java, id=15600, stack(0x00000002cf800000,0x00000002cf900000)]
  0x000001d009a3aff0 JavaThread "TimerQueue" daemon [_thread_blocked, id=13584, stack(0x00000002cf300000,0x00000002cf400000)]
  0x000001d009a3ba90 JavaThread "Thread-1" [_thread_in_Java, id=12988, stack(0x00000002cff00000,0x00000002d0000000)]
  0x000001d009a39560 JavaThread "D3D Screen Updater" daemon [_thread_blocked, id=14372, stack(0x00000002cf200000,0x00000002cf300000)]

Other Threads:
  0x000001d07f43e680 VMThread "VM Thread" [stack: 0x00000002cda00000,0x00000002cdb00000] [id=22992]
  0x000001d008312180 WatcherThread "VM Periodic Task Thread" [stack: 0x00000002ce600000,0x00000002ce700000] [id=10136]
  0x000001d061aef740 WorkerThread "GC Thread#0" [stack: 0x00000002cd500000,0x00000002cd600000] [id=18004]
  0x000001d0086f51f0 WorkerThread "GC Thread#1" [stack: 0x00000002ce900000,0x00000002cea00000] [id=16608]
  0x000001d0086f54c0 WorkerThread "GC Thread#2" [stack: 0x00000002cea00000,0x00000002ceb00000] [id=22004]
  0x000001d0086f5790 WorkerThread "GC Thread#3" [stack: 0x00000002ceb00000,0x00000002cec00000] [id=15004]
  0x000001d0086f43e0 WorkerThread "GC Thread#4" [stack: 0x00000002cec00000,0x00000002ced00000] [id=17372]
  0x000001d0086f46b0 WorkerThread "GC Thread#5" [stack: 0x00000002ced00000,0x00000002cee00000] [id=16300]
  0x000001d0086f4f20 WorkerThread "GC Thread#6" [stack: 0x00000002cee00000,0x00000002cef00000] [id=26780]
  0x000001d0086f5a60 WorkerThread "GC Thread#7" [stack: 0x00000002cef00000,0x00000002cf000000] [id=22800]
  0x000001d0093c5520 WorkerThread "GC Thread#8" [stack: 0x00000002cf000000,0x00000002cf100000] [id=5400]
  0x000001d0093c6e70 WorkerThread "GC Thread#9" [stack: 0x00000002cf100000,0x00000002cf200000] [id=14504]
  0x000001d061b000f0 ConcurrentGCThread "G1 Main Marker" [stack: 0x00000002cd600000,0x00000002cd700000] [id=2964]
  0x000001d061b00ad0 WorkerThread "G1 Conc#0" [stack: 0x00000002cd700000,0x00000002cd800000] [id=25240]
  0x000001d0093c6060 WorkerThread "G1 Conc#1" [stack: 0x00000002cfc00000,0x00000002cfd00000] [id=23184]
  0x000001d0093c6ba0 WorkerThread "G1 Conc#2" [stack: 0x00000002cfd00000,0x00000002cfe00000] [id=18320]
  0x000001d061b4ea50 ConcurrentGCThread "G1 Refine#0" [stack: 0x00000002cd800000,0x00000002cd900000] [id=17612]
  0x000001d07f2fe530 ConcurrentGCThread "G1 Service" [stack: 0x00000002cd900000,0x00000002cda00000] [id=18708]

Threads with active compile tasks:

VM state: not at safepoint (normal execution)

VM Mutex/Monitor currently owned by a thread: None

Heap address: 0x0000000703600000, size: 4042 MB, Compressed Oops mode: Zero based, Oop shift amount: 3

CDS archive(s) mapped at: [0x0000000800000000-0x0000000800c60000-0x0000000800c60000), size 12976128, SharedBaseAddress: 0x0000000800000000, ArchiveRelocationMode: 0.
Compressed class space mapped at: 0x0000000801000000-0x0000000841000000, reserved size: 1073741824
Narrow klass base: 0x0000000800000000, Narrow klass shift: 0, Narrow klass range: 0x100000000

GC Precious Log:
 CardTable entry size: 512
 Card Set container configuration: InlinePtr #cards 4 size 8 Array Of Cards #cards 16 size 48 Howl #buckets 8 coarsen threshold 3686 Howl Bitmap #cards 512 size 80 coarsen threshold 460 Card regions per heap region 1 cards per card region 4096
 CPUs: 12 total, 12 available
 Memory: 16163M
 Large Page Support: Disabled
 NUMA Support: Disabled
 Compressed Oops: Enabled (Zero based)
 Heap Region Size: 2M
 Heap Min Capacity: 8M
 Heap Initial Capacity: 254M
 Heap Max Capacity: 4042M
 Pre-touch: Disabled
 Parallel Workers: 10
 Concurrent Workers: 3
 Concurrent Refinement Workers: 10
 Periodic GC: Disabled

Heap:
 garbage-first heap   total 71680K, used 47599K [0x0000000703600000, 0x0000000800000000)
  region size 2048K, 12 young (24576K), 1 survivors (2048K)
 Metaspace       used 25186K, committed 25536K, reserved 1114112K
  class space    used 2783K, committed 2944K, reserved 1048576K

Heap Regions: E=young(eden), S=young(survivor), O=old, HS=humongous(starts), HC=humongous(continues), CS=collection set, F=free, OA=open archive, CA=closed archive, TAMS=top-at-mark-start, PB=parsable bottom
|   0|0x0000000703600000, 0x0000000703800000, 0x0000000703800000|100%| O|  |TAMS 0x0000000703600000| PB 0x0000000703600000| Untracked 
|   1|0x0000000703800000, 0x0000000703a00000, 0x0000000703a00000|100%| O|  |TAMS 0x0000000703800000| PB 0x0000000703800000| Untracked 
|   2|0x0000000703a00000, 0x0000000703c00000, 0x0000000703c00000|100%|HS|  |TAMS 0x0000000703a00000| PB 0x0000000703a00000| Complete 
|   3|0x0000000703c00000, 0x0000000703e00000, 0x0000000703e00000|100%|HC|  |TAMS 0x0000000703c00000| PB 0x0000000703c00000| Complete 
|   4|0x0000000703e00000, 0x0000000704000000, 0x0000000704000000|100%|HS|  |TAMS 0x0000000703e00000| PB 0x0000000703e00000| Complete 
|   5|0x0000000704000000, 0x0000000704200000, 0x0000000704200000|100%| O|  |TAMS 0x0000000704000000| PB 0x0000000704000000| Untracked 
|   6|0x0000000704200000, 0x0000000704400000, 0x0000000704400000|100%| O|  |TAMS 0x0000000704200000| PB 0x0000000704200000| Untracked 
|   7|0x0000000704400000, 0x0000000704600000, 0x0000000704600000|100%| O|  |TAMS 0x0000000704400000| PB 0x0000000704400000| Untracked 
|   8|0x0000000704600000, 0x0000000704800000, 0x0000000704800000|100%| O|  |TAMS 0x0000000704600000| PB 0x0000000704600000| Untracked 
|   9|0x0000000704800000, 0x0000000704a00000, 0x0000000704a00000|100%| O|  |TAMS 0x0000000704800000| PB 0x0000000704800000| Untracked 
|  10|0x0000000704a00000, 0x0000000704c00000, 0x0000000704c00000|100%|HS|  |TAMS 0x0000000704a00000| PB 0x0000000704a00000| Complete 
|  11|0x0000000704c00000, 0x0000000704e00000, 0x0000000704e00000|100%|HS|  |TAMS 0x0000000704c00000| PB 0x0000000704c00000| Complete 
|  12|0x0000000704e00000, 0x0000000704e78c00, 0x0000000705000000| 23%| O|  |TAMS 0x0000000704e00000| PB 0x0000000704e00000| Untracked 
|  13|0x0000000705000000, 0x0000000705200000, 0x0000000705200000|100%|HS|  |TAMS 0x0000000705000000| PB 0x0000000705000000| Complete 
|  14|0x0000000705200000, 0x0000000705200000, 0x0000000705400000|  0%| F|  |TAMS 0x0000000705200000| PB 0x0000000705200000| Untracked 
|  15|0x0000000705400000, 0x0000000705400000, 0x0000000705600000|  0%| F|  |TAMS 0x0000000705400000| PB 0x0000000705400000| Untracked 
|  16|0x0000000705600000, 0x0000000705600000, 0x0000000705800000|  0%| F|  |TAMS 0x0000000705600000| PB 0x0000000705600000| Untracked 
|  17|0x0000000705800000, 0x0000000705800000, 0x0000000705a00000|  0%| F|  |TAMS 0x0000000705800000| PB 0x0000000705800000| Untracked 
|  18|0x0000000705a00000, 0x0000000705a03060, 0x0000000705c00000|  0%| S|CS|TAMS 0x0000000705a00000| PB 0x0000000705a00000| Complete 
|  19|0x0000000705c00000, 0x0000000705c00000, 0x0000000705e00000|  0%| F|  |TAMS 0x0000000705c00000| PB 0x0000000705c00000| Untracked 
|  20|0x0000000705e00000, 0x0000000705e00000, 0x0000000706000000|  0%| F|  |TAMS 0x0000000705e00000| PB 0x0000000705e00000| Untracked 
|  21|0x0000000706000000, 0x0000000706000000, 0x0000000706200000|  0%| F|  |TAMS 0x0000000706000000| PB 0x0000000706000000| Untracked 
|  22|0x0000000706200000, 0x0000000706200000, 0x0000000706400000|  0%| F|  |TAMS 0x0000000706200000| PB 0x0000000706200000| Untracked 
|  23|0x0000000706400000, 0x0000000706400000, 0x0000000706600000|  0%| F|  |TAMS 0x0000000706400000| PB 0x0000000706400000| Untracked 
|  24|0x0000000706600000, 0x00000007066acab8, 0x0000000706800000| 33%| E|  |TAMS 0x0000000706600000| PB 0x0000000706600000| Complete 
|  25|0x0000000706800000, 0x0000000706a00000, 0x0000000706a00000|100%| E|CS|TAMS 0x0000000706800000| PB 0x0000000706800000| Complete 
|  26|0x0000000706a00000, 0x0000000706c00000, 0x0000000706c00000|100%| E|CS|TAMS 0x0000000706a00000| PB 0x0000000706a00000| Complete 
|  27|0x0000000706c00000, 0x0000000706e00000, 0x0000000706e00000|100%| E|CS|TAMS 0x0000000706c00000| PB 0x0000000706c00000| Complete 
|  92|0x000000070ee00000, 0x000000070f000000, 0x000000070f000000|100%| E|CS|TAMS 0x000000070ee00000| PB 0x000000070ee00000| Complete 
|  93|0x000000070f000000, 0x000000070f200000, 0x000000070f200000|100%| E|CS|TAMS 0x000000070f000000| PB 0x000000070f000000| Complete 
|  94|0x000000070f200000, 0x000000070f400000, 0x000000070f400000|100%| E|CS|TAMS 0x000000070f200000| PB 0x000000070f200000| Complete 
|  95|0x000000070f400000, 0x000000070f600000, 0x000000070f600000|100%| E|CS|TAMS 0x000000070f400000| PB 0x000000070f400000| Complete 
|  96|0x000000070f600000, 0x000000070f800000, 0x000000070f800000|100%| E|CS|TAMS 0x000000070f600000| PB 0x000000070f600000| Complete 
| 125|0x0000000713000000, 0x0000000713200000, 0x0000000713200000|100%| E|CS|TAMS 0x0000000713000000| PB 0x0000000713000000| Complete 
| 126|0x0000000713200000, 0x0000000713400000, 0x0000000713400000|100%| E|CS|TAMS 0x0000000713200000| PB 0x0000000713200000| Complete 

Card table byte_map: [0x000001d07b790000,0x000001d07bf80000] _byte_map_base: 0x000001d077f75000

Marking Bits: (CMBitMap*) 0x000001d061aefb80
 Bits: [0x000001d000000000, 0x000001d003f28000)

Polling page: 0x000001d061770000

Metaspace:

Usage:
  Non-class:     21.88 MB used.
      Class:      2.72 MB used.
       Both:     24.60 MB used.

Virtual space:
  Non-class space:       64.00 MB reserved,      22.06 MB ( 34%) committed,  1 nodes.
      Class space:        1.00 GB reserved,       2.88 MB ( <1%) committed,  1 nodes.
             Both:        1.06 GB reserved,      24.94 MB (  2%) committed. 

Chunk freelists:
   Non-Class:  1.00 MB
       Class:  1.06 MB
        Both:  2.06 MB

MaxMetaspaceSize: unlimited
CompressedClassSpaceSize: 1.00 GB
Initial GC threshold: 21.00 MB
Current GC threshold: 35.12 MB
CDS: on
MetaspaceReclaimPolicy: balanced
 - commit_granule_bytes: 65536.
 - commit_granule_words: 8192.
 - virtual_space_node_default_size: 8388608.
 - enlarge_chunks_in_place: 1.
 - new_chunks_are_fully_committed: 0.
 - uncommit_free_chunks: 1.
 - use_allocation_guard: 0.


Internal statistics:

num_allocs_failed_limit: 5.
num_arena_births: 460.
num_arena_deaths: 0.
num_vsnodes_births: 2.
num_vsnodes_deaths: 0.
num_space_committed: 399.
num_space_uncommitted: 0.
num_chunks_returned_to_freelist: 5.
num_chunks_taken_from_freelist: 1007.
num_chunk_merges: 0.
num_chunk_splits: 701.
num_chunks_enlarged: 509.
num_inconsistent_stats: 0.

CodeHeap 'non-profiled nmethods': size=120000Kb used=5512Kb max_used=5512Kb free=114487Kb
 bounds [0x000001d072df0000, 0x000001d073360000, 0x000001d07a320000]
CodeHeap 'profiled nmethods': size=120000Kb used=11255Kb max_used=11255Kb free=108744Kb
 bounds [0x000001d06b320000, 0x000001d06be20000, 0x000001d072850000]
CodeHeap 'non-nmethods': size=5760Kb used=1920Kb max_used=1959Kb free=3840Kb
 bounds [0x000001d072850000, 0x000001d072ac0000, 0x000001d072df0000]
 total_blobs=6701 nmethods=5972 adapters=639
 compilation: enabled
              stopped_count=0, restarted_count=0
 full_count=0

Compilation events (20 events):
Event: 2627.054 Thread 0x000001d07f4678e0 5965       4       lubiku.castleQuest.View.GamePanel::paintComponent (173 bytes)
Event: 2627.165 Thread 0x000001d07f4678e0 nmethod 5965 0x000001d073336d10 code [0x000001d0733374c0, 0x000001d07333ca98]
Event: 2633.097 Thread 0x000001d07f4678e0 5966       4       java.util.Properties::getProperty (50 bytes)
Event: 2633.100 Thread 0x000001d07f4678e0 nmethod 5966 0x000001d073340d90 code [0x000001d073340f40, 0x000001d073341348]
Event: 2637.504 Thread 0x000001d07f4678e0 5967       4       java.awt.FontMetrics::getStringBounds (14 bytes)
Event: 2637.514 Thread 0x000001d07f4678e0 nmethod 5967 0x000001d073341790 code [0x000001d0733419a0, 0x000001d073342718]
Event: 2637.580 Thread 0x000001d07f4678e0 5968       4       lubiku.castleQuest.View.GamePanel::update (112 bytes)
Event: 2637.610 Thread 0x000001d07f4678e0 nmethod 5968 0x000001d073343090 code [0x000001d0733434a0, 0x000001d0733451f0]
Event: 2638.060 Thread 0x000001d07f4678e0 5969       4       java.awt.DefaultKeyboardFocusManager::processKeyEvent (316 bytes)
Event: 2638.097 Thread 0x000001d07f4678e0 nmethod 5969 0x000001d073346e10 code [0x000001d073347280, 0x000001d07334a250]
Event: 2638.723 Thread 0x000001d07f4678e0 5970       4       java.awt.Container::processEvent (22 bytes)
Event: 2638.745 Thread 0x000001d07f4678e0 nmethod 5970 0x000001d07334c510 code [0x000001d07334c840, 0x000001d07334e070]
Event: 2660.389 Thread 0x000001d07f4678e0 5971       4       lubiku.castleQuest.View.UI::drawPlayerLife (171 bytes)
Event: 2660.398 Thread 0x000001d07f4678e0 nmethod 5971 0x000001d07334f310 code [0x000001d07334f580, 0x000001d073350210]
Event: 2674.854 Thread 0x000001d07f4678e0 5972       4       java.awt.AlphaComposite::getInstance (21 bytes)
Event: 2674.855 Thread 0x000001d07f4678e0 nmethod 5972 0x000001d073350e90 code [0x000001d073351040, 0x000001d0733511a0]
Event: 2688.771 Thread 0x000001d07f4678e0 5973       4       lubiku.castleQuest.View.UI::draw (255 bytes)
Event: 2688.776 Thread 0x000001d07f4678e0 nmethod 5973 0x000001d073351310 code [0x000001d073351520, 0x000001d073351cc8]
Event: 2702.147 Thread 0x000001d07f480e70 5974       3       java.security.AccessControlContext::combine (205 bytes)
Event: 2702.147 Thread 0x000001d07f480e70 nmethod 5974 0x000001d06be1cb90 code [0x000001d06be1cdc0, 0x000001d06be1d978]

GC Heap History (20 events):
Event: 2695.850 GC heap before
{Heap before GC invocations=2482 (full 0):
 garbage-first heap   total 71680K, used 59891K [0x0000000703600000, 0x0000000800000000)
  region size 2048K, 17 young (34816K), 1 survivors (2048K)
 Metaspace       used 25186K, committed 25536K, reserved 1114112K
  class space    used 2783K, committed 2944K, reserved 1048576K
}
Event: 2695.850 GC heap after
{Heap after GC invocations=2483 (full 0):
 garbage-first heap   total 71680K, used 27123K [0x0000000703600000, 0x0000000800000000)
  region size 2048K, 1 young (2048K), 1 survivors (2048K)
 Metaspace       used 25186K, committed 25536K, reserved 1114112K
  class space    used 2783K, committed 2944K, reserved 1048576K
}
Event: 2696.617 GC heap before
{Heap before GC invocations=2483 (full 0):
 garbage-first heap   total 71680K, used 59891K [0x0000000703600000, 0x0000000800000000)
  region size 2048K, 17 young (34816K), 1 survivors (2048K)
 Metaspace       used 25186K, committed 25536K, reserved 1114112K
  class space    used 2783K, committed 2944K, reserved 1048576K
}
Event: 2696.618 GC heap after
{Heap after GC invocations=2484 (full 0):
 garbage-first heap   total 71680K, used 27121K [0x0000000703600000, 0x0000000800000000)
  region size 2048K, 1 young (2048K), 1 survivors (2048K)
 Metaspace       used 25186K, committed 25536K, reserved 1114112K
  class space    used 2783K, committed 2944K, reserved 1048576K
}
Event: 2697.385 GC heap before
{Heap before GC invocations=2484 (full 0):
 garbage-first heap   total 71680K, used 59889K [0x0000000703600000, 0x0000000800000000)
  region size 2048K, 17 young (34816K), 1 survivors (2048K)
 Metaspace       used 25186K, committed 25536K, reserved 1114112K
  class space    used 2783K, committed 2944K, reserved 1048576K
}
Event: 2697.386 GC heap after
{Heap after GC invocations=2485 (full 0):
 garbage-first heap   total 71680K, used 27119K [0x0000000703600000, 0x0000000800000000)
  region size 2048K, 1 young (2048K), 1 survivors (2048K)
 Metaspace       used 25186K, committed 25536K, reserved 1114112K
  class space    used 2783K, committed 2944K, reserved 1048576K
}
Event: 2698.152 GC heap before
{Heap before GC invocations=2485 (full 0):
 garbage-first heap   total 71680K, used 59887K [0x0000000703600000, 0x0000000800000000)
  region size 2048K, 17 young (34816K), 1 survivors (2048K)
 Metaspace       used 25186K, committed 25536K, reserved 1114112K
  class space    used 2783K, committed 2944K, reserved 1048576K
}
Event: 2698.153 GC heap after
{Heap after GC invocations=2486 (full 0):
 garbage-first heap   total 71680K, used 27119K [0x0000000703600000, 0x0000000800000000)
  region size 2048K, 1 young (2048K), 1 survivors (2048K)
 Metaspace       used 25186K, committed 25536K, reserved 1114112K
  class space    used 2783K, committed 2944K, reserved 1048576K
}
Event: 2698.919 GC heap before
{Heap before GC invocations=2486 (full 0):
 garbage-first heap   total 71680K, used 59887K [0x0000000703600000, 0x0000000800000000)
  region size 2048K, 17 young (34816K), 1 survivors (2048K)
 Metaspace       used 25186K, committed 25536K, reserved 1114112K
  class space    used 2783K, committed 2944K, reserved 1048576K
}
Event: 2698.920 GC heap after
{Heap after GC invocations=2487 (full 0):
 garbage-first heap   total 71680K, used 27121K [0x0000000703600000, 0x0000000800000000)
  region size 2048K, 1 young (2048K), 1 survivors (2048K)
 Metaspace       used 25186K, committed 25536K, reserved 1114112K
  class space    used 2783K, committed 2944K, reserved 1048576K
}
Event: 2699.686 GC heap before
{Heap before GC invocations=2487 (full 0):
 garbage-first heap   total 71680K, used 59889K [0x0000000703600000, 0x0000000800000000)
  region size 2048K, 17 young (34816K), 1 survivors (2048K)
 Metaspace       used 25186K, committed 25536K, reserved 1114112K
  class space    used 2783K, committed 2944K, reserved 1048576K
}
Event: 2699.687 GC heap after
{Heap after GC invocations=2488 (full 0):
 garbage-first heap   total 71680K, used 27121K [0x0000000703600000, 0x0000000800000000)
  region size 2048K, 1 young (2048K), 1 survivors (2048K)
 Metaspace       used 25186K, committed 25536K, reserved 1114112K
  class space    used 2783K, committed 2944K, reserved 1048576K
}
Event: 2700.464 GC heap before
{Heap before GC invocations=2488 (full 0):
 garbage-first heap   total 71680K, used 59889K [0x0000000703600000, 0x0000000800000000)
  region size 2048K, 17 young (34816K), 1 survivors (2048K)
 Metaspace       used 25186K, committed 25536K, reserved 1114112K
  class space    used 2783K, committed 2944K, reserved 1048576K
}
Event: 2700.464 GC heap after
{Heap after GC invocations=2489 (full 0):
 garbage-first heap   total 71680K, used 27121K [0x0000000703600000, 0x0000000800000000)
  region size 2048K, 1 young (2048K), 1 survivors (2048K)
 Metaspace       used 25186K, committed 25536K, reserved 1114112K
  class space    used 2783K, committed 2944K, reserved 1048576K
}
Event: 2701.233 GC heap before
{Heap before GC invocations=2489 (full 0):
 garbage-first heap   total 71680K, used 59889K [0x0000000703600000, 0x0000000800000000)
  region size 2048K, 17 young (34816K), 1 survivors (2048K)
 Metaspace       used 25186K, committed 25536K, reserved 1114112K
  class space    used 2783K, committed 2944K, reserved 1048576K
}
Event: 2701.234 GC heap after
{Heap after GC invocations=2490 (full 0):
 garbage-first heap   total 71680K, used 27121K [0x0000000703600000, 0x0000000800000000)
  region size 2048K, 1 young (2048K), 1 survivors (2048K)
 Metaspace       used 25186K, committed 25536K, reserved 1114112K
  class space    used 2783K, committed 2944K, reserved 1048576K
}
Event: 2701.999 GC heap before
{Heap before GC invocations=2490 (full 0):
 garbage-first heap   total 71680K, used 59889K [0x0000000703600000, 0x0000000800000000)
  region size 2048K, 17 young (34816K), 1 survivors (2048K)
 Metaspace       used 25186K, committed 25536K, reserved 1114112K
  class space    used 2783K, committed 2944K, reserved 1048576K
}
Event: 2702.000 GC heap after
{Heap after GC invocations=2491 (full 0):
 garbage-first heap   total 71680K, used 27123K [0x0000000703600000, 0x0000000800000000)
  region size 2048K, 1 young (2048K), 1 survivors (2048K)
 Metaspace       used 25186K, committed 25536K, reserved 1114112K
  class space    used 2783K, committed 2944K, reserved 1048576K
}
Event: 2702.767 GC heap before
{Heap before GC invocations=2491 (full 0):
 garbage-first heap   total 71680K, used 59891K [0x0000000703600000, 0x0000000800000000)
  region size 2048K, 17 young (34816K), 1 survivors (2048K)
 Metaspace       used 25186K, committed 25536K, reserved 1114112K
  class space    used 2783K, committed 2944K, reserved 1048576K
}
Event: 2702.767 GC heap after
{Heap after GC invocations=2492 (full 0):
 garbage-first heap   total 71680K, used 27119K [0x0000000703600000, 0x0000000800000000)
  region size 2048K, 1 young (2048K), 1 survivors (2048K)
 Metaspace       used 25186K, committed 25536K, reserved 1114112K
  class space    used 2783K, committed 2944K, reserved 1048576K
}

Dll operation events (15 events):
Event: 0.007 Loaded shared library C:\Users\lubiku\.jdks\openjdk-20\bin\java.dll
Event: 0.015 Loaded shared library C:\Users\lubiku\.jdks\openjdk-20\bin\jsvml.dll
Event: 0.057 Loaded shared library C:\Users\lubiku\.jdks\openjdk-20\bin\zip.dll
Event: 0.060 Loaded shared library C:\Users\lubiku\.jdks\openjdk-20\bin\instrument.dll
Event: 0.064 Loaded shared library C:\Users\lubiku\.jdks\openjdk-20\bin\net.dll
Event: 0.065 Loaded shared library C:\Users\lubiku\.jdks\openjdk-20\bin\nio.dll
Event: 0.067 Loaded shared library C:\Users\lubiku\.jdks\openjdk-20\bin\zip.dll
Event: 0.078 Loaded shared library C:\Users\lubiku\AppData\Local\JetBrains\Toolbox\apps\IDEA-U\ch-0\231.8109.175\bin\breakgen64.dll
Event: 0.084 Loaded shared library C:\Users\lubiku\.jdks\openjdk-20\bin\extnet.dll
Event: 0.218 Loaded shared library C:\Users\lubiku\.jdks\openjdk-20\bin\verify.dll
Event: 0.223 Loaded shared library C:\Users\lubiku\.jdks\openjdk-20\bin\jimage.dll
Event: 0.314 Loaded shared library C:\Users\lubiku\AppData\Local\Temp\jansi-1.17.1-6193867504819634317.dll
Event: 3.148 Loaded shared library C:\Users\lubiku\.jdks\openjdk-20\bin\awt.dll
Event: 3.526 Loaded shared library C:\Users\lubiku\.jdks\openjdk-20\bin\freetype.dll
Event: 3.528 Loaded shared library C:\Users\lubiku\.jdks\openjdk-20\bin\fontmanager.dll

Deoptimization events (20 events):
Event: 2611.021 Thread 0x000001d009a37580 Uncommon trap: trap_request=0xffffff45 fr.pc=0x000001d073306a68 relative=0x0000000000000e68
Event: 2611.021 Thread 0x000001d009a37580 Uncommon trap: reason=unstable_if action=reinterpret pc=0x000001d073306a68 method=lubiku.castleQuest.Model.Parents.Monster.isWithinCameraFrame(Llubiku/castleQuest/Model/Parents/Monster;IIIII)Z @ 43 c2
Event: 2611.021 Thread 0x000001d009a37580 DEOPT PACKING pc=0x000001d073306a68 sp=0x00000002cf8feab0
Event: 2611.021 Thread 0x000001d009a37580 DEOPT UNPACKING pc=0x000001d07286d2a2 sp=0x00000002cf8fe938 mode 2
Event: 2611.038 Thread 0x000001d009a37580 Uncommon trap: trap_request=0xffffff45 fr.pc=0x000001d0732f5048 relative=0x00000000000001e8
Event: 2611.038 Thread 0x000001d009a37580 Uncommon trap: reason=unstable_if action=reinterpret pc=0x000001d0732f5048 method=lubiku.castleQuest.Model.Parents.Monster.isWithinCameraFrame(Llubiku/castleQuest/Model/Parents/Monster;IIIII)Z @ 43 c2
Event: 2611.038 Thread 0x000001d009a37580 DEOPT PACKING pc=0x000001d0732f5048 sp=0x00000002cf8fea40
Event: 2611.038 Thread 0x000001d009a37580 DEOPT UNPACKING pc=0x000001d07286d2a2 sp=0x00000002cf8fe930 mode 2
Event: 2611.130 Thread 0x000001d009a3ba90 DEOPT PACKING pc=0x000001d06be18991 sp=0x00000002cffff180
Event: 2611.130 Thread 0x000001d009a3ba90 DEOPT UNPACKING pc=0x000001d0728be462 sp=0x00000002cfffe628 mode 0
Event: 2611.180 Thread 0x000001d009a3ba90 DEOPT PACKING pc=0x000001d06be18991 sp=0x00000002cffff180
Event: 2611.180 Thread 0x000001d009a3ba90 DEOPT UNPACKING pc=0x000001d0728be462 sp=0x00000002cfffe628 mode 0
Event: 2611.247 Thread 0x000001d009a3ba90 DEOPT PACKING pc=0x000001d06be18991 sp=0x00000002cffff180
Event: 2611.247 Thread 0x000001d009a3ba90 DEOPT UNPACKING pc=0x000001d0728be462 sp=0x00000002cfffe628 mode 0
Event: 2611.297 Thread 0x000001d009a3ba90 DEOPT PACKING pc=0x000001d06be18991 sp=0x00000002cffff180
Event: 2611.297 Thread 0x000001d009a3ba90 DEOPT UNPACKING pc=0x000001d0728be462 sp=0x00000002cfffe628 mode 0
Event: 2702.030 Thread 0x000001d009a37580 Uncommon trap: trap_request=0xffffff45 fr.pc=0x000001d072fb8a58 relative=0x00000000000006b8
Event: 2702.030 Thread 0x000001d009a37580 Uncommon trap: reason=unstable_if action=reinterpret pc=0x000001d072fb8a58 method=java.security.AccessControlContext.combine([Ljava/security/ProtectionDomain;[Ljava/security/ProtectionDomain;)[Ljava/security/ProtectionDomain; @ 98 c2
Event: 2702.030 Thread 0x000001d009a37580 DEOPT PACKING pc=0x000001d072fb8a58 sp=0x00000002cf8fede0
Event: 2702.031 Thread 0x000001d009a37580 DEOPT UNPACKING pc=0x000001d07286d2a2 sp=0x00000002cf8fed80 mode 2

Classes loaded (20 events):
Event: 2461.069 Loading class sun/java2d/pipe/AATileGenerator done
Event: 2461.069 Loading class sun/java2d/marlin/MarlinTileGenerator done
Event: 2461.069 Loading class sun/java2d/marlin/Stroker
Event: 2461.070 Loading class sun/java2d/marlin/Stroker done
Event: 2461.070 Loading class sun/java2d/marlin/Dasher
Event: 2461.070 Loading class sun/java2d/marlin/Dasher done
Event: 2461.070 Loading class sun/java2d/marlin/Dasher$LengthIterator
Event: 2461.070 Loading class sun/java2d/marlin/Dasher$LengthIterator done
Event: 2461.070 Loading class sun/java2d/marlin/MergeSort
Event: 2461.070 Loading class sun/java2d/marlin/MergeSort done
Event: 2461.070 Loading class sun/java2d/marlin/MarlinUtils
Event: 2461.070 Loading class sun/java2d/marlin/MarlinUtils done
Event: 2461.070 Loading class sun/java2d/marlin/DPQSSorterContext
Event: 2461.070 Loading class sun/java2d/marlin/DPQSSorterContext done
Event: 2461.071 Loading class sun/java2d/marlin/Helpers
Event: 2461.071 Loading class sun/java2d/marlin/Helpers done
Event: 2461.071 Loading class java/lang/FdLibm$Cbrt
Event: 2461.071 Loading class java/lang/FdLibm$Cbrt done
Event: 2461.071 Loading class java/lang/FdLibm
Event: 2461.071 Loading class java/lang/FdLibm done

Classes unloaded (0 events):
No events

Classes redefined (0 events):
No events

Internal exceptions (20 events):
Event: 3.140 Thread 0x000001d009a3ba90 Exception <a 'java/lang/ClassNotFoundException'{0x000000070fc90f60}: sun/awt/resources/spi/awtProvider> (0x000000070fc90f60) 
thrown [s\open\src\hotspot\share\classfile\systemDictionary.cpp, line 305]
Event: 3.151 Thread 0x000001d009a3ba90 Exception <a 'java/io/FileNotFoundException'{0x000000070fcd2d20}> (0x000000070fcd2d20) 
thrown [s\open\src\hotspot\share\prims\jni.cpp, line 519]
Event: 3.154 Thread 0x000001d009a3ba90 Exception <a 'java/io/FileNotFoundException'{0x000000070fcfc980}> (0x000000070fcfc980) 
thrown [s\open\src\hotspot\share\prims\jni.cpp, line 519]
Event: 3.419 Thread 0x000001d009a3ba90 Exception <a 'java/lang/NoSuchMethodError'{0x000000070fb2b9e8}: 'java.lang.Object java.lang.invoke.DirectMethodHandle$Holder.invokeStatic(java.lang.Object, int, java.lang.Object)'> (0x000000070fb2b9e8) 
thrown [s\open\src\hotspot\share\interpreter\linkResolver.cpp, line 773]
Event: 3.431 Thread 0x000001d009a3ba90 Exception <a 'java/lang/ClassNotFoundException'{0x000000070fbef808}: com/sun/swing/internal/plaf/metal/resources/spi/metalProvider> (0x000000070fbef808) 
thrown [s\open\src\hotspot\share\classfile\systemDictionary.cpp, line 305]
Event: 3.432 Thread 0x000001d009a3ba90 Exception <a 'java/lang/ClassNotFoundException'{0x000000070fbf38f0}: com/sun/swing/internal/plaf/basic/resources/spi/basicProvider> (0x000000070fbf38f0) 
thrown [s\open\src\hotspot\share\classfile\systemDictionary.cpp, line 305]
Event: 3.434 Thread 0x000001d009a3ba90 Implicit null exception at 0x000001d072f8bc5d to 0x000001d072f8c1ac
Event: 3.440 Thread 0x000001d009a3ba90 Exception <a 'java/lang/NoSuchMethodError'{0x000000070f811320}: 'int java.lang.invoke.Invokers$Holder.invokeExact_MT(java.lang.Object, java.lang.Object)'> (0x000000070f811320) 
thrown [s\open\src\hotspot\share\interpreter\linkResolver.cpp, line 773]
Event: 3.504 Thread 0x000001d009a38ac0 Exception <a 'java/lang/NoSuchMethodError'{0x000000070fa0f320}: 'void java.lang.invoke.DirectMethodHandle$Holder.invokeVirtual(java.lang.Object, java.lang.Object)'> (0x000000070fa0f320) 
thrown [s\open\src\hotspot\share\interpreter\linkResolver.cpp, line 773]
Event: 3.521 Thread 0x000001d009a3ba90 Exception <a 'java/lang/NoSuchMethodError'{0x000000070f86ea98}: 'void java.lang.invoke.DirectMethodHandle$Holder.invokeStaticInit(java.lang.Object)'> (0x000000070f86ea98) 
thrown [s\open\src\hotspot\share\interpreter\linkResolver.cpp, line 773]
Event: 3.626 Thread 0x000001d009a3ba90 Exception <a 'java/lang/NoSuchMethodError'{0x0000000713359f58}: 'java.lang.Object java.lang.invoke.DirectMethodHandle$Holder.invokeSpecial(java.lang.Object, java.lang.Object, java.lang.Object, int, int)'> (0x0000000713359f58) 
thrown [s\open\src\hotspot\share\interpreter\linkResolver.cpp, line 773]
Event: 20.797 Thread 0x000001d009a37580 Implicit null exception at 0x000001d072fbeae9 to 0x000001d072fbf028
Event: 23.123 Thread 0x000001d009a37580 Implicit null exception at 0x000001d0730031eb to 0x000001d073006130
Event: 297.047 Thread 0x000001d009a37580 Implicit null exception at 0x000001d0730a4567 to 0x000001d0730a616c
Event: 297.048 Thread 0x000001d009a37580 Implicit null exception at 0x000001d07307c544 to 0x000001d07307caf0
Event: 297.057 Thread 0x000001d009a37580 Implicit null exception at 0x000001d0730a2afa to 0x000001d0730a2b9e
Event: 297.789 Thread 0x000001d009a37580 Implicit null exception at 0x000001d07313e97b to 0x000001d07313f254
Event: 1205.432 Thread 0x000001d009a37580 Implicit null exception at 0x000001d07324da19 to 0x000001d073257c1c
Event: 2102.558 Thread 0x000001d009a37580 Implicit null exception at 0x000001d0732f5f41 to 0x000001d0732f68ec
Event: 2703.257 Thread 0x000001d009a37580 Implicit null exception at 0x000001d06be1d34a to 0x0000000000000000

VM Operations (20 events):
Event: 2695.849 Executing VM operation: G1CollectForAllocation
Event: 2695.850 Executing VM operation: G1CollectForAllocation done
Event: 2696.617 Executing VM operation: G1CollectForAllocation
Event: 2696.618 Executing VM operation: G1CollectForAllocation done
Event: 2697.384 Executing VM operation: G1CollectForAllocation
Event: 2697.386 Executing VM operation: G1CollectForAllocation done
Event: 2698.152 Executing VM operation: G1CollectForAllocation
Event: 2698.153 Executing VM operation: G1CollectForAllocation done
Event: 2698.919 Executing VM operation: G1CollectForAllocation
Event: 2698.920 Executing VM operation: G1CollectForAllocation done
Event: 2699.686 Executing VM operation: G1CollectForAllocation
Event: 2699.687 Executing VM operation: G1CollectForAllocation done
Event: 2700.464 Executing VM operation: G1CollectForAllocation
Event: 2700.464 Executing VM operation: G1CollectForAllocation done
Event: 2701.233 Executing VM operation: G1CollectForAllocation
Event: 2701.234 Executing VM operation: G1CollectForAllocation done
Event: 2701.999 Executing VM operation: G1CollectForAllocation
Event: 2702.000 Executing VM operation: G1CollectForAllocation done
Event: 2702.767 Executing VM operation: G1CollectForAllocation
Event: 2702.767 Executing VM operation: G1CollectForAllocation done

Events (20 events):
Event: 3.627 Thread 0x000001d009a3ba90 Thread exited: 0x000001d009a3ba90
Event: 3.646 Thread 0x000001d009a3aff0 Thread added: 0x000001d009a3aff0
Event: 22.684 Thread 0x000001d009142690 Thread added: 0x000001d009142690
Event: 22.805 Thread 0x000001d009142690 Thread exited: 0x000001d009142690
Event: 22.837 Thread 0x000001d009142690 Thread added: 0x000001d009142690
Event: 23.113 Thread 0x000001d009a3ba90 Thread added: 0x000001d009a3ba90
Event: 23.382 Thread 0x000001d009142690 Thread exited: 0x000001d009142690
Event: 63.007 Thread 0x000001d009a3aaa0 Thread exited: 0x000001d009a3aaa0
Event: 123.018 Thread 0x000001d009a39560 Thread exited: 0x000001d009a39560
Event: 297.069 Thread 0x000001d0085fe6f0 Thread added: 0x000001d0085fe6f0
Event: 297.080 Thread 0x000001d0085f8e80 Thread added: 0x000001d0085f8e80
Event: 297.280 Thread 0x000001d0085f8e80 Thread exited: 0x000001d0085f8e80
Event: 297.297 Thread 0x000001d0085fe6f0 Thread exited: 0x000001d0085fe6f0
Event: 770.899 Thread 0x000001d009b2b300 Thread added: 0x000001d009b2b300
Event: 770.902 Thread 0x000001d008ccc700 Thread added: 0x000001d008ccc700
Event: 770.957 Thread 0x000001d009a39560 Thread added: 0x000001d009a39560
Event: 771.299 Thread 0x000001d008ccc700 Thread exited: 0x000001d008ccc700
Event: 771.564 Thread 0x000001d009b2b300 Thread exited: 0x000001d009b2b300
Event: 772.965 Thread 0x000001d011b03840 Thread added: 0x000001d011b03840
Event: 773.080 Thread 0x000001d011b03840 Thread exited: 0x000001d011b03840


Dynamic libraries:
0x00007ff6ea7c0000 - 0x00007ff6ea7ce000 	C:\Users\lubiku\.jdks\openjdk-20\bin\java.exe
0x00007ffbe68f0000 - 0x00007ffbe6ae8000 	C:\Windows\SYSTEM32\ntdll.dll
0x00007ffbe5810000 - 0x00007ffbe58cf000 	C:\Windows\System32\KERNEL32.DLL
0x00007ffbe3fd0000 - 0x00007ffbe42c6000 	C:\Windows\System32\KERNELBASE.dll
0x00007ffbe4440000 - 0x00007ffbe4540000 	C:\Windows\System32\ucrtbase.dll
0x00007ffbdd520000 - 0x00007ffbdd537000 	C:\Users\lubiku\.jdks\openjdk-20\bin\jli.dll
0x00007ffbdd420000 - 0x00007ffbdd43b000 	C:\Users\lubiku\.jdks\openjdk-20\bin\VCRUNTIME140.dll
0x00007ffbe51b0000 - 0x00007ffbe534d000 	C:\Windows\System32\USER32.dll
0x00007ffbd14d0000 - 0x00007ffbd176a000 	C:\Windows\WinSxS\amd64_microsoft.windows.common-controls_6595b64144ccf1df_6.0.19041.1110_none_60b5254171f9507e\COMCTL32.dll
0x00007ffbe4540000 - 0x00007ffbe4562000 	C:\Windows\System32\win32u.dll
0x00007ffbe5500000 - 0x00007ffbe559e000 	C:\Windows\System32\msvcrt.dll
0x00007ffbe5f90000 - 0x00007ffbe5fbc000 	C:\Windows\System32\GDI32.dll
0x00007ffbe4610000 - 0x00007ffbe4725000 	C:\Windows\System32\gdi32full.dll
0x00007ffbe4570000 - 0x00007ffbe460d000 	C:\Windows\System32\msvcp_win.dll
0x00007ffbe4e70000 - 0x00007ffbe4ea0000 	C:\Windows\System32\IMM32.DLL
0x00007ffbdd730000 - 0x00007ffbdd73c000 	C:\Users\lubiku\.jdks\openjdk-20\bin\vcruntime140_1.dll
0x00007ffbc3f10000 - 0x00007ffbc3f9e000 	C:\Users\lubiku\.jdks\openjdk-20\bin\msvcp140.dll
0x00007ffb75160000 - 0x00007ffb75df7000 	C:\Users\lubiku\.jdks\openjdk-20\bin\server\jvm.dll
0x00007ffbe5100000 - 0x00007ffbe51af000 	C:\Windows\System32\ADVAPI32.dll
0x00007ffbe5060000 - 0x00007ffbe50fc000 	C:\Windows\System32\sechost.dll
0x00007ffbe59f0000 - 0x00007ffbe5b16000 	C:\Windows\System32\RPCRT4.dll
0x00007ffbb9250000 - 0x00007ffbb9259000 	C:\Windows\SYSTEM32\WSOCK32.dll
0x00007ffbdd840000 - 0x00007ffbdd84a000 	C:\Windows\SYSTEM32\VERSION.dll
0x00007ffbd1920000 - 0x00007ffbd1947000 	C:\Windows\SYSTEM32\WINMM.dll
0x00007ffbe4ff0000 - 0x00007ffbe505b000 	C:\Windows\System32\WS2_32.dll
0x00007ffbe27e0000 - 0x00007ffbe27f2000 	C:\Windows\SYSTEM32\kernel.appcore.dll
0x00007ffbdd660000 - 0x00007ffbdd66a000 	C:\Users\lubiku\.jdks\openjdk-20\bin\jimage.dll
0x00007ffbe24e0000 - 0x00007ffbe26c4000 	C:\Windows\SYSTEM32\DBGHELP.DLL
0x00007ffbc6be0000 - 0x00007ffbc6c14000 	C:\Windows\SYSTEM32\dbgcore.DLL
0x00007ffbe42d0000 - 0x00007ffbe4352000 	C:\Windows\System32\bcryptPrimitives.dll
0x00007ffbcb690000 - 0x00007ffbcb69e000 	C:\Users\lubiku\.jdks\openjdk-20\bin\instrument.dll
0x00007ffbcb710000 - 0x00007ffbcb736000 	C:\Users\lubiku\.jdks\openjdk-20\bin\java.dll
0x00007ffbb36e0000 - 0x00007ffbb37b7000 	C:\Users\lubiku\.jdks\openjdk-20\bin\jsvml.dll
0x00007ffbe6070000 - 0x00007ffbe67b4000 	C:\Windows\System32\SHELL32.dll
0x00007ffbe1c80000 - 0x00007ffbe2413000 	C:\Windows\SYSTEM32\windows.storage.dll
0x00007ffbe4a80000 - 0x00007ffbe4dd4000 	C:\Windows\System32\combase.dll
0x00007ffbe3950000 - 0x00007ffbe397e000 	C:\Windows\SYSTEM32\Wldp.dll
0x00007ffbe5fc0000 - 0x00007ffbe606d000 	C:\Windows\System32\SHCORE.dll
0x00007ffbe4ea0000 - 0x00007ffbe4ef5000 	C:\Windows\System32\shlwapi.dll
0x00007ffbe3f10000 - 0x00007ffbe3f2f000 	C:\Windows\SYSTEM32\profapi.dll
0x00007ffbcb6d0000 - 0x00007ffbcb6e8000 	C:\Users\lubiku\.jdks\openjdk-20\bin\zip.dll
0x00007ffbdaf50000 - 0x00007ffbdaf63000 	C:\Users\lubiku\.jdks\openjdk-20\bin\net.dll
0x00007ffbdc1f0000 - 0x00007ffbdc2fa000 	C:\Windows\SYSTEM32\WINHTTP.dll
0x00007ffbe3730000 - 0x00007ffbe379a000 	C:\Windows\system32\mswsock.dll
0x00007ffbdac70000 - 0x00007ffbdac86000 	C:\Users\lubiku\.jdks\openjdk-20\bin\nio.dll
0x00007ffbb4d30000 - 0x00007ffbb4d4a000 	C:\Users\lubiku\AppData\Local\JetBrains\Toolbox\apps\IDEA-U\ch-0\231.8109.175\bin\breakgen64.dll
0x00007ffbdd470000 - 0x00007ffbdd477000 	C:\Users\lubiku\.jdks\openjdk-20\bin\extnet.dll
0x00007ffbd2780000 - 0x00007ffbd2790000 	C:\Users\lubiku\.jdks\openjdk-20\bin\verify.dll
0x00007ffbe3990000 - 0x00007ffbe39a8000 	C:\Windows\SYSTEM32\CRYPTSP.dll
0x00007ffbe3000000 - 0x00007ffbe3034000 	C:\Windows\system32\rsaenh.dll
0x00007ffbe4360000 - 0x00007ffbe4387000 	C:\Windows\System32\bcrypt.dll
0x00007ffbe3ed0000 - 0x00007ffbe3efe000 	C:\Windows\SYSTEM32\USERENV.dll
0x00007ffbe38c0000 - 0x00007ffbe38cc000 	C:\Windows\SYSTEM32\CRYPTBASE.dll
0x00007ffbe33f0000 - 0x00007ffbe342c000 	C:\Windows\SYSTEM32\IPHLPAPI.DLL
0x00007ffbe58d0000 - 0x00007ffbe58d8000 	C:\Windows\System32\NSI.dll
0x00007ffbdb900000 - 0x00007ffbdb917000 	C:\Windows\SYSTEM32\dhcpcsvc6.DLL
0x00007ffbdb3a0000 - 0x00007ffbdb3bd000 	C:\Windows\SYSTEM32\dhcpcsvc.DLL
0x00007ffbe3440000 - 0x00007ffbe350b000 	C:\Windows\SYSTEM32\DNSAPI.dll
0x00007ffbc8ba0000 - 0x00007ffbc8baa000 	C:\Users\lubiku\AppData\Local\Temp\jansi-1.17.1-6193867504819634317.dll
0x00007ffb87310000 - 0x00007ffb874a0000 	C:\Users\lubiku\.jdks\openjdk-20\bin\awt.dll
0x00007ffbe67c0000 - 0x00007ffbe688d000 	C:\Windows\System32\OLEAUT32.dll
0x00007ffbe10f0000 - 0x00007ffbe1181000 	C:\Windows\SYSTEM32\apphelp.dll
0x00007ffbe15a0000 - 0x00007ffbe15cf000 	C:\Windows\system32\DWMAPI.DLL
0x00007ffbe12c0000 - 0x00007ffbe135e000 	C:\Windows\system32\uxtheme.dll
0x00007ffbc8600000 - 0x00007ffbc8725000 	C:\Windows\system32\opengl32.dll
0x00007ffbdbd80000 - 0x00007ffbdbdac000 	C:\Windows\SYSTEM32\GLU32.dll
0x00007ffbe5350000 - 0x00007ffbe5464000 	C:\Windows\System32\MSCTF.dll
0x00007ffbe4950000 - 0x00007ffbe4a7a000 	C:\Windows\System32\ole32.dll
0x00007ffbe4730000 - 0x00007ffbe477e000 	C:\Windows\System32\cfgmgr32.dll
0x00007ffbe3bc0000 - 0x00007ffbe3bd2000 	C:\Windows\SYSTEM32\msasn1.dll
0x00007ffbdb280000 - 0x00007ffbdb2b1000 	C:\Windows\SYSTEM32\cryptnet.dll
0x00007ffbe4780000 - 0x00007ffbe48de000 	C:\Windows\System32\CRYPT32.dll
0x00007ffbe48e0000 - 0x00007ffbe4947000 	C:\Windows\System32\WINTRUST.DLL
0x00007ffbe6890000 - 0x00007ffbe68ad000 	C:\Windows\System32\imagehlp.dll
0x00007ffbe2800000 - 0x00007ffbe2823000 	C:\Windows\SYSTEM32\gpapi.dll
0x00007ffbd91c0000 - 0x00007ffbd91fb000 	C:\Windows\SYSTEM32\dxcore.dll
0x00007ffb92bd0000 - 0x00007ffb92c56000 	C:\Users\lubiku\.jdks\openjdk-20\bin\freetype.dll
0x00007ffb92a30000 - 0x00007ffb92af6000 	C:\Users\lubiku\.jdks\openjdk-20\bin\fontmanager.dll
0x00007ffbe58e0000 - 0x00007ffbe5989000 	C:\Windows\System32\clbcatq.dll
0x00007ffbdc800000 - 0x00007ffbdc9b4000 	C:\Windows\SYSTEM32\WindowsCodecs.dll
0x00007ffbc8a50000 - 0x00007ffbc8a8e000 	C:\Windows\system32\dataexchange.dll
0x00007ffbe0510000 - 0x00007ffbe06f3000 	C:\Windows\system32\dcomp.dll
0x00007ffbe02a0000 - 0x00007ffbe0503000 	C:\Windows\system32\d3d11.dll
0x00007ffbe2850000 - 0x00007ffbe2943000 	C:\Windows\system32\dxgi.dll
0x00007ffbdcb50000 - 0x00007ffbdcd50000 	C:\Windows\system32\twinapi.appcore.dll
0x00007ffbb9150000 - 0x00007ffbb924a000 	C:\Windows\SYSTEM32\textinputframework.dll
0x00007ffbe0de0000 - 0x00007ffbe0ed2000 	C:\Windows\System32\CoreMessaging.dll
0x00007ffbe0a80000 - 0x00007ffbe0dde000 	C:\Windows\System32\CoreUIComponents.dll
0x00007ffbe3120000 - 0x00007ffbe3153000 	C:\Windows\SYSTEM32\ntmarta.dll
0x00007ffbdf720000 - 0x00007ffbdf874000 	C:\Windows\SYSTEM32\wintypes.dll

dbghelp: loaded successfully - version: 4.0.5 - missing functions: none
symbol engine: initialized successfully - sym options: 0x614 - pdb path: .;C:\Users\lubiku\.jdks\openjdk-20\bin;C:\Windows\SYSTEM32;C:\Windows\WinSxS\amd64_microsoft.windows.common-controls_6595b64144ccf1df_6.0.19041.1110_none_60b5254171f9507e;C:\Users\lubiku\.jdks\openjdk-20\bin\server;C:\Users\lubiku\AppData\Local\JetBrains\Toolbox\apps\IDEA-U\ch-0\231.8109.175\bin;C:\Users\lubiku\AppData\Local\Temp;C:\Windows\System32\DriverStore\FileRepository\iigd_dch.inf_amd64_e31d62740aef2af9;C:\Windows\System32\DriverStore\FileRepository\nvacegpu.inf_amd64_e34030d00c20947b

VM Arguments:
jvm_args: -Dmaven.multiModuleProjectDirectory=C:\main_root\gitlab\motoslub\semester_work -Djansi.passthrough=true -Dmaven.home=C:\Users\lubiku\AppData\Local\JetBrains\Toolbox\apps\IDEA-U\ch-0\231.8109.175\plugins\maven\lib\maven3 -Dclassworlds.conf=C:\Users\lubiku\AppData\Local\JetBrains\Toolbox\apps\IDEA-U\ch-0\231.8109.175\plugins\maven\lib\maven3\bin\m2.conf -Dmaven.ext.class.path=C:\Users\lubiku\AppData\Local\JetBrains\Toolbox\apps\IDEA-U\ch-0\231.8109.175\plugins\maven\lib\maven-event-listener.jar -javaagent:C:\Users\lubiku\AppData\Local\JetBrains\Toolbox\apps\IDEA-U\ch-0\231.8109.175\lib\idea_rt.jar=18598:C:\Users\lubiku\AppData\Local\JetBrains\Toolbox\apps\IDEA-U\ch-0\231.8109.175\bin -Dfile.encoding=UTF-8 -Dsun.stdout.encoding=UTF-8 -Dsun.stderr.encoding=UTF-8 
java_command: org.codehaus.classworlds.Launcher -Didea.version=2023.1 exec:java -Dexec.mainClass=lubiku.castleQuest.Main
java_class_path (initial): C:\Users\lubiku\AppData\Local\JetBrains\Toolbox\apps\IDEA-U\ch-0\231.8109.175\plugins\maven\lib\maven3\boot\plexus-classworlds-2.6.0.jar;C:\Users\lubiku\AppData\Local\JetBrains\Toolbox\apps\IDEA-U\ch-0\231.8109.175\plugins\maven\lib\maven3\boot\plexus-classworlds.license
Launcher Type: SUN_STANDARD

[Global flags]
     intx CICompilerCount                          = 4                                         {product} {ergonomic}
     uint ConcGCThreads                            = 3                                         {product} {ergonomic}
     uint G1ConcRefinementThreads                  = 10                                        {product} {ergonomic}
   size_t G1HeapRegionSize                         = 2097152                                   {product} {ergonomic}
    uintx GCDrainStackTargetSize                   = 64                                        {product} {ergonomic}
   size_t InitialHeapSize                          = 266338304                                 {product} {ergonomic}
   size_t MarkStackSize                            = 4194304                                   {product} {ergonomic}
   size_t MaxHeapSize                              = 4238344192                                {product} {ergonomic}
   size_t MaxNewSize                               = 2541748224                                {product} {ergonomic}
   size_t MinHeapDeltaBytes                        = 2097152                                   {product} {ergonomic}
   size_t MinHeapSize                              = 8388608                                   {product} {ergonomic}
    uintx NonNMethodCodeHeapSize                   = 5839372                                {pd product} {ergonomic}
    uintx NonProfiledCodeHeapSize                  = 122909434                              {pd product} {ergonomic}
    uintx ProfiledCodeHeapSize                     = 122909434                              {pd product} {ergonomic}
    uintx ReservedCodeCacheSize                    = 251658240                              {pd product} {ergonomic}
     bool SegmentedCodeCache                       = true                                      {product} {ergonomic}
   size_t SoftMaxHeapSize                          = 4238344192                             {manageable} {ergonomic}
     bool UseCompressedClassPointers               = true                           {product lp64_product} {ergonomic}
     bool UseCompressedOops                        = true                           {product lp64_product} {ergonomic}
     bool UseG1GC                                  = true                                      {product} {ergonomic}
     bool UseLargePagesIndividualAllocation        = false                                  {pd product} {ergonomic}

Logging:
Log output configuration:
 #0: stdout all=warning uptime,level,tags foldmultilines=false
 #1: stderr all=off uptime,level,tags foldmultilines=false

Environment Variables:
JAVA_HOME=C:\Program Files\Java\jdk-20.0.1\bin
PATH=C:\Program Files (x86)\Common Files\Oracle\Java\javapath;C:\Windows\system32;C:\Windows;C:\Windows\System32\Wbem;C:\Windows\System32\WindowsPowerShell\v1.0\;C:\Windows\System32\OpenSSH\;C:\Program Files\Git\cmd;C:\Users\lubiku\AppData\Local\Programs\Python\Python311;C:\Users\lubiku\AppData\Local\Programs\Python\Python311\Scripts;C:\Program Files\Docker\Docker\resources\bin;C:\Program Files\Java\jdk-20.0.1\bin;C:\Program Files\Java\javafx-sdk-20\bin;C:\Users\lubiku\AppData\Local\Microsoft\WindowsApps;C:\Users\lubiku\AppData\Local\JetBrains\Toolbox\scripts;C:\Users\lubiku\AppData\Local\Programs\Microsoft VS Code\bin;C:\Program Files (x86)\Nmap;C:\Users\lubiku\AppData\Local\GitHubDesktop\bin
USERNAME=lubiku
OS=Windows_NT
PROCESSOR_IDENTIFIER=Intel64 Family 6 Model 141 Stepping 1, GenuineIntel
TMP=C:\Users\lubiku\AppData\Local\Temp
TEMP=C:\Users\lubiku\AppData\Local\Temp




---------------  S Y S T E M  ---------------

OS:
 Windows 10 , 64 bit Build 19041 (10.0.19041.2913)
OS uptime: 8 days 11:32 hours
Hyper-V role detected

CPU: total 12 (initial active 12) (6 cores per cpu, 2 threads per core) family 6 model 141 stepping 1 microcode 0x3c, cx8, cmov, fxsr, ht, mmx, 3dnowpref, sse, sse2, sse3, ssse3, sse4.1, sse4.2, popcnt, lzcnt, tsc, tscinvbit, avx, avx2, aes, erms, clmul, bmi1, bmi2, adx, avx512f, avx512dq, avx512cd, avx512bw, avx512vl, sha, fma, vzeroupper, avx512_vpopcntdq, avx512_vpclmulqdq, avx512_vaes, avx512_vnni, clflush, clflushopt, clwb, avx512_vbmi2, avx512_vbmi, hv, rdtscp, rdpid, fsrm, gfni, avx512_bitalg, f16c, cet_ibt, cet_ss, avx512_ifma

Memory: 4k page, system-wide physical 16163M (2459M free)
TotalPageFile size 38319M (AvailPageFile size 5215M)
current process WorkingSet (physical memory assigned to process): 256M, peak: 336M
current process commit charge ("private bytes"): 236M, peak: 415M

vm_info: OpenJDK 64-Bit Server VM (20+36-2344) for windows-amd64 JRE (20+36-2344), built on 2023-02-10T19:30:15Z by "mach5one" with MS VC++ 17.1 (VS2022)

END.
