#
# A fatal error has been detected by the Java Runtime Environment:
#
#  EXCEPTION_ACCESS_VIOLATION (0xc0000005) at pc=0x0000016f8759a4d7, pid=21016, tid=7820
#
# JRE version: OpenJDK Runtime Environment (20.0+36) (build 20+36-2344)
# Java VM: OpenJDK 64-Bit Server VM (20+36-2344, mixed mode, sharing, tiered, compressed oops, compressed class ptrs, g1 gc, windows-amd64)
# Problematic frame:
# v  ~BufferBlob::I2C/C2I adapters 0x0000016f8759a4d7
#
# No core dump will be written. Minidumps are not enabled by default on client versions of Windows
#
# If you would like to submit a bug report, please visit:
#   https://bugreport.java.com/bugreport/crash.jsp
#

---------------  S U M M A R Y ------------

Command Line: -Dmaven.multiModuleProjectDirectory=C:\main_root\gitlab\motoslub\semester_work -Djansi.passthrough=true -Dmaven.home=C:\Users\lubiku\AppData\Local\JetBrains\Toolbox\apps\IDEA-U\ch-0\231.8109.175\plugins\maven\lib\maven3 -Dclassworlds.conf=C:\Users\lubiku\AppData\Local\JetBrains\Toolbox\apps\IDEA-U\ch-0\231.8109.175\plugins\maven\lib\maven3\bin\m2.conf -Dmaven.ext.class.path=C:\Users\lubiku\AppData\Local\JetBrains\Toolbox\apps\IDEA-U\ch-0\231.8109.175\plugins\maven\lib\maven-event-listener.jar -javaagent:C:\Users\lubiku\AppData\Local\JetBrains\Toolbox\apps\IDEA-U\ch-0\231.8109.175\lib\idea_rt.jar=2461:C:\Users\lubiku\AppData\Local\JetBrains\Toolbox\apps\IDEA-U\ch-0\231.8109.175\bin -Dfile.encoding=UTF-8 -Dsun.stdout.encoding=UTF-8 -Dsun.stderr.encoding=UTF-8 org.codehaus.classworlds.Launcher -Didea.version=2023.1 exec:java -Dexec.mainClass=lubiku.castleQuest.Main

Host: 11th Gen Intel(R) Core(TM) i5-11400H @ 2.70GHz, 12 cores, 15G,  Windows 10 , 64 bit Build 19041 (10.0.19041.2913)
Time: Fri May 26 07:54:06 2023 Pacific Daylight Time elapsed time: 8797.594857 seconds (0d 2h 26m 37s)

---------------  T H R E A D  ---------------

Current thread (0x0000016f970a37c0):  JavaThread "Thread-1" [_thread_in_Java, id=7820, stack(0x00000039ab500000,0x00000039ab600000)]

Stack: [0x00000039ab500000,0x00000039ab600000],  sp=0x00000039ab5ff4d8,  free space=1021k
Native frames: (J=compiled Java code, j=interpreted, Vv=VM code, C=native code)
C  0x0000016f8759a4d7


siginfo: EXCEPTION_ACCESS_VIOLATION (0xc0000005), reading address 0x0000006f92328330


Registers:
RAX=0x00000000000003e7, RBX=0x0000006f92328308, RCX=0x0000000000000001, RDX=0x00000007049cf1c0
RSP=0x00000039ab5ff4d8, RBP=0x00000007049cf1c0, RSI=0x000000000000092c, RDI=0x0000000000000009
R8 =0x00000000000003e7, R9 =0x000000070414f6c8, R10=0x00000000e07340ba, R11=0x0000000000000009
R12=0x0000000000000000, R13=0x000000000000090c, R14=0x0000000000000390, R15=0x0000016f970a37c0
RIP=0x0000016f8759a4d7, EFLAGS=0x0000000000010213


Register to memory mapping:

RIP=0x0000016f8759a4d7 is at code_begin+87 in 
[CodeBlob (0x0000016f8759a410)]
Framesize: 0
BufferBlob (0x0000016f8759a410) used for I2C/C2I adapters
RAX=0x00000000000003e7 is an unknown value
RBX=0x0000006f92328308 is an unknown value
RCX=0x0000000000000001 is an unknown value
RDX=0x00000007049cf1c0 is an oop: lubiku.castleQuest.Model.Hero 
{0x00000007049cf1c0} - klass: 'lubiku/castleQuest/Model/Hero'
 - ---- fields (total size 22 words):
 - private 'ENTITY_X_POSITION' 'I' @12  1769 (0x000006e9)
 - private 'ENTITY_Y_POSITION' 'I' @16  2304 (0x00000900)
 - private 'ENTITY_SPEED' 'I' @20  4 (0x00000004)
 - private 'maximumHealth' 'I' @24  6 (0x00000006)
 - private 'health' 'I' @28  4 (0x00000004)
 - private 'solidAreaDefaultX' 'I' @32  7 (0x00000007)
 - private 'solidAreaDefaultY' 'I' @36  12 (0x0000000c)
 - private 'invisibilityCounter' 'I' @40  0 (0x00000000)
 - private 'tempScreenX' 'I' @44  360 (0x00000168)
 - private 'tempScreenY' 'I' @48  264 (0x00000108)
 - private 'dyingCounter' 'I' @52  0 (0x00000000)
 - private 'spriteFrameCounter' 'I' @56  1789 (0x000006fd)
 - private 'spriteNumber' 'I' @60  2 (0x00000002)
 - private 'isMonster' 'Z' @64  false (0x00)
 - private 'isCollision' 'Z' @65  false (0x00)
 - private 'isInvisible' 'Z' @66  false (0x00)
 - private 'isAttacking' 'Z' @67  false (0x00)
 - private 'isAlive' 'Z' @68  true (0x01)
 - private 'isDying' 'Z' @69  false (0x00)
 - private 'direction' 'Ljava/lang/String;' @72  "right"{0x000000070414f7e0} (0xe0829efc)
 - private 'name' 'Ljava/lang/String;' @76  "newname1"{0x00000007049bd028} (0xe0937a05)
 - private 'solidArea' 'Ljava/awt/Rectangle;' @80  a 'java/awt/Rectangle'{0x000000070f0002a0} (0xe1e00054)
 - private 'attackArea' 'Ljava/awt/Rectangle;' @84  a 'java/awt/Rectangle'{0x00000007049cf270} (0xe0939e4e)
 - private 'imageUp1' 'Ljava/awt/image/BufferedImage;' @88  a 'java/awt/image/BufferedImage'{0x00000007039a53b0} (0xe0734a76)
 - private 'imageUp2' 'Ljava/awt/image/BufferedImage;' @92  a 'java/awt/image/BufferedImage'{0x00000007039ae460} (0xe0735c8c)
 - private 'imageDown1' 'Ljava/awt/image/BufferedImage;' @96  a 'java/awt/image/BufferedImage'{0x00000007039b57a8} (0xe0736af5)
 - private 'imageDown2' 'Ljava/awt/image/BufferedImage;' @100  a 'java/awt/image/BufferedImage'{0x00000007039c4c60} (0xe073898c)
 - private 'imageLeft1' 'Ljava/awt/image/BufferedImage;' @104  a 'java/awt/image/BufferedImage'{0x00000007039ae710} (0xe0735ce2)
 - private 'imageLeft2' 'Ljava/awt/image/BufferedImage;' @108  a 'java/awt/image/BufferedImage'{0x00000007039c0e18} (0xe07381c3)
 - private 'imageRight1' 'Ljava/awt/image/BufferedImage;' @112  a 'java/awt/image/BufferedImage'{0x00000007039ae9c0} (0xe0735d38)
 - private 'imageRight2' 'Ljava/awt/image/BufferedImage;' @116  a 'java/awt/image/BufferedImage'{0x0000000703993030} (0xe0732606)
 - private 'imageAttackUp1' 'Ljava/awt/image/BufferedImage;' @120  a 'java/awt/image/BufferedImage'{0x00000007039b63a0} (0xe0736c74)
 - private 'imageAttackDown1' 'Ljava/awt/image/BufferedImage;' @124  a 'java/awt/image/BufferedImage'{0x00000007039b60f0} (0xe0736c1e)
 - private 'imageAttackLeft1' 'Ljava/awt/image/BufferedImage;' @128  a 'java/awt/image/BufferedImage'{0x00000007039935b0} (0xe07326b6)
 - private 'imageAttackRight1' 'Ljava/awt/image/BufferedImage;' @132  a 'java/awt/image/BufferedImage'{0x00000007039932f0} (0xe073265e)
 - private 'currentImage' 'Ljava/awt/image/BufferedImage;' @136  a 'java/awt/image/BufferedImage'{0x00000007039c0e18} (0xe07381c3)
 - private 'dialogues' '[Ljava/lang/String;' @140  a 'java/lang/String'[3] {0x00000007049fa468} (0xe093f48d)
 - private 'GAME_PANEL' 'Llubiku/castleQuest/View/GamePanel;' @144  a 'lubiku/castleQuest/View/GamePanel'{0x0000000704989690} (0xe09312d2)
 - private 'hasMap' 'Z' @70  true (0x01)
 - private 'hasEnchantedSword' 'Z' @71  true (0x01)
 - private 'hasKey' 'I' @148  0 (0x00000000)
 - private 'enchantedSwordMessageStartTime' 'J' @152  1685112513581 (0x000001885888642d)
 - private 'hasSpecialKey' 'I' @160  0 (0x00000000)
 - private 'showEnchantedSwordMessage' 'Z' @164  false (0x00)
 - private 'HERO_MANAGER' 'Llubiku/castleQuest/Controller/Managers/HeroManager;' @168  a 'lubiku/castleQuest/Controller/Managers/HeroManager'{0x00000007049fa488} (0xe093f491)
RSP=0x00000039ab5ff4d8 is pointing into the stack for thread: 0x0000016f970a37c0
RBP=0x00000007049cf1c0 is an oop: lubiku.castleQuest.Model.Hero 
{0x00000007049cf1c0} - klass: 'lubiku/castleQuest/Model/Hero'
 - ---- fields (total size 22 words):
 - private 'ENTITY_X_POSITION' 'I' @12  1769 (0x000006e9)
 - private 'ENTITY_Y_POSITION' 'I' @16  2304 (0x00000900)
 - private 'ENTITY_SPEED' 'I' @20  4 (0x00000004)
 - private 'maximumHealth' 'I' @24  6 (0x00000006)
 - private 'health' 'I' @28  4 (0x00000004)
 - private 'solidAreaDefaultX' 'I' @32  7 (0x00000007)
 - private 'solidAreaDefaultY' 'I' @36  12 (0x0000000c)
 - private 'invisibilityCounter' 'I' @40  0 (0x00000000)
 - private 'tempScreenX' 'I' @44  360 (0x00000168)
 - private 'tempScreenY' 'I' @48  264 (0x00000108)
 - private 'dyingCounter' 'I' @52  0 (0x00000000)
 - private 'spriteFrameCounter' 'I' @56  1789 (0x000006fd)
 - private 'spriteNumber' 'I' @60  2 (0x00000002)
 - private 'isMonster' 'Z' @64  false (0x00)
 - private 'isCollision' 'Z' @65  false (0x00)
 - private 'isInvisible' 'Z' @66  false (0x00)
 - private 'isAttacking' 'Z' @67  false (0x00)
 - private 'isAlive' 'Z' @68  true (0x01)
 - private 'isDying' 'Z' @69  false (0x00)
 - private 'direction' 'Ljava/lang/String;' @72  "right"{0x000000070414f7e0} (0xe0829efc)
 - private 'name' 'Ljava/lang/String;' @76  "newname1"{0x00000007049bd028} (0xe0937a05)
 - private 'solidArea' 'Ljava/awt/Rectangle;' @80  a 'java/awt/Rectangle'{0x000000070f0002a0} (0xe1e00054)
 - private 'attackArea' 'Ljava/awt/Rectangle;' @84  a 'java/awt/Rectangle'{0x00000007049cf270} (0xe0939e4e)
 - private 'imageUp1' 'Ljava/awt/image/BufferedImage;' @88  a 'java/awt/image/BufferedImage'{0x00000007039a53b0} (0xe0734a76)
 - private 'imageUp2' 'Ljava/awt/image/BufferedImage;' @92  a 'java/awt/image/BufferedImage'{0x00000007039ae460} (0xe0735c8c)
 - private 'imageDown1' 'Ljava/awt/image/BufferedImage;' @96  a 'java/awt/image/BufferedImage'{0x00000007039b57a8} (0xe0736af5)
 - private 'imageDown2' 'Ljava/awt/image/BufferedImage;' @100  a 'java/awt/image/BufferedImage'{0x00000007039c4c60} (0xe073898c)
 - private 'imageLeft1' 'Ljava/awt/image/BufferedImage;' @104  a 'java/awt/image/BufferedImage'{0x00000007039ae710} (0xe0735ce2)
 - private 'imageLeft2' 'Ljava/awt/image/BufferedImage;' @108  a 'java/awt/image/BufferedImage'{0x00000007039c0e18} (0xe07381c3)
 - private 'imageRight1' 'Ljava/awt/image/BufferedImage;' @112  a 'java/awt/image/BufferedImage'{0x00000007039ae9c0} (0xe0735d38)
 - private 'imageRight2' 'Ljava/awt/image/BufferedImage;' @116  a 'java/awt/image/BufferedImage'{0x0000000703993030} (0xe0732606)
 - private 'imageAttackUp1' 'Ljava/awt/image/BufferedImage;' @120  a 'java/awt/image/BufferedImage'{0x00000007039b63a0} (0xe0736c74)
 - private 'imageAttackDown1' 'Ljava/awt/image/BufferedImage;' @124  a 'java/awt/image/BufferedImage'{0x00000007039b60f0} (0xe0736c1e)
 - private 'imageAttackLeft1' 'Ljava/awt/image/BufferedImage;' @128  a 'java/awt/image/BufferedImage'{0x00000007039935b0} (0xe07326b6)
 - private 'imageAttackRight1' 'Ljava/awt/image/BufferedImage;' @132  a 'java/awt/image/BufferedImage'{0x00000007039932f0} (0xe073265e)
 - private 'currentImage' 'Ljava/awt/image/BufferedImage;' @136  a 'java/awt/image/BufferedImage'{0x00000007039c0e18} (0xe07381c3)
 - private 'dialogues' '[Ljava/lang/String;' @140  a 'java/lang/String'[3] {0x00000007049fa468} (0xe093f48d)
 - private 'GAME_PANEL' 'Llubiku/castleQuest/View/GamePanel;' @144  a 'lubiku/castleQuest/View/GamePanel'{0x0000000704989690} (0xe09312d2)
 - private 'hasMap' 'Z' @70  true (0x01)
 - private 'hasEnchantedSword' 'Z' @71  true (0x01)
 - private 'hasKey' 'I' @148  0 (0x00000000)
 - private 'enchantedSwordMessageStartTime' 'J' @152  1685112513581 (0x000001885888642d)
 - private 'hasSpecialKey' 'I' @160  0 (0x00000000)
 - private 'showEnchantedSwordMessage' 'Z' @164  false (0x00)
 - private 'HERO_MANAGER' 'Llubiku/castleQuest/Controller/Managers/HeroManager;' @168  a 'lubiku/castleQuest/Controller/Managers/HeroManager'{0x00000007049fa488} (0xe093f491)
RSI=0x000000000000092c is an unknown value
RDI=0x0000000000000009 is an unknown value
R8 =0x00000000000003e7 is an unknown value
R9 =0x000000070414f6c8 is an oop: [B 
{0x000000070414f6c8} - klass: {type array byte}
 - length: 4
R10=3765649594 is a compressed pointer to object: [Llubiku.castleQuest.Model.Parents.GameObject; 
{0x00000007039a05d0} - klass: 'lubiku/castleQuest/Model/Parents/GameObject'[]
 - length: 9
R11=0x0000000000000009 is an unknown value
R12=0x0 is NULL
R13=0x000000000000090c is an unknown value
R14=0x0000000000000390 is an unknown value
R15=0x0000016f970a37c0 is a thread


Top of Stack: (sp=0x00000039ab5ff4d8)
0x00000039ab5ff4d8:   0000016f88027b50 0000000000000000
0x00000039ab5ff4e8:   0000016f87f1372c 0000000703682450
0x00000039ab5ff4f8:   00007ffb7549fe2a 00000007049cf1c0
0x00000039ab5ff508:   0000000110023eed 0000000703994070
0x00000039ab5ff518:   0000000000000000 0000000703682488
0x00000039ab5ff528:   0000016f87dc2dd8 3fef7d025124f0eb
0x00000039ab5ff538:   0000000110024043 00000039ab5ff5c0
0x00000039ab5ff548:   0000000704009aa8 00000007036821f0
0x00000039ab5ff558:   0000016f8802eccc 00000007036821f0
0x00000039ab5ff568:   00000007036821f0 e09312c4040033c0
0x00000039ab5ff578:   3fef7d025124f0eb 00023d6ff4450d50
0x00000039ab5ff588:   0000000704989690 00000007036821f0
0x00000039ab5ff598:   0000016f87db8ed8 0000000000000000
0x00000039ab5ff5a8:   0000000000000203 00000007036821f0
0x00000039ab5ff5b8:   0000016f87ca609c 000005bbffe20874
0x00000039ab5ff5c8:   0000016f9250b7c8 000000070f6901d8
0x00000039ab5ff5d8:   0000016f91d12eb0 0000000704989620
0x00000039ab5ff5e8:   00000007040033c0 0000000704989690
0x00000039ab5ff5f8:   416fca0555555555 3ff0232af656bc07
0x00000039ab5ff608:   00023d6ff44b4d50 000235707b405420
0x00000039ab5ff618:   deaddeaf00000000 3fd1e43675dcdce8
0x00000039ab5ff628:   deaddeaf00000000 00000039ab5ff6a0
0x00000039ab5ff638:   0000016f8754de8a 0000000705ffb428
0x00000039ab5ff648:   00000007063af950 000000070f720b88
0x00000039ab5ff658:   00000039ab5ff658 0000016f92319381
0x00000039ab5ff668:   00000039ab5ff6b0 0000016f9231adc0
0x00000039ab5ff678:   0000000000000000 0000000704989868
0x00000039ab5ff688:   0000016f92319398 00000039ab5ff640
0x00000039ab5ff698:   00000039ab5ff6b0 00000039ab5ff700
0x00000039ab5ff6a8:   0000016f8754e2da 0000000704989690
0x00000039ab5ff6b8:   00000039ab5ff6b8 0000000800b955dd
0x00000039ab5ff6c8:   00000039ab5ff720 000000080042f3a0 

Instructions: (pc=0x0000016f8759a4d7)
0x0000016f8759a3d7:   00 00 00 00 00 00 00 00 00 00 00 00 00 00 00 00
0x0000016f8759a3e7:   00 00 00 00 00 00 00 00 00 00 00 00 00 00 00 00
0x0000016f8759a3f7:   00 00 00 00 00 00 00 00 00 0b 00 00 00 00 00 00
0x0000016f8759a407:   00 01 00 00 00 00 00 00 00 40 24 ac 75 fb 7f 00
0x0000016f8759a417:   00 80 a4 59 87 6f 01 00 00 50 a9 59 87 6f 01 00
0x0000016f8759a427:   00 80 a4 59 87 6f 01 00 00 50 a9 59 87 6f 01 00
0x0000016f8759a437:   00 70 a4 59 87 6f 01 00 00 80 a4 59 87 6f 01 00
0x0000016f8759a447:   00 00 00 00 00 00 00 00 00 b0 2b ac 75 fb 7f 00
0x0000016f8759a457:   00 40 05 00 00 60 00 00 00 ff ff ff ff 40 05 00
0x0000016f8759a467:   00 00 00 00 00 00 00 00 00 42 32 10 32 3a 32 bd
0x0000016f8759a477:   31 15 30 4e 33 8a 30 00 00 4c 8b dc 58 48 83 e4
0x0000016f8759a487:   f0 50 49 8b c3 4c 8b 5b 40 48 8b 50 10 44 8b 40
0x0000016f8759a497:   08 49 89 9f 10 03 00 00 48 8b c3 41 ff e3 8b 5a
0x0000016f8759a4a7:   08 49 ba 00 00 00 00 08 00 00 00 49 03 da 48 3b
0x0000016f8759a4b7:   58 08 48 8b 18 0f 84 05 00 00 00 e9 39 a0 ff ff
0x0000016f8759a4c7:   48 83 7b 48 00 0f 84 5c 04 00 00 e9 29 a0 ff ff
0x0000016f8759a4d7:   44 8b 53 28 41 f6 c2 08 0f 84 2c 00 00 00 4c 8b
0x0000016f8759a4e7:   53 08 4d 8b 52 08 4d 8b 52 18 41 80 ba 23 01 00
0x0000016f8759a4f7:   00 05 0f 84 12 00 00 00 4d 3b ba 30 01 00 00 0f
0x0000016f8759a507:   84 05 00 00 00 e9 ef 95 ff ff 48 83 fb 00 0f 84
0x0000016f8759a517:   11 03 00 00 4c 8b 53 08 4d 8b 52 08 4d 8b 52 18
0x0000016f8759a527:   4d 8b 92 98 00 00 00 41 83 7a 24 00 0f 8f f8 02
0x0000016f8759a537:   00 00 4d 8b 12 49 83 fa 00 0f 84 dc 02 00 00 4d
0x0000016f8759a547:   8b 12 41 80 7f 40 00 0f 84 ce 02 00 00 49 83 fa
0x0000016f8759a557:   00 0f 84 c4 02 00 00 4d 8b 5f 28 49 83 fb 00 0f
0x0000016f8759a567:   84 14 00 00 00 49 83 eb 08 4d 89 5f 28 4d 03 5f
0x0000016f8759a577:   38 4d 89 13 e9 a2 02 00 00 48 81 ec 50 01 00 00
0x0000016f8759a587:   48 89 04 24 48 89 4c 24 08 48 89 54 24 10 48 89
0x0000016f8759a597:   74 24 18 48 89 7c 24 20 4c 89 44 24 28 4c 89 4c
0x0000016f8759a5a7:   24 30 4c 89 54 24 38 4c 89 5c 24 40 c5 fb 11 44
0x0000016f8759a5b7:   24 50 c5 fb 11 4c 24 58 c5 fb 11 54 24 60 c5 fb
0x0000016f8759a5c7:   11 5c 24 68 c5 fb 11 64 24 70 c5 fb 11 6c 24 78 


Stack slot to memory mapping:
stack at sp + 0 slots: 0x0000016f88027b50 is at entry_point+3120 in (nmethod*)0x0000016f88026a90
Compiled method (c2) 8797712 5939       4       lubiku.castleQuest.Model.Hero::updateHero (305 bytes)
 total in heap  [0x0000016f88026a90,0x0000016f8802b630] = 19360
 relocation     [0x0000016f88026bd8,0x0000016f88026f08] = 816
 main code      [0x0000016f88026f20,0x0000016f880291e8] = 8904
 stub code      [0x0000016f880291e8,0x0000016f880292c0] = 216
 oops           [0x0000016f880292c0,0x0000016f880292f0] = 48
 metadata       [0x0000016f880292f0,0x0000016f880295a0] = 688
 scopes data    [0x0000016f880295a0,0x0000016f8802a470] = 3792
 scopes pcs     [0x0000016f8802a470,0x0000016f8802b000] = 2960
 dependencies   [0x0000016f8802b000,0x0000016f8802b128] = 296
 handler table  [0x0000016f8802b128,0x0000016f8802b2f0] = 456
 nul chk table  [0x0000016f8802b2f0,0x0000016f8802b630] = 832
stack at sp + 1 slots: 0x0 is NULL
stack at sp + 2 slots: 0x0000016f87f1372c is at entry_point+204 in (nmethod*)0x0000016f87f13490
Compiled method (c2) 8797712 5486       4       sun.nio.cs.StreamEncoder::writeBytes (139 bytes)
 total in heap  [0x0000016f87f13490,0x0000016f87f13d58] = 2248
 relocation     [0x0000016f87f135d8,0x0000016f87f13648] = 112
 main code      [0x0000016f87f13660,0x0000016f87f13950] = 752
 stub code      [0x0000016f87f13950,0x0000016f87f13998] = 72
 metadata       [0x0000016f87f13998,0x0000016f87f13a10] = 120
 scopes data    [0x0000016f87f13a10,0x0000016f87f13ba8] = 408
 scopes pcs     [0x0000016f87f13ba8,0x0000016f87f13cd8] = 304
 dependencies   [0x0000016f87f13cd8,0x0000016f87f13ce8] = 16
 handler table  [0x0000016f87f13ce8,0x0000016f87f13d30] = 72
 nul chk table  [0x0000016f87f13d30,0x0000016f87f13d58] = 40
stack at sp + 3 slots: 0x0000000703682450 is an oop: sun.nio.cs.StreamEncoder 
{0x0000000703682450} - klass: 'sun/nio/cs/StreamEncoder'
 - ---- fields (total size 7 words):
 - private 'writeBuffer' '[C' @12  NULL (0x00000000)
 - protected 'lock' 'Ljava/lang/Object;' @16  a 'jdk/internal/misc/InternalLock'{0x0000000703682488} (0xe06d0491)
 - private final 'maxBufferCapacity' 'I' @20  8192 (0x00002000)
 - private 'leftoverChar' 'C' @24    0 (0x0000)
 - private volatile 'closed' 'Z' @26  false (0x00)
 - private 'haveLeftoverChar' 'Z' @27  false (0x00)
 - private final 'cs' 'Ljava/nio/charset/Charset;' @28  a 'sun/nio/cs/UTF_8'{0x000000070360c0f8} (0xe06c181f)
 - private final 'encoder' 'Ljava/nio/charset/CharsetEncoder;' @32  a 'sun/nio/cs/UTF_8$Encoder'{0x00000007036824c8} (0xe06d0499)
 - private 'bb' 'Ljava/nio/ByteBuffer;' @36  a 'java/nio/HeapByteBuffer'{0x00000007049d1298} (0xe093a253)
 - private final 'out' 'Ljava/io/OutputStream;' @40  a 'java/io/PrintStream'{0x00000007036821f0} (0xe06d043e)
 - private final 'ch' 'Ljava/nio/channels/WritableByteChannel;' @44  NULL (0x00000000)
 - private 'lcb' 'Ljava/nio/CharBuffer;' @48  NULL (0x00000000)
stack at sp + 4 slots: 0x00007ffb7549fe2a jvm.dll
stack at sp + 5 slots: 0x00000007049cf1c0 is an oop: lubiku.castleQuest.Model.Hero 
{0x00000007049cf1c0} - klass: 'lubiku/castleQuest/Model/Hero'
 - ---- fields (total size 22 words):
 - private 'ENTITY_X_POSITION' 'I' @12  1769 (0x000006e9)
 - private 'ENTITY_Y_POSITION' 'I' @16  2304 (0x00000900)
 - private 'ENTITY_SPEED' 'I' @20  4 (0x00000004)
 - private 'maximumHealth' 'I' @24  6 (0x00000006)
 - private 'health' 'I' @28  4 (0x00000004)
 - private 'solidAreaDefaultX' 'I' @32  7 (0x00000007)
 - private 'solidAreaDefaultY' 'I' @36  12 (0x0000000c)
 - private 'invisibilityCounter' 'I' @40  0 (0x00000000)
 - private 'tempScreenX' 'I' @44  360 (0x00000168)
 - private 'tempScreenY' 'I' @48  264 (0x00000108)
 - private 'dyingCounter' 'I' @52  0 (0x00000000)
 - private 'spriteFrameCounter' 'I' @56  1789 (0x000006fd)
 - private 'spriteNumber' 'I' @60  2 (0x00000002)
 - private 'isMonster' 'Z' @64  false (0x00)
 - private 'isCollision' 'Z' @65  false (0x00)
 - private 'isInvisible' 'Z' @66  false (0x00)
 - private 'isAttacking' 'Z' @67  false (0x00)
 - private 'isAlive' 'Z' @68  true (0x01)
 - private 'isDying' 'Z' @69  false (0x00)
 - private 'direction' 'Ljava/lang/String;' @72  "right"{0x000000070414f7e0} (0xe0829efc)
 - private 'name' 'Ljava/lang/String;' @76  "newname1"{0x00000007049bd028} (0xe0937a05)
 - private 'solidArea' 'Ljava/awt/Rectangle;' @80  a 'java/awt/Rectangle'{0x000000070f0002a0} (0xe1e00054)
 - private 'attackArea' 'Ljava/awt/Rectangle;' @84  a 'java/awt/Rectangle'{0x00000007049cf270} (0xe0939e4e)
 - private 'imageUp1' 'Ljava/awt/image/BufferedImage;' @88  a 'java/awt/image/BufferedImage'{0x00000007039a53b0} (0xe0734a76)
 - private 'imageUp2' 'Ljava/awt/image/BufferedImage;' @92  a 'java/awt/image/BufferedImage'{0x00000007039ae460} (0xe0735c8c)
 - private 'imageDown1' 'Ljava/awt/image/BufferedImage;' @96  a 'java/awt/image/BufferedImage'{0x00000007039b57a8} (0xe0736af5)
 - private 'imageDown2' 'Ljava/awt/image/BufferedImage;' @100  a 'java/awt/image/BufferedImage'{0x00000007039c4c60} (0xe073898c)
 - private 'imageLeft1' 'Ljava/awt/image/BufferedImage;' @104  a 'java/awt/image/BufferedImage'{0x00000007039ae710} (0xe0735ce2)
 - private 'imageLeft2' 'Ljava/awt/image/BufferedImage;' @108  a 'java/awt/image/BufferedImage'{0x00000007039c0e18} (0xe07381c3)
 - private 'imageRight1' 'Ljava/awt/image/BufferedImage;' @112  a 'java/awt/image/BufferedImage'{0x00000007039ae9c0} (0xe0735d38)
 - private 'imageRight2' 'Ljava/awt/image/BufferedImage;' @116  a 'java/awt/image/BufferedImage'{0x0000000703993030} (0xe0732606)
 - private 'imageAttackUp1' 'Ljava/awt/image/BufferedImage;' @120  a 'java/awt/image/BufferedImage'{0x00000007039b63a0} (0xe0736c74)
 - private 'imageAttackDown1' 'Ljava/awt/image/BufferedImage;' @124  a 'java/awt/image/BufferedImage'{0x00000007039b60f0} (0xe0736c1e)
 - private 'imageAttackLeft1' 'Ljava/awt/image/BufferedImage;' @128  a 'java/awt/image/BufferedImage'{0x00000007039935b0} (0xe07326b6)
 - private 'imageAttackRight1' 'Ljava/awt/image/BufferedImage;' @132  a 'java/awt/image/BufferedImage'{0x00000007039932f0} (0xe073265e)
 - private 'currentImage' 'Ljava/awt/image/BufferedImage;' @136  a 'java/awt/image/BufferedImage'{0x00000007039c0e18} (0xe07381c3)
 - private 'dialogues' '[Ljava/lang/String;' @140  a 'java/lang/String'[3] {0x00000007049fa468} (0xe093f48d)
 - private 'GAME_PANEL' 'Llubiku/castleQuest/View/GamePanel;' @144  a 'lubiku/castleQuest/View/GamePanel'{0x0000000704989690} (0xe09312d2)
 - private 'hasMap' 'Z' @70  true (0x01)
 - private 'hasEnchantedSword' 'Z' @71  true (0x01)
 - private 'hasKey' 'I' @148  0 (0x00000000)
 - private 'enchantedSwordMessageStartTime' 'J' @152  1685112513581 (0x000001885888642d)
 - private 'hasSpecialKey' 'I' @160  0 (0x00000000)
 - private 'showEnchantedSwordMessage' 'Z' @164  false (0x00)
 - private 'HERO_MANAGER' 'Llubiku/castleQuest/Controller/Managers/HeroManager;' @168  a 'lubiku/castleQuest/Controller/Managers/HeroManager'{0x00000007049fa488} (0xe093f491)
stack at sp + 6 slots: 0x0000000110023eed speedhack-x86_64.dll
stack at sp + 7 slots: 0x0000000703994070 is an oop: lubiku.castleQuest.Model.NPC.NPC 
{0x0000000703994070} - klass: 'lubiku/castleQuest/Model/NPC/NPC'
 - ---- fields (total size 20 words):
 - private 'ENTITY_X_POSITION' 'I' @12  197 (0x000000c5)
 - private 'ENTITY_Y_POSITION' 'I' @16  107 (0x0000006b)
 - private 'ENTITY_SPEED' 'I' @20  1 (0x00000001)
 - private 'maximumHealth' 'I' @24  0 (0x00000000)
 - private 'health' 'I' @28  0 (0x00000000)
 - private 'solidAreaDefaultX' 'I' @32  7 (0x00000007)
 - private 'solidAreaDefaultY' 'I' @36  12 (0x0000000c)
 - private 'invisibilityCounter' 'I' @40  0 (0x00000000)
 - private 'tempScreenX' 'I' @44  0 (0x00000000)
 - private 'tempScreenY' 'I' @48  0 (0x00000000)
 - private 'dyingCounter' 'I' @52  0 (0x00000000)
 - private 'spriteFrameCounter' 'I' @56  108086 (0x0001a636)
 - private 'spriteNumber' 'I' @60  2 (0x00000002)
 - private 'isMonster' 'Z' @64  false (0x00)
 - private 'isCollision' 'Z' @65  false (0x00)
 - private 'isInvisible' 'Z' @66  false (0x00)
 - private 'isAttacking' 'Z' @67  false (0x00)
 - private 'isAlive' 'Z' @68  true (0x01)
 - private 'isDying' 'Z' @69  false (0x00)
 - private 'direction' 'Ljava/lang/String;' @72  "up"{0x000000070414f710} (0xe0829ee2)
 - private 'name' 'Ljava/lang/String;' @76  NULL (0x00000000)
 - private 'solidArea' 'Ljava/awt/Rectangle;' @80  a 'java/awt/Rectangle'{0x000000070f000140} (0xe1e00028)
 - private 'attackArea' 'Ljava/awt/Rectangle;' @84  a 'java/awt/Rectangle'{0x0000000703994110} (0xe0732822)
 - private 'imageUp1' 'Ljava/awt/image/BufferedImage;' @88  a 'java/awt/image/BufferedImage'{0x0000000703994130} (0xe0732826)
 - private 'imageUp2' 'Ljava/awt/image/BufferedImage;' @92  a 'java/awt/image/BufferedImage'{0x00000007039946f0} (0xe07328de)
 - private 'imageDown1' 'Ljava/awt/image/BufferedImage;' @96  a 'java/awt/image/BufferedImage'{0x0000000703999930} (0xe0733326)
 - private 'imageDown2' 'Ljava/awt/image/BufferedImage;' @100  a 'java/awt/image/BufferedImage'{0x0000000703999ae0} (0xe073335c)
 - private 'imageLeft1' 'Ljava/awt/image/BufferedImage;' @104  a 'java/awt/image/BufferedImage'{0x0000000703999c90} (0xe0733392)
 - private 'imageLeft2' 'Ljava/awt/image/BufferedImage;' @108  a 'java/awt/image/BufferedImage'{0x00000007039a1d78} (0xe07343af)
 - private 'imageRight1' 'Ljava/awt/image/BufferedImage;' @112  a 'java/awt/image/BufferedImage'{0x00000007039a1f28} (0xe07343e5)
 - private 'imageRight2' 'Ljava/awt/image/BufferedImage;' @116  a 'java/awt/image/BufferedImage'{0x00000007039a5190} (0xe0734a32)
 - private 'imageAttackUp1' 'Ljava/awt/image/BufferedImage;' @120  NULL (0x00000000)
 - private 'imageAttackDown1' 'Ljava/awt/image/BufferedImage;' @124  NULL (0x00000000)
 - private 'imageAttackLeft1' 'Ljava/awt/image/BufferedImage;' @128  NULL (0x00000000)
 - private 'imageAttackRight1' 'Ljava/awt/image/BufferedImage;' @132  NULL (0x00000000)
 - private 'currentImage' 'Ljava/awt/image/BufferedImage;' @136  a 'java/awt/image/BufferedImage'{0x00000007039a1f28} (0xe07343e5)
 - private 'dialogues' '[Ljava/lang/String;' @140  a 'java/lang/String'[3] {0x00000007039a5340} (0xe0734a68)
 - private 'GAME_PANEL' 'Llubiku/castleQuest/View/GamePanel;' @144  a 'lubiku/castleQuest/View/GamePanel'{0x0000000704989690} (0xe09312d2)
 - private 'actionLockCounter' 'I' @148  86 (0x00000056)
 - private 'dialogueIndex' 'I' @152  0 (0x00000000)
 - private 'NPC_MANAGER' 'Llubiku/castleQuest/Controller/Managers/NPCManager;' @156  a 'lubiku/castleQuest/Controller/Managers/NPCManager'{0x00000007049d3f18} (0xe093a7e3)

--------------------------------------------------------------------------------
Decoding CodeBlob, name: I2C/C2I adapters, at  [0x0000016f8759a480, 0x0000016f8759a950]  1232 bytes
[MachCode]
  0x0000016f8759a480: 4c8b dc58 | 4883 e4f0 | 5049 8bc3 | 4c8b 5b40 | 488b 5010 | 448b 4008 | 4989 9f10 | 0300 0048 
  0x0000016f8759a4a0: 8bc3 41ff | e38b 5a08 | 49ba 0000 | 0000 0800 | 0000 4903 | da48 3b58 | 0848 8b18 | 0f84 0500 
  0x0000016f8759a4c0: 0000 e939 | a0ff ff48 | 837b 4800 | 0f84 5c04 | 0000 e929 | a0ff ff44 | 8b53 2841 | f6c2 080f 
  0x0000016f8759a4e0: 842c 0000 | 004c 8b53 | 084d 8b52 | 084d 8b52 | 1841 80ba | 2301 0000 | 050f 8412 | 0000 004d 
  0x0000016f8759a500: 3bba 3001 | 0000 0f84 | 0500 0000 | e9ef 95ff | ff48 83fb | 000f 8411 | 0300 004c | 8b53 084d 
  0x0000016f8759a520: 8b52 084d | 8b52 184d | 8b92 9800 | 0000 4183 | 7a24 000f | 8ff8 0200 | 004d 8b12 | 4983 fa00 
  0x0000016f8759a540: 0f84 dc02 | 0000 4d8b | 1241 807f | 4000 0f84 | ce02 0000 | 4983 fa00 | 0f84 c402 | 0000 4d8b 
  0x0000016f8759a560: 5f28 4983 | fb00 0f84 | 1400 0000 | 4983 eb08 | 4d89 5f28 | 4d03 5f38 | 4d89 13e9 | a202 0000 
  0x0000016f8759a580: 4881 ec50 | 0100 0048 | 8904 2448 | 894c 2408 | 4889 5424 | 1048 8974 | 2418 4889 | 7c24 204c 
  0x0000016f8759a5a0: 8944 2428 | 4c89 4c24 | 304c 8954 | 2438 4c89 | 5c24 40c5 | fb11 4424 | 50c5 fb11 | 4c24 58c5 
  0x0000016f8759a5c0: fb11 5424 | 60c5 fb11 | 5c24 68c5 | fb11 6424 | 70c5 fb11 | 6c24 78c5 | fb11 b424 | 8000 0000 
  0x0000016f8759a5e0: c5fb 11bc | 2488 0000 | 00c5 7b11 | 8424 9000 | 0000 c57b | 118c 2498 | 0000 00c5 | 7b11 9424 
  0x0000016f8759a600: a000 0000 | c57b 119c | 24a8 0000 | 00c5 7b11 | a424 b000 | 0000 c57b | 11ac 24b8 | 0000 00c5 
  0x0000016f8759a620: 7b11 b424 | c000 0000 | c57b 11bc | 24c8 0000 | 0062 e1ff | 0811 4424 | 1a62 e1ff | 0811 4c24 
  0x0000016f8759a640: 1b62 e1ff | 0811 5424 | 1c62 e1ff | 0811 5c24 | 1d62 e1ff | 0811 6424 | 1e62 e1ff | 0811 6c24 
  0x0000016f8759a660: 1f62 e1ff | 0811 7424 | 2062 e1ff | 0811 7c24 | 2162 61ff | 0811 4424 | 2262 61ff | 0811 4c24 
  0x0000016f8759a680: 2362 61ff | 0811 5424 | 2462 61ff | 0811 5c24 | 2562 61ff | 0811 6424 | 2662 61ff | 0811 6c24 
  0x0000016f8759a6a0: 2762 61ff | 0811 7424 | 2862 61ff | 0811 7c24 | 2949 8bd7 | 498b ca48 | 83ec 2040 | f6c4 0f0f 
  0x0000016f8759a6c0: 8419 0000 | 0048 83ec | 0848 b800 | 3d48 75fb | 7f00 00ff | d048 83c4 | 08e9 0c00 | 0000 48b8 
  0x0000016f8759a6e0: 003d 4875 | fb7f 0000 | ffd0 4883 | c420 6261 | ff08 107c | 2429 6261 | ff08 1074 | 2428 6261 
  0x0000016f8759a700: ff08 106c | 2427 6261 | ff08 1064 | 2426 6261 | ff08 105c | 2425 6261 | ff08 1054 | 2424 6261 
  0x0000016f8759a720: ff08 104c | 2423 6261 | ff08 1044 | 2422 62e1 | ff08 107c | 2421 62e1 | ff08 1074 | 2420 62e1 
  0x0000016f8759a740: ff08 106c | 241f 62e1 | ff08 1064 | 241e 62e1 | ff08 105c | 241d 62e1 | ff08 1054 | 241c 62e1 
  0x0000016f8759a760: ff08 104c | 241b 62e1 | ff08 1044 | 241a c57b | 10bc 24c8 | 0000 00c5 | 7b10 b424 | c000 0000 
  0x0000016f8759a780: c57b 10ac | 24b8 0000 | 00c5 7b10 | a424 b000 | 0000 c57b | 109c 24a8 | 0000 00c5 | 7b10 9424 
  0x0000016f8759a7a0: a000 0000 | c57b 108c | 2498 0000 | 00c5 7b10 | 8424 9000 | 0000 c5fb | 10bc 2488 | 0000 00c5 
  0x0000016f8759a7c0: fb10 b424 | 8000 0000 | c5fb 106c | 2478 c5fb | 1064 2470 | c5fb 105c | 2468 c5fb | 1054 2460 
  0x0000016f8759a7e0: c5fb 104c | 2458 c5fb | 1044 2450 | 4c8b 5c24 | 404c 8b54 | 2438 4c8b | 4c24 304c | 8b44 2428 
  0x0000016f8759a800: 488b 7c24 | 2048 8b74 | 2418 488b | 5424 1048 | 8b4c 2408 | 488b 0424 | 4881 c450 | 0100 00c5 
  0x0000016f8759a820: f877 4983 | fa00 0f85 | 0500 0000 | e9cf 92ff | ff48 837b | 4800 0f84 | f200 0000 | 4c8b ec48 
  0x0000016f8759a840: 8b04 2448 | 83e4 f09c | 4883 ec08 | 4881 ec80 | 0000 0048 | 8944 2478 | 4889 4c24 | 7048 8954 
  0x0000016f8759a860: 2468 4889 | 5c24 6048 | 896c 2450 | 4889 7424 | 4848 897c | 2440 4c89 | 4424 384c | 894c 2430 
  0x0000016f8759a880: 4c89 5424 | 284c 895c | 2420 4c89 | 6424 184c | 896c 2410 | 4c89 7424 | 084c 893c | 2448 81ec 
  0x0000016f8759a8a0: 800a 0000 | 480f ae04 | 24c5 f877 | 4883 ec20 | 488b cb48 | 8bd0 48b8 | 4012 8875 | fb7f 0000 
  0x0000016f8759a8c0: ffd0 4883 | c420 c5f8 | 7748 0fae | 0c24 4881 | c480 0a00 | 004c 8b3c | 244c 8b74 | 2408 4c8b 
  0x0000016f8759a8e0: 6c24 104c | 8b64 2418 | 4c8b 5c24 | 204c 8b54 | 2428 4c8b | 4c24 304c | 8b44 2438 | 488b 7c24 
  0x0000016f8759a900: 4048 8b74 | 2448 488b | 6c24 5048 | 8b5c 2460 | 488b 5424 | 6848 8b4c | 2470 488b | 4424 7848 
  0x0000016f8759a920: 81c4 8000 | 0000 4883 | c408 9d49 | 8be5 4c8d | 6c24 0858 | 4883 ec10 | 5048 8954 | 2410 4489 
  0x0000016f8759a940: 4424 0848 | 8b4b 38ff | e1f4 f4f4 | f4f4 f4f4 
[/MachCode]
--------------------------------------------------------------------------------


---------------  P R O C E S S  ---------------

Threads class SMR info:
_java_thread_list=0x0000016fa0883e40, length=19, elements={
0x0000016ff1100cb0, 0x0000016fff873640, 0x0000016fff874440, 0x0000016fff8754c0,
0x0000016fff878f20, 0x0000016fff879860, 0x0000016fff87a1a0, 0x0000016fff87ae10,
0x0000016fffbb8090, 0x0000016fffc98b50, 0x0000016fffde8d50, 0x0000016fffde92a0,
0x0000016f960dcf10, 0x0000016f960dd460, 0x0000016f960dc9c0, 0x0000016f970a17e0,
0x0000016f970a27d0, 0x0000016f970a37c0, 0x0000016f970a07f0
}

Java Threads: ( => current thread )
  0x0000016ff1100cb0 JavaThread "main" [_thread_blocked, id=10716, stack(0x00000039a8a00000,0x00000039a8b00000)]
  0x0000016fff873640 JavaThread "Reference Handler" daemon [_thread_blocked, id=12508, stack(0x00000039a9100000,0x00000039a9200000)]
  0x0000016fff874440 JavaThread "Finalizer" daemon [_thread_blocked, id=14396, stack(0x00000039a9200000,0x00000039a9300000)]
  0x0000016fff8754c0 JavaThread "Signal Dispatcher" daemon [_thread_blocked, id=27808, stack(0x00000039a9300000,0x00000039a9400000)]
  0x0000016fff878f20 JavaThread "Attach Listener" daemon [_thread_blocked, id=4192, stack(0x00000039a9400000,0x00000039a9500000)]
  0x0000016fff879860 JavaThread "Service Thread" daemon [_thread_blocked, id=13592, stack(0x00000039a9500000,0x00000039a9600000)]
  0x0000016fff87a1a0 JavaThread "Monitor Deflation Thread" daemon [_thread_blocked, id=25908, stack(0x00000039a9600000,0x00000039a9700000)]
  0x0000016fff87ae10 JavaThread "C2 CompilerThread0" daemon [_thread_blocked, id=25360, stack(0x00000039a9700000,0x00000039a9800000)]
  0x0000016fffbb8090 JavaThread "C1 CompilerThread0" daemon [_thread_blocked, id=9612, stack(0x00000039a9800000,0x00000039a9900000)]
  0x0000016fffc98b50 JavaThread "Common-Cleaner" daemon [_thread_blocked, id=5924, stack(0x00000039a9900000,0x00000039a9a00000)]
  0x0000016fffde8d50 JavaThread "Monitor Ctrl-Break" daemon [_thread_in_native, id=21924, stack(0x00000039a9a00000,0x00000039a9b00000)]
  0x0000016fffde92a0 JavaThread "Notification Thread" daemon [_thread_blocked, id=17104, stack(0x00000039a9b00000,0x00000039a9c00000)]
  0x0000016f960dcf10 JavaThread "Java2D Disposer" daemon [_thread_blocked, id=23988, stack(0x00000039aab00000,0x00000039aac00000)]
  0x0000016f960dd460 JavaThread "AWT-Shutdown" [_thread_blocked, id=22592, stack(0x00000039aac00000,0x00000039aad00000)]
  0x0000016f960dc9c0 JavaThread "AWT-Windows" daemon [_thread_in_native, id=3388, stack(0x00000039aad00000,0x00000039aae00000)]
  0x0000016f970a17e0 JavaThread "AWT-EventQueue-0" [_thread_blocked, id=28708, stack(0x00000039a9e00000,0x00000039a9f00000)]
  0x0000016f970a27d0 JavaThread "TimerQueue" daemon [_thread_blocked, id=3940, stack(0x00000039aaa00000,0x00000039aab00000)]
=>0x0000016f970a37c0 JavaThread "Thread-1" [_thread_in_Java, id=7820, stack(0x00000039ab500000,0x00000039ab600000)]
  0x0000016f970a07f0 JavaThread "D3D Screen Updater" daemon [_thread_blocked, id=29340, stack(0x00000039aa800000,0x00000039aa900000)]

Other Threads:
  0x0000016fff855230 VMThread "VM Thread" [stack: 0x00000039a9000000,0x00000039a9100000] [id=15920]
  0x0000016fffde71a0 WatcherThread "VM Periodic Task Thread" [stack: 0x00000039a9c00000,0x00000039a9d00000] [id=21092]
  0x0000016ff116ec60 WorkerThread "GC Thread#0" [stack: 0x00000039a8b00000,0x00000039a8c00000] [id=16996]
  0x0000016f953ebd10 WorkerThread "GC Thread#1" [stack: 0x00000039a9f00000,0x00000039aa000000] [id=5116]
  0x0000016f953ebfe0 WorkerThread "GC Thread#2" [stack: 0x00000039aa000000,0x00000039aa100000] [id=15520]
  0x0000016f953ec580 WorkerThread "GC Thread#3" [stack: 0x00000039aa100000,0x00000039aa200000] [id=2444]
  0x0000016f953ed0c0 WorkerThread "GC Thread#4" [stack: 0x00000039aa200000,0x00000039aa300000] [id=12524]
  0x0000016f953ec850 WorkerThread "GC Thread#5" [stack: 0x00000039aa300000,0x00000039aa400000] [id=26128]
  0x0000016f953ec2b0 WorkerThread "GC Thread#6" [stack: 0x00000039aa400000,0x00000039aa500000] [id=26236]
  0x0000016f953eb770 WorkerThread "GC Thread#7" [stack: 0x00000039aa500000,0x00000039aa600000] [id=28996]
  0x0000016f953ecdf0 WorkerThread "GC Thread#8" [stack: 0x00000039aa600000,0x00000039aa700000] [id=4316]
  0x0000016f953ecb20 WorkerThread "GC Thread#9" [stack: 0x00000039aa700000,0x00000039aa800000] [id=22224]
  0x0000016ff117f710 ConcurrentGCThread "G1 Main Marker" [stack: 0x00000039a8c00000,0x00000039a8d00000] [id=6164]
  0x0000016ff11801f0 WorkerThread "G1 Conc#0" [stack: 0x00000039a8d00000,0x00000039a8e00000] [id=9016]
  0x0000016f968241f0 WorkerThread "G1 Conc#1" [stack: 0x00000039ab300000,0x00000039ab400000] [id=9968]
  0x0000016f96823110 WorkerThread "G1 Conc#2" [stack: 0x00000039ab400000,0x00000039ab500000] [id=23896]
  0x0000016ff11ce550 ConcurrentGCThread "G1 Refine#0" [stack: 0x00000039a8e00000,0x00000039a8f00000] [id=26104]
  0x0000016fff715f10 ConcurrentGCThread "G1 Service" [stack: 0x00000039a8f00000,0x00000039a9000000] [id=1132]

Threads with active compile tasks:

VM state: not at safepoint (normal execution)

VM Mutex/Monitor currently owned by a thread: None

Heap address: 0x0000000703600000, size: 4042 MB, Compressed Oops mode: Zero based, Oop shift amount: 3

CDS archive(s) mapped at: [0x0000000800000000-0x0000000800c60000-0x0000000800c60000), size 12976128, SharedBaseAddress: 0x0000000800000000, ArchiveRelocationMode: 0.
Compressed class space mapped at: 0x0000000801000000-0x0000000841000000, reserved size: 1073741824
Narrow klass base: 0x0000000800000000, Narrow klass shift: 0, Narrow klass range: 0x100000000

GC Precious Log:
 CardTable entry size: 512
 Card Set container configuration: InlinePtr #cards 4 size 8 Array Of Cards #cards 16 size 48 Howl #buckets 8 coarsen threshold 3686 Howl Bitmap #cards 512 size 80 coarsen threshold 460 Card regions per heap region 1 cards per card region 4096
 CPUs: 12 total, 12 available
 Memory: 16163M
 Large Page Support: Disabled
 NUMA Support: Disabled
 Compressed Oops: Enabled (Zero based)
 Heap Region Size: 2M
 Heap Min Capacity: 8M
 Heap Initial Capacity: 254M
 Heap Max Capacity: 4042M
 Pre-touch: Disabled
 Parallel Workers: 10
 Concurrent Workers: 3
 Concurrent Refinement Workers: 10
 Periodic GC: Disabled

Heap:
 garbage-first heap   total 71680K, used 33733K [0x0000000703600000, 0x0000000800000000)
  region size 2048K, 7 young (14336K), 1 survivors (2048K)
 Metaspace       used 24966K, committed 25408K, reserved 1114112K
  class space    used 2751K, committed 2944K, reserved 1048576K

Heap Regions: E=young(eden), S=young(survivor), O=old, HS=humongous(starts), HC=humongous(continues), CS=collection set, F=free, OA=open archive, CA=closed archive, TAMS=top-at-mark-start, PB=parsable bottom
|   0|0x0000000703600000, 0x0000000703800000, 0x0000000703800000|100%| O|  |TAMS 0x0000000703600000| PB 0x0000000703600000| Untracked 
|   1|0x0000000703800000, 0x0000000703a00000, 0x0000000703a00000|100%| O|  |TAMS 0x0000000703800000| PB 0x0000000703800000| Untracked 
|   2|0x0000000703a00000, 0x0000000703c00000, 0x0000000703c00000|100%|HS|  |TAMS 0x0000000703a00000| PB 0x0000000703a00000| Complete 
|   3|0x0000000703c00000, 0x0000000703e00000, 0x0000000703e00000|100%|HC|  |TAMS 0x0000000703c00000| PB 0x0000000703c00000| Complete 
|   4|0x0000000703e00000, 0x0000000704000000, 0x0000000704000000|100%|HS|  |TAMS 0x0000000703e00000| PB 0x0000000703e00000| Complete 
|   5|0x0000000704000000, 0x0000000704200000, 0x0000000704200000|100%| O|  |TAMS 0x0000000704000000| PB 0x0000000704000000| Untracked 
|   6|0x0000000704200000, 0x0000000704400000, 0x0000000704400000|100%| O|  |TAMS 0x0000000704200000| PB 0x0000000704200000| Untracked 
|   7|0x0000000704400000, 0x0000000704600000, 0x0000000704600000|100%| O|  |TAMS 0x0000000704400000| PB 0x0000000704400000| Untracked 
|   8|0x0000000704600000, 0x0000000704800000, 0x0000000704800000|100%| O|  |TAMS 0x0000000704600000| PB 0x0000000704600000| Untracked 
|   9|0x0000000704800000, 0x0000000704a00000, 0x0000000704a00000|100%| O|  |TAMS 0x0000000704800000| PB 0x0000000704800000| Untracked 
|  10|0x0000000704a00000, 0x0000000704c00000, 0x0000000704c00000|100%|HS|  |TAMS 0x0000000704a00000| PB 0x0000000704a00000| Complete 
|  11|0x0000000704c00000, 0x0000000704ce9e00, 0x0000000704e00000| 45%| O|  |TAMS 0x0000000704c00000| PB 0x0000000704c00000| Untracked 
|  12|0x0000000704e00000, 0x0000000704e00000, 0x0000000705000000|  0%| F|  |TAMS 0x0000000704e00000| PB 0x0000000704e00000| Untracked 
|  13|0x0000000705000000, 0x0000000705000000, 0x0000000705200000|  0%| F|  |TAMS 0x0000000705000000| PB 0x0000000705000000| Untracked 
|  14|0x0000000705200000, 0x0000000705200000, 0x0000000705400000|  0%| F|  |TAMS 0x0000000705200000| PB 0x0000000705200000| Untracked 
|  15|0x0000000705400000, 0x00000007054078f0, 0x0000000705600000|  1%| S|CS|TAMS 0x0000000705400000| PB 0x0000000705400000| Complete 
|  16|0x0000000705600000, 0x0000000705600000, 0x0000000705800000|  0%| F|  |TAMS 0x0000000705600000| PB 0x0000000705600000| Untracked 
|  17|0x0000000705800000, 0x0000000705800000, 0x0000000705a00000|  0%| F|  |TAMS 0x0000000705800000| PB 0x0000000705800000| Untracked 
|  18|0x0000000705a00000, 0x0000000705a00000, 0x0000000705c00000|  0%| F|  |TAMS 0x0000000705a00000| PB 0x0000000705a00000| Untracked 
|  19|0x0000000705c00000, 0x0000000705c00000, 0x0000000705e00000|  0%| F|  |TAMS 0x0000000705c00000| PB 0x0000000705c00000| Untracked 
|  20|0x0000000705e00000, 0x0000000705e00000, 0x0000000706000000|  0%| F|  |TAMS 0x0000000705e00000| PB 0x0000000705e00000| Untracked 
|  21|0x0000000706000000, 0x0000000706000000, 0x0000000706200000|  0%| F|  |TAMS 0x0000000706000000| PB 0x0000000706000000| Untracked 
|  22|0x0000000706200000, 0x0000000706200000, 0x0000000706400000|  0%| F|  |TAMS 0x0000000706200000| PB 0x0000000706200000| Untracked 
|  23|0x0000000706400000, 0x0000000706400000, 0x0000000706600000|  0%| F|  |TAMS 0x0000000706400000| PB 0x0000000706400000| Untracked 
|  24|0x0000000706600000, 0x0000000706600000, 0x0000000706800000|  0%| F|  |TAMS 0x0000000706600000| PB 0x0000000706600000| Untracked 
|  25|0x0000000706800000, 0x0000000706800000, 0x0000000706a00000|  0%| F|  |TAMS 0x0000000706800000| PB 0x0000000706800000| Untracked 
|  26|0x0000000706a00000, 0x0000000706a00000, 0x0000000706c00000|  0%| F|  |TAMS 0x0000000706a00000| PB 0x0000000706a00000| Untracked 
|  27|0x0000000706c00000, 0x0000000706c00000, 0x0000000706e00000|  0%| F|  |TAMS 0x0000000706c00000| PB 0x0000000706c00000| Untracked 
|  92|0x000000070ee00000, 0x000000070ee00000, 0x000000070f000000|  0%| F|  |TAMS 0x000000070ee00000| PB 0x000000070ee00000| Untracked 
|  93|0x000000070f000000, 0x000000070f0b99d0, 0x000000070f200000| 36%| E|  |TAMS 0x000000070f000000| PB 0x000000070f000000| Complete 
|  94|0x000000070f200000, 0x000000070f400000, 0x000000070f400000|100%| E|CS|TAMS 0x000000070f200000| PB 0x000000070f200000| Complete 
|  95|0x000000070f400000, 0x000000070f600000, 0x000000070f600000|100%| E|CS|TAMS 0x000000070f400000| PB 0x000000070f400000| Complete 
|  96|0x000000070f600000, 0x000000070f800000, 0x000000070f800000|100%| E|CS|TAMS 0x000000070f600000| PB 0x000000070f600000| Complete 
| 125|0x0000000713000000, 0x0000000713200000, 0x0000000713200000|100%| E|CS|TAMS 0x0000000713000000| PB 0x0000000713000000| Complete 
| 126|0x0000000713200000, 0x0000000713400000, 0x0000000713400000|100%| E|CS|TAMS 0x0000000713200000| PB 0x0000000713200000| Complete 

Card table byte_map: [0x0000016ff9f00000,0x0000016ffa6f0000] _byte_map_base: 0x0000016ff66e5000

Marking Bits: (CMBitMap*) 0x0000016ff116f1a0
 Bits: [0x0000016ffaee0000, 0x0000016ffee08000)

Polling page: 0x0000016fef0b0000

Metaspace:

Usage:
  Non-class:     21.69 MB used.
      Class:      2.69 MB used.
       Both:     24.38 MB used.

Virtual space:
  Non-class space:       64.00 MB reserved,      21.94 MB ( 34%) committed,  1 nodes.
      Class space:        1.00 GB reserved,       2.88 MB ( <1%) committed,  1 nodes.
             Both:        1.06 GB reserved,      24.81 MB (  2%) committed. 

Chunk freelists:
   Non-Class:  2.06 MB
       Class:  1.06 MB
        Both:  3.12 MB

MaxMetaspaceSize: unlimited
CompressedClassSpaceSize: 1.00 GB
Initial GC threshold: 21.00 MB
Current GC threshold: 35.25 MB
CDS: on
MetaspaceReclaimPolicy: balanced
 - commit_granule_bytes: 65536.
 - commit_granule_words: 8192.
 - virtual_space_node_default_size: 8388608.
 - enlarge_chunks_in_place: 1.
 - new_chunks_are_fully_committed: 0.
 - uncommit_free_chunks: 1.
 - use_allocation_guard: 0.


Internal statistics:

num_allocs_failed_limit: 3.
num_arena_births: 464.
num_arena_deaths: 0.
num_vsnodes_births: 2.
num_vsnodes_deaths: 0.
num_space_committed: 397.
num_space_uncommitted: 0.
num_chunks_returned_to_freelist: 3.
num_chunks_taken_from_freelist: 996.
num_chunk_merges: 0.
num_chunk_splits: 705.
num_chunks_enlarged: 510.
num_inconsistent_stats: 0.

CodeHeap 'non-profiled nmethods': size=120000Kb used=6024Kb max_used=6024Kb free=113975Kb
 bounds [0x0000016f87ad0000, 0x0000016f880c0000, 0x0000016f8f000000]
CodeHeap 'profiled nmethods': size=120000Kb used=11891Kb max_used=11891Kb free=108108Kb
 bounds [0x0000016f80000000, 0x0000016f80ba0000, 0x0000016f87530000]
CodeHeap 'non-nmethods': size=5760Kb used=1894Kb max_used=1950Kb free=3866Kb
 bounds [0x0000016f87530000, 0x0000016f877a0000, 0x0000016f87ad0000]
 total_blobs=6891 nmethods=6181 adapters=620
 compilation: enabled
              stopped_count=0, restarted_count=0
 full_count=0

Compilation events (20 events):
Event: 8795.469 Thread 0x0000016fff87ae10 6174       4       java.util.HashMap::values (25 bytes)
Event: 8795.470 Thread 0x0000016fff87ae10 nmethod 6174 0x0000016f880a9d90 code [0x0000016f880a9f00, 0x0000016f880a9fa8]
Event: 8795.519 Thread 0x0000016fff87ae10 6175       4       java.util.HashMap$Values::iterator (12 bytes)
Event: 8795.522 Thread 0x0000016fff87ae10 nmethod 6175 0x0000016f880aa090 code [0x0000016f880aa200, 0x0000016f880aa490]
Event: 8795.653 Thread 0x0000016fff87ae10 6176       4       javax.imageio.spi.ServiceRegistry::getServiceProviders (38 bytes)
Event: 8795.660 Thread 0x0000016fff87ae10 nmethod 6176 0x0000016f880aa690 code [0x0000016f880aa860, 0x0000016f880ab0c8]
Event: 8795.816 Thread 0x0000016fff87ae10 6177   !   4       sun.java2d.pipe.SpanShapeRenderer::fill (90 bytes)
Event: 8795.819 Thread 0x0000016fff87ae10 nmethod 6177 0x0000016f880ab710 code [0x0000016f880ab900, 0x0000016f880abc90]
Event: 8795.819 Thread 0x0000016fff87ae10 6178   !   4       sun.java2d.pipe.AlphaPaintPipe::endSequence (93 bytes)
Event: 8795.822 Thread 0x0000016fff87ae10 nmethod 6178 0x0000016f880ac110 code [0x0000016f880ac2c0, 0x0000016f880ac848]
Event: 8795.833 Thread 0x0000016fff87ae10 6179       4       java.awt.Rectangle::getBounds2D (24 bytes)
Event: 8795.834 Thread 0x0000016fff87ae10 nmethod 6179 0x0000016f880aca90 code [0x0000016f880acc00, 0x0000016f880acd10]
Event: 8796.720 Thread 0x0000016fff87ae10 6180       4       javax.imageio.spi.FilterIterator::advance (50 bytes)
Event: 8796.722 Thread 0x0000016fff87ae10 nmethod 6180 0x0000016f880acd90 code [0x0000016f880acf40, 0x0000016f880ad280]
Event: 8796.722 Thread 0x0000016fff87ae10 6181       4       com.sun.imageio.plugins.png.PNGMetadata::<init> (165 bytes)
Event: 8796.733 Thread 0x0000016fff87ae10 nmethod 6181 0x0000016f880ad510 code [0x0000016f880ad720, 0x0000016f880aec20]
Event: 8796.883 Thread 0x0000016fff87ae10 6182       4       sun.java2d.pipe.AlphaPaintPipe::startSequence (41 bytes)
Event: 8796.900 Thread 0x0000016fff87ae10 nmethod 6182 0x0000016f880aef10 code [0x0000016f880af160, 0x0000016f880b0550]
Event: 8797.332 Thread 0x0000016fff87ae10 6183       4       java.util.concurrent.locks.AbstractQueuedSynchronizer$ConditionObject::enableWait (84 bytes)
Event: 8797.336 Thread 0x0000016fff87ae10 nmethod 6183 0x0000016f880b1790 code [0x0000016f880b1920, 0x0000016f880b1ea0]

GC Heap History (20 events):
Event: 8790.095 GC heap before
{Heap before GC invocations=4353 (full 0):
 garbage-first heap   total 71680K, used 60340K [0x0000000703600000, 0x0000000800000000)
  region size 2048K, 19 young (38912K), 1 survivors (2048K)
 Metaspace       used 24966K, committed 25408K, reserved 1114112K
  class space    used 2751K, committed 2944K, reserved 1048576K
}
Event: 8790.096 GC heap after
{Heap after GC invocations=4354 (full 0):
 garbage-first heap   total 71680K, used 23476K [0x0000000703600000, 0x0000000800000000)
  region size 2048K, 1 young (2048K), 1 survivors (2048K)
 Metaspace       used 24966K, committed 25408K, reserved 1114112K
  class space    used 2751K, committed 2944K, reserved 1048576K
}
Event: 8790.896 GC heap before
{Heap before GC invocations=4354 (full 0):
 garbage-first heap   total 71680K, used 60340K [0x0000000703600000, 0x0000000800000000)
  region size 2048K, 19 young (38912K), 1 survivors (2048K)
 Metaspace       used 24966K, committed 25408K, reserved 1114112K
  class space    used 2751K, committed 2944K, reserved 1048576K
}
Event: 8790.897 GC heap after
{Heap after GC invocations=4355 (full 0):
 garbage-first heap   total 71680K, used 23480K [0x0000000703600000, 0x0000000800000000)
  region size 2048K, 1 young (2048K), 1 survivors (2048K)
 Metaspace       used 24966K, committed 25408K, reserved 1114112K
  class space    used 2751K, committed 2944K, reserved 1048576K
}
Event: 8791.697 GC heap before
{Heap before GC invocations=4355 (full 0):
 garbage-first heap   total 71680K, used 60344K [0x0000000703600000, 0x0000000800000000)
  region size 2048K, 19 young (38912K), 1 survivors (2048K)
 Metaspace       used 24966K, committed 25408K, reserved 1114112K
  class space    used 2751K, committed 2944K, reserved 1048576K
}
Event: 8791.697 GC heap after
{Heap after GC invocations=4356 (full 0):
 garbage-first heap   total 71680K, used 23478K [0x0000000703600000, 0x0000000800000000)
  region size 2048K, 1 young (2048K), 1 survivors (2048K)
 Metaspace       used 24966K, committed 25408K, reserved 1114112K
  class space    used 2751K, committed 2944K, reserved 1048576K
}
Event: 8792.497 GC heap before
{Heap before GC invocations=4356 (full 0):
 garbage-first heap   total 71680K, used 60342K [0x0000000703600000, 0x0000000800000000)
  region size 2048K, 19 young (38912K), 1 survivors (2048K)
 Metaspace       used 24966K, committed 25408K, reserved 1114112K
  class space    used 2751K, committed 2944K, reserved 1048576K
}
Event: 8792.497 GC heap after
{Heap after GC invocations=4357 (full 0):
 garbage-first heap   total 71680K, used 23491K [0x0000000703600000, 0x0000000800000000)
  region size 2048K, 1 young (2048K), 1 survivors (2048K)
 Metaspace       used 24966K, committed 25408K, reserved 1114112K
  class space    used 2751K, committed 2944K, reserved 1048576K
}
Event: 8793.297 GC heap before
{Heap before GC invocations=4357 (full 0):
 garbage-first heap   total 71680K, used 60355K [0x0000000703600000, 0x0000000800000000)
  region size 2048K, 19 young (38912K), 1 survivors (2048K)
 Metaspace       used 24966K, committed 25408K, reserved 1114112K
  class space    used 2751K, committed 2944K, reserved 1048576K
}
Event: 8793.298 GC heap after
{Heap after GC invocations=4358 (full 0):
 garbage-first heap   total 71680K, used 23495K [0x0000000703600000, 0x0000000800000000)
  region size 2048K, 1 young (2048K), 1 survivors (2048K)
 Metaspace       used 24966K, committed 25408K, reserved 1114112K
  class space    used 2751K, committed 2944K, reserved 1048576K
}
Event: 8794.099 GC heap before
{Heap before GC invocations=4358 (full 0):
 garbage-first heap   total 71680K, used 60359K [0x0000000703600000, 0x0000000800000000)
  region size 2048K, 19 young (38912K), 1 survivors (2048K)
 Metaspace       used 24966K, committed 25408K, reserved 1114112K
  class space    used 2751K, committed 2944K, reserved 1048576K
}
Event: 8794.099 GC heap after
{Heap after GC invocations=4359 (full 0):
 garbage-first heap   total 71680K, used 23499K [0x0000000703600000, 0x0000000800000000)
  region size 2048K, 1 young (2048K), 1 survivors (2048K)
 Metaspace       used 24966K, committed 25408K, reserved 1114112K
  class space    used 2751K, committed 2944K, reserved 1048576K
}
Event: 8794.903 GC heap before
{Heap before GC invocations=4359 (full 0):
 garbage-first heap   total 71680K, used 60363K [0x0000000703600000, 0x0000000800000000)
  region size 2048K, 19 young (38912K), 1 survivors (2048K)
 Metaspace       used 24966K, committed 25408K, reserved 1114112K
  class space    used 2751K, committed 2944K, reserved 1048576K
}
Event: 8794.903 GC heap after
{Heap after GC invocations=4360 (full 0):
 garbage-first heap   total 71680K, used 23499K [0x0000000703600000, 0x0000000800000000)
  region size 2048K, 1 young (2048K), 1 survivors (2048K)
 Metaspace       used 24966K, committed 25408K, reserved 1114112K
  class space    used 2751K, committed 2944K, reserved 1048576K
}
Event: 8795.698 GC heap before
{Heap before GC invocations=4360 (full 0):
 garbage-first heap   total 71680K, used 60363K [0x0000000703600000, 0x0000000800000000)
  region size 2048K, 19 young (38912K), 1 survivors (2048K)
 Metaspace       used 24966K, committed 25408K, reserved 1114112K
  class space    used 2751K, committed 2944K, reserved 1048576K
}
Event: 8795.698 GC heap after
{Heap after GC invocations=4361 (full 0):
 garbage-first heap   total 71680K, used 23495K [0x0000000703600000, 0x0000000800000000)
  region size 2048K, 1 young (2048K), 1 survivors (2048K)
 Metaspace       used 24966K, committed 25408K, reserved 1114112K
  class space    used 2751K, committed 2944K, reserved 1048576K
}
Event: 8796.500 GC heap before
{Heap before GC invocations=4361 (full 0):
 garbage-first heap   total 71680K, used 60359K [0x0000000703600000, 0x0000000800000000)
  region size 2048K, 19 young (38912K), 1 survivors (2048K)
 Metaspace       used 24966K, committed 25408K, reserved 1114112K
  class space    used 2751K, committed 2944K, reserved 1048576K
}
Event: 8796.501 GC heap after
{Heap after GC invocations=4362 (full 0):
 garbage-first heap   total 71680K, used 23503K [0x0000000703600000, 0x0000000800000000)
  region size 2048K, 1 young (2048K), 1 survivors (2048K)
 Metaspace       used 24966K, committed 25408K, reserved 1114112K
  class space    used 2751K, committed 2944K, reserved 1048576K
}
Event: 8797.331 GC heap before
{Heap before GC invocations=4362 (full 0):
 garbage-first heap   total 71680K, used 60367K [0x0000000703600000, 0x0000000800000000)
  region size 2048K, 19 young (38912K), 1 survivors (2048K)
 Metaspace       used 24966K, committed 25408K, reserved 1114112K
  class space    used 2751K, committed 2944K, reserved 1048576K
}
Event: 8797.331 GC heap after
{Heap after GC invocations=4363 (full 0):
 garbage-first heap   total 71680K, used 23493K [0x0000000703600000, 0x0000000800000000)
  region size 2048K, 1 young (2048K), 1 survivors (2048K)
 Metaspace       used 24966K, committed 25408K, reserved 1114112K
  class space    used 2751K, committed 2944K, reserved 1048576K
}

Dll operation events (15 events):
Event: 0.004 Loaded shared library C:\Users\lubiku\.jdks\openjdk-20\bin\java.dll
Event: 0.011 Loaded shared library C:\Users\lubiku\.jdks\openjdk-20\bin\jsvml.dll
Event: 0.048 Loaded shared library C:\Users\lubiku\.jdks\openjdk-20\bin\zip.dll
Event: 0.049 Loaded shared library C:\Users\lubiku\.jdks\openjdk-20\bin\instrument.dll
Event: 0.052 Loaded shared library C:\Users\lubiku\.jdks\openjdk-20\bin\net.dll
Event: 0.053 Loaded shared library C:\Users\lubiku\.jdks\openjdk-20\bin\nio.dll
Event: 0.055 Loaded shared library C:\Users\lubiku\.jdks\openjdk-20\bin\zip.dll
Event: 0.062 Loaded shared library C:\Users\lubiku\AppData\Local\JetBrains\Toolbox\apps\IDEA-U\ch-0\231.8109.175\bin\breakgen64.dll
Event: 0.068 Loaded shared library C:\Users\lubiku\.jdks\openjdk-20\bin\extnet.dll
Event: 0.108 Loaded shared library C:\Users\lubiku\.jdks\openjdk-20\bin\verify.dll
Event: 0.111 Loaded shared library C:\Users\lubiku\.jdks\openjdk-20\bin\jimage.dll
Event: 0.189 Loaded shared library C:\Users\lubiku\AppData\Local\Temp\jansi-1.17.1-7904819204743625915.dll
Event: 1.174 Loaded shared library C:\Users\lubiku\.jdks\openjdk-20\bin\awt.dll
Event: 1.357 Loaded shared library C:\Users\lubiku\.jdks\openjdk-20\bin\freetype.dll
Event: 1.357 Loaded shared library C:\Users\lubiku\.jdks\openjdk-20\bin\fontmanager.dll

Deoptimization events (20 events):
Event: 8712.669 Thread 0x0000016f970a17e0 Uncommon trap: trap_request=0xffffffbe fr.pc=0x0000016f880429d8 relative=0x00000000000002d8
Event: 8712.669 Thread 0x0000016f970a17e0 Uncommon trap: reason=profile_predicate action=maybe_recompile pc=0x0000016f880429d8 method=sun.security.provider.HashDrbg.addBytes([BI[[B)V @ 36 c2
Event: 8712.669 Thread 0x0000016f970a17e0 DEOPT PACKING pc=0x0000016f880429d8 sp=0x00000039a9efe480
Event: 8712.669 Thread 0x0000016f970a17e0 DEOPT UNPACKING pc=0x0000016f8754d2a2 sp=0x00000039a9efe3d0 mode 2
Event: 8712.686 Thread 0x0000016f970a17e0 Uncommon trap: trap_request=0xffffffbe fr.pc=0x0000016f880429d8 relative=0x00000000000002d8
Event: 8712.686 Thread 0x0000016f970a17e0 Uncommon trap: reason=profile_predicate action=maybe_recompile pc=0x0000016f880429d8 method=sun.security.provider.HashDrbg.addBytes([BI[[B)V @ 36 c2
Event: 8712.686 Thread 0x0000016f970a17e0 DEOPT PACKING pc=0x0000016f880429d8 sp=0x00000039a9efe480
Event: 8712.686 Thread 0x0000016f970a17e0 DEOPT UNPACKING pc=0x0000016f8754d2a2 sp=0x00000039a9efe3d0 mode 2
Event: 8712.686 Thread 0x0000016f970a17e0 Uncommon trap: trap_request=0xffffffbe fr.pc=0x0000016f880429d8 relative=0x00000000000002d8
Event: 8712.686 Thread 0x0000016f970a17e0 Uncommon trap: reason=profile_predicate action=maybe_recompile pc=0x0000016f880429d8 method=sun.security.provider.HashDrbg.addBytes([BI[[B)V @ 36 c2
Event: 8712.686 Thread 0x0000016f970a17e0 DEOPT PACKING pc=0x0000016f880429d8 sp=0x00000039a9efe480
Event: 8712.686 Thread 0x0000016f970a17e0 DEOPT UNPACKING pc=0x0000016f8754d2a2 sp=0x00000039a9efe3d0 mode 2
Event: 8715.338 Thread 0x0000016f970a17e0 DEOPT PACKING pc=0x0000016f80792263 sp=0x00000039a9efe5b0
Event: 8715.338 Thread 0x0000016f970a17e0 DEOPT UNPACKING pc=0x0000016f8759e462 sp=0x00000039a9efda40 mode 0
Event: 8716.203 Thread 0x0000016f970a17e0 DEOPT PACKING pc=0x0000016f80afaa0a sp=0x00000039a9efe600
Event: 8716.203 Thread 0x0000016f970a17e0 DEOPT UNPACKING pc=0x0000016f8759e462 sp=0x00000039a9efda68 mode 0
Event: 8722.063 Thread 0x0000016fff873640 Uncommon trap: trap_request=0xffffff45 fr.pc=0x0000016f87da3a10 relative=0x0000000000000090
Event: 8722.063 Thread 0x0000016fff873640 Uncommon trap: reason=unstable_if action=reinterpret pc=0x0000016f87da3a10 method=java.util.concurrent.locks.LockSupport.unpark(Ljava/lang/Thread;)V @ 1 c2
Event: 8722.063 Thread 0x0000016fff873640 DEOPT PACKING pc=0x0000016f87da3a10 sp=0x00000039a91ff330
Event: 8722.063 Thread 0x0000016fff873640 DEOPT UNPACKING pc=0x0000016f8754d2a2 sp=0x00000039a91ff2c8 mode 2

Classes loaded (20 events):
Event: 8206.026 Loading class sun/java2d/d3d/D3DMaskBlit
Event: 8206.027 Loading class sun/java2d/pipe/BufferedMaskBlit
Event: 8206.027 Loading class sun/java2d/pipe/BufferedMaskBlit done
Event: 8206.027 Loading class sun/java2d/d3d/D3DMaskBlit done
Event: 8206.027 Loading class sun/java2d/pipe/hw/ExtendedBufferCapabilities$VSyncType
Event: 8206.027 Loading class sun/java2d/pipe/hw/ExtendedBufferCapabilities$VSyncType done
Event: 8206.028 Loading class sun/java2d/StateTrackableDelegate$1
Event: 8206.028 Loading class sun/java2d/StateTrackableDelegate$1 done
Event: 8206.029 Loading class sun/java2d/d3d/D3DSurfaceData$1Status
Event: 8206.029 Loading class sun/java2d/d3d/D3DSurfaceData$1Status done
Event: 8206.029 Loading class sun/java2d/d3d/D3DSurfaceData$1
Event: 8206.029 Loading class sun/java2d/d3d/D3DSurfaceData$1 done
Event: 8206.032 Loading class sun/java2d/pipe/BufferedPaints
Event: 8206.033 Loading class sun/java2d/pipe/BufferedPaints done
Event: 8206.035 Loading class sun/java2d/d3d/D3DVolatileSurfaceManager
Event: 8206.035 Loading class sun/java2d/d3d/D3DVolatileSurfaceManager done
Event: 8206.052 Loading class sun/java2d/d3d/D3DSurfaceDataProxy
Event: 8206.052 Loading class sun/java2d/d3d/D3DSurfaceDataProxy done
Event: 8206.227 Loading class java/awt/image/BufferedImageOp
Event: 8206.228 Loading class java/awt/image/BufferedImageOp done

Classes unloaded (0 events):
No events

Classes redefined (0 events):
No events

Internal exceptions (20 events):
Event: 1.125 Thread 0x0000016ff1100cb0 Exception <a 'java/lang/NoSuchMethodError'{0x00000007100b0368}: 'long java.lang.invoke.DelegatingMethodHandle$Holder.reinvoke_L(java.lang.Object, java.lang.Object)'> (0x00000007100b0368) 
thrown [s\open\src\hotspot\share\interpreter\linkResolver.cpp, line 773]
Event: 1.125 Thread 0x0000016ff1100cb0 Exception <a 'java/lang/NoSuchMethodError'{0x00000007100ba148}: 'void java.lang.invoke.DelegatingMethodHandle$Holder.reinvoke_L(java.lang.Object, java.lang.Object, long)'> (0x00000007100ba148) 
thrown [s\open\src\hotspot\share\interpreter\linkResolver.cpp, line 773]
Event: 1.134 Thread 0x0000016ff1100cb0 Exception <a 'java/lang/NoSuchMethodError'{0x0000000710129918}: 'int java.lang.invoke.DirectMethodHandle$Holder.invokeSpecialIFC(java.lang.Object, java.lang.Object, java.lang.Object)'> (0x0000000710129918) 
thrown [s\open\src\hotspot\share\interpreter\linkResolver.cpp, line 773]
Event: 1.135 Thread 0x0000016f960dfee0 Exception <a 'java/lang/NoSuchMethodError'{0x000000070fe030a0}: 'void java.lang.invoke.DirectMethodHandle$Holder.invokeStaticInit(java.lang.Object, java.lang.Object)'> (0x000000070fe030a0) 
thrown [s\open\src\hotspot\share\interpreter\linkResolver.cpp, line 773]
Event: 1.135 Thread 0x0000016f960dfee0 Exception <a 'java/lang/NoSuchMethodError'{0x000000070fe066f8}: 'void java.lang.invoke.Invokers$Holder.invoke_MT(java.lang.Object, java.lang.Object, java.lang.Object)'> (0x000000070fe066f8) 
thrown [s\open\src\hotspot\share\interpreter\linkResolver.cpp, line 773]
Event: 1.171 Thread 0x0000016f960dfee0 Exception <a 'java/lang/ClassNotFoundException'{0x000000070fc91c70}: sun/awt/resources/spi/awtProvider> (0x000000070fc91c70) 
thrown [s\open\src\hotspot\share\classfile\systemDictionary.cpp, line 305]
Event: 1.177 Thread 0x0000016f960dfee0 Exception <a 'java/io/FileNotFoundException'{0x000000070fcd35c8}> (0x000000070fcd35c8) 
thrown [s\open\src\hotspot\share\prims\jni.cpp, line 519]
Event: 1.179 Thread 0x0000016f960dfee0 Exception <a 'java/io/FileNotFoundException'{0x000000070fcfd480}> (0x000000070fcfd480) 
thrown [s\open\src\hotspot\share\prims\jni.cpp, line 519]
Event: 1.305 Thread 0x0000016f960dfee0 Exception <a 'java/lang/NoSuchMethodError'{0x000000070fde9ea8}: 'java.lang.Object java.lang.invoke.DirectMethodHandle$Holder.invokeStatic(java.lang.Object, int, java.lang.Object)'> (0x000000070fde9ea8) 
thrown [s\open\src\hotspot\share\interpreter\linkResolver.cpp, line 773]
Event: 1.315 Thread 0x0000016f960dfee0 Exception <a 'java/lang/ClassNotFoundException'{0x000000070fbb1180}: com/sun/swing/internal/plaf/metal/resources/spi/metalProvider> (0x000000070fbb1180) 
thrown [s\open\src\hotspot\share\classfile\systemDictionary.cpp, line 305]
Event: 1.316 Thread 0x0000016f960dfee0 Exception <a 'java/lang/ClassNotFoundException'{0x000000070fbb5268}: com/sun/swing/internal/plaf/basic/resources/spi/basicProvider> (0x000000070fbb5268) 
thrown [s\open\src\hotspot\share\classfile\systemDictionary.cpp, line 305]
Event: 1.317 Thread 0x0000016f960dfee0 Implicit null exception at 0x0000016f87c4b8dd to 0x0000016f87c4be2c
Event: 1.320 Thread 0x0000016f960dfee0 Exception <a 'java/lang/NoSuchMethodError'{0x000000070fbd2678}: 'int java.lang.invoke.Invokers$Holder.invokeExact_MT(java.lang.Object, java.lang.Object)'> (0x000000070fbd2678) 
thrown [s\open\src\hotspot\share\interpreter\linkResolver.cpp, line 773]
Event: 1.345 Thread 0x0000016f960dc9c0 Exception <a 'java/lang/NoSuchMethodError'{0x000000070fa0f320}: 'void java.lang.invoke.DirectMethodHandle$Holder.invokeVirtual(java.lang.Object, java.lang.Object)'> (0x000000070fa0f320) 
thrown [s\open\src\hotspot\share\interpreter\linkResolver.cpp, line 773]
Event: 1.354 Thread 0x0000016f960dfee0 Exception <a 'java/lang/NoSuchMethodError'{0x000000070f8305b0}: 'void java.lang.invoke.DirectMethodHandle$Holder.invokeStaticInit(java.lang.Object)'> (0x000000070f8305b0) 
thrown [s\open\src\hotspot\share\interpreter\linkResolver.cpp, line 773]
Event: 1.424 Thread 0x0000016f960dfee0 Exception <a 'java/lang/NoSuchMethodError'{0x000000071325aea8}: 'java.lang.Object java.lang.invoke.DirectMethodHandle$Holder.invokeSpecial(java.lang.Object, java.lang.Object, java.lang.Object, int, int)'> (0x000000071325aea8) 
thrown [s\open\src\hotspot\share\interpreter\linkResolver.cpp, line 773]
Event: 5.336 Thread 0x0000016f970a17e0 Implicit null exception at 0x0000016f87cb357b to 0x0000016f87cb3e54
Event: 140.117 Thread 0x0000016f970a17e0 Implicit null exception at 0x0000016f87e06120 to 0x0000016f87e0a798
Event: 6952.562 Thread 0x0000016f970a17e0 Implicit null exception at 0x0000016f87ee2fe4 to 0x0000016f87ee5ad8
Event: 8722.063 Thread 0x0000016fff873640 Implicit null exception at 0x0000016f87da399d to 0x0000016f87da3a01

VM Operations (20 events):
Event: 8790.095 Executing VM operation: G1CollectForAllocation
Event: 8790.096 Executing VM operation: G1CollectForAllocation done
Event: 8790.895 Executing VM operation: G1CollectForAllocation
Event: 8790.897 Executing VM operation: G1CollectForAllocation done
Event: 8791.696 Executing VM operation: G1CollectForAllocation
Event: 8791.697 Executing VM operation: G1CollectForAllocation done
Event: 8792.496 Executing VM operation: G1CollectForAllocation
Event: 8792.497 Executing VM operation: G1CollectForAllocation done
Event: 8793.297 Executing VM operation: G1CollectForAllocation
Event: 8793.298 Executing VM operation: G1CollectForAllocation done
Event: 8794.097 Executing VM operation: G1CollectForAllocation
Event: 8794.099 Executing VM operation: G1CollectForAllocation done
Event: 8794.902 Executing VM operation: G1CollectForAllocation
Event: 8794.903 Executing VM operation: G1CollectForAllocation done
Event: 8795.697 Executing VM operation: G1CollectForAllocation
Event: 8795.698 Executing VM operation: G1CollectForAllocation done
Event: 8796.500 Executing VM operation: G1CollectForAllocation
Event: 8796.501 Executing VM operation: G1CollectForAllocation done
Event: 8797.330 Executing VM operation: G1CollectForAllocation
Event: 8797.331 Executing VM operation: G1CollectForAllocation done

Events (20 events):
Event: 1.346 Thread 0x0000016f970a17e0 Thread added: 0x0000016f970a17e0
Event: 1.425 Thread 0x0000016f960dfee0 Thread exited: 0x0000016f960dfee0
Event: 1.441 Thread 0x0000016f970a27d0 Thread added: 0x0000016f970a27d0
Event: 1.847 Thread 0x0000016ffff60440 Thread exited: 0x0000016ffff60440
Event: 3.604 Thread 0x0000016f972f0880 Thread added: 0x0000016f972f0880
Event: 3.741 Thread 0x0000016f970a37c0 Thread added: 0x0000016f970a37c0
Event: 3.875 Thread 0x0000016f972f0880 Thread exited: 0x0000016f972f0880
Event: 4.665 Thread 0x0000016f96da8bb0 Thread added: 0x0000016f96da8bb0
Event: 4.668 Thread 0x0000016f96dabc00 Thread added: 0x0000016f96dabc00
Event: 4.842 Thread 0x0000016f96dabc00 Thread exited: 0x0000016f96dabc00
Event: 4.865 Thread 0x0000016f96da8bb0 Thread exited: 0x0000016f96da8bb0
Event: 61.146 Thread 0x0000016f960df990 Thread exited: 0x0000016f960df990
Event: 121.147 Thread 0x0000016f960df440 Thread exited: 0x0000016f960df440
Event: 8206.034 Thread 0x0000016f970a07f0 Thread added: 0x0000016f970a07f0
Event: 8206.069 Thread 0x0000016f96757450 Thread added: 0x0000016f96757450
Event: 8206.074 Thread 0x0000016f96199610 Thread added: 0x0000016f96199610
Event: 8206.482 Thread 0x0000016f96199610 Thread exited: 0x0000016f96199610
Event: 8206.517 Thread 0x0000016f96757450 Thread exited: 0x0000016f96757450
Event: 8604.650 Thread 0x0000016f96b178a0 Thread added: 0x0000016f96b178a0
Event: 8604.818 Thread 0x0000016f96b178a0 Thread exited: 0x0000016f96b178a0


Dynamic libraries:
0x00007ff6ea7c0000 - 0x00007ff6ea7ce000 	C:\Users\lubiku\.jdks\openjdk-20\bin\java.exe
0x00007ffbe68f0000 - 0x00007ffbe6ae8000 	C:\Windows\SYSTEM32\ntdll.dll
0x00007ffbe5810000 - 0x00007ffbe58cf000 	C:\Windows\System32\KERNEL32.DLL
0x00007ffbe3fd0000 - 0x00007ffbe42c6000 	C:\Windows\System32\KERNELBASE.dll
0x00007ffbe4440000 - 0x00007ffbe4540000 	C:\Windows\System32\ucrtbase.dll
0x00007ffbdd520000 - 0x00007ffbdd537000 	C:\Users\lubiku\.jdks\openjdk-20\bin\jli.dll
0x00007ffbdd420000 - 0x00007ffbdd43b000 	C:\Users\lubiku\.jdks\openjdk-20\bin\VCRUNTIME140.dll
0x00007ffbe51b0000 - 0x00007ffbe534d000 	C:\Windows\System32\USER32.dll
0x00007ffbd14d0000 - 0x00007ffbd176a000 	C:\Windows\WinSxS\amd64_microsoft.windows.common-controls_6595b64144ccf1df_6.0.19041.1110_none_60b5254171f9507e\COMCTL32.dll
0x00007ffbe4540000 - 0x00007ffbe4562000 	C:\Windows\System32\win32u.dll
0x00007ffbe5f90000 - 0x00007ffbe5fbc000 	C:\Windows\System32\GDI32.dll
0x00007ffbe5500000 - 0x00007ffbe559e000 	C:\Windows\System32\msvcrt.dll
0x00007ffbe4610000 - 0x00007ffbe4725000 	C:\Windows\System32\gdi32full.dll
0x00007ffbe4570000 - 0x00007ffbe460d000 	C:\Windows\System32\msvcp_win.dll
0x00007ffbe4e70000 - 0x00007ffbe4ea0000 	C:\Windows\System32\IMM32.DLL
0x00007ffbdd730000 - 0x00007ffbdd73c000 	C:\Users\lubiku\.jdks\openjdk-20\bin\vcruntime140_1.dll
0x00007ffbc3f10000 - 0x00007ffbc3f9e000 	C:\Users\lubiku\.jdks\openjdk-20\bin\msvcp140.dll
0x00007ffb75160000 - 0x00007ffb75df7000 	C:\Users\lubiku\.jdks\openjdk-20\bin\server\jvm.dll
0x00007ffbe5100000 - 0x00007ffbe51af000 	C:\Windows\System32\ADVAPI32.dll
0x00007ffbe5060000 - 0x00007ffbe50fc000 	C:\Windows\System32\sechost.dll
0x00007ffbe59f0000 - 0x00007ffbe5b16000 	C:\Windows\System32\RPCRT4.dll
0x00007ffbdd840000 - 0x00007ffbdd84a000 	C:\Windows\SYSTEM32\VERSION.dll
0x00007ffbb9250000 - 0x00007ffbb9259000 	C:\Windows\SYSTEM32\WSOCK32.dll
0x00007ffbd1920000 - 0x00007ffbd1947000 	C:\Windows\SYSTEM32\WINMM.dll
0x00007ffbe4ff0000 - 0x00007ffbe505b000 	C:\Windows\System32\WS2_32.dll
0x00007ffbe27e0000 - 0x00007ffbe27f2000 	C:\Windows\SYSTEM32\kernel.appcore.dll
0x00007ffbdd660000 - 0x00007ffbdd66a000 	C:\Users\lubiku\.jdks\openjdk-20\bin\jimage.dll
0x00007ffbe24e0000 - 0x00007ffbe26c4000 	C:\Windows\SYSTEM32\DBGHELP.DLL
0x00007ffbc6be0000 - 0x00007ffbc6c14000 	C:\Windows\SYSTEM32\dbgcore.DLL
0x00007ffbe42d0000 - 0x00007ffbe4352000 	C:\Windows\System32\bcryptPrimitives.dll
0x00007ffbdd440000 - 0x00007ffbdd44e000 	C:\Users\lubiku\.jdks\openjdk-20\bin\instrument.dll
0x00007ffbcb710000 - 0x00007ffbcb736000 	C:\Users\lubiku\.jdks\openjdk-20\bin\java.dll
0x00007ffbb36e0000 - 0x00007ffbb37b7000 	C:\Users\lubiku\.jdks\openjdk-20\bin\jsvml.dll
0x00007ffbe6070000 - 0x00007ffbe67b4000 	C:\Windows\System32\SHELL32.dll
0x00007ffbe1c80000 - 0x00007ffbe2413000 	C:\Windows\SYSTEM32\windows.storage.dll
0x00007ffbe4a80000 - 0x00007ffbe4dd4000 	C:\Windows\System32\combase.dll
0x00007ffbe3950000 - 0x00007ffbe397e000 	C:\Windows\SYSTEM32\Wldp.dll
0x00007ffbe5fc0000 - 0x00007ffbe606d000 	C:\Windows\System32\SHCORE.dll
0x00007ffbe4ea0000 - 0x00007ffbe4ef5000 	C:\Windows\System32\shlwapi.dll
0x00007ffbe3f10000 - 0x00007ffbe3f2f000 	C:\Windows\SYSTEM32\profapi.dll
0x00007ffbcb6d0000 - 0x00007ffbcb6e8000 	C:\Users\lubiku\.jdks\openjdk-20\bin\zip.dll
0x00007ffbdaf50000 - 0x00007ffbdaf63000 	C:\Users\lubiku\.jdks\openjdk-20\bin\net.dll
0x00007ffbdc1f0000 - 0x00007ffbdc2fa000 	C:\Windows\SYSTEM32\WINHTTP.dll
0x00007ffbe3730000 - 0x00007ffbe379a000 	C:\Windows\system32\mswsock.dll
0x00007ffbdac70000 - 0x00007ffbdac86000 	C:\Users\lubiku\.jdks\openjdk-20\bin\nio.dll
0x00007ffbc7d60000 - 0x00007ffbc7d7a000 	C:\Users\lubiku\AppData\Local\JetBrains\Toolbox\apps\IDEA-U\ch-0\231.8109.175\bin\breakgen64.dll
0x00007ffbd9240000 - 0x00007ffbd9247000 	C:\Users\lubiku\.jdks\openjdk-20\bin\extnet.dll
0x00007ffbd3b10000 - 0x00007ffbd3b20000 	C:\Users\lubiku\.jdks\openjdk-20\bin\verify.dll
0x00007ffbe3990000 - 0x00007ffbe39a8000 	C:\Windows\SYSTEM32\CRYPTSP.dll
0x00007ffbe3000000 - 0x00007ffbe3034000 	C:\Windows\system32\rsaenh.dll
0x00007ffbe4360000 - 0x00007ffbe4387000 	C:\Windows\System32\bcrypt.dll
0x00007ffbe3ed0000 - 0x00007ffbe3efe000 	C:\Windows\SYSTEM32\USERENV.dll
0x00007ffbe38c0000 - 0x00007ffbe38cc000 	C:\Windows\SYSTEM32\CRYPTBASE.dll
0x00007ffbe33f0000 - 0x00007ffbe342c000 	C:\Windows\SYSTEM32\IPHLPAPI.DLL
0x00007ffbe58d0000 - 0x00007ffbe58d8000 	C:\Windows\System32\NSI.dll
0x00007ffbdb900000 - 0x00007ffbdb917000 	C:\Windows\SYSTEM32\dhcpcsvc6.DLL
0x00007ffbdb3a0000 - 0x00007ffbdb3bd000 	C:\Windows\SYSTEM32\dhcpcsvc.DLL
0x00007ffbe3440000 - 0x00007ffbe350b000 	C:\Windows\SYSTEM32\DNSAPI.dll
0x00007ffbdaca0000 - 0x00007ffbdacaa000 	C:\Users\lubiku\AppData\Local\Temp\jansi-1.17.1-7904819204743625915.dll
0x00007ffb85170000 - 0x00007ffb85300000 	C:\Users\lubiku\.jdks\openjdk-20\bin\awt.dll
0x00007ffbe67c0000 - 0x00007ffbe688d000 	C:\Windows\System32\OLEAUT32.dll
0x00007ffbe10f0000 - 0x00007ffbe1181000 	C:\Windows\SYSTEM32\apphelp.dll
0x00007ffbe15a0000 - 0x00007ffbe15cf000 	C:\Windows\system32\DWMAPI.DLL
0x00007ffbe12c0000 - 0x00007ffbe135e000 	C:\Windows\system32\uxtheme.dll
0x00007ffbc8600000 - 0x00007ffbc8725000 	C:\Windows\system32\opengl32.dll
0x00007ffbdbd80000 - 0x00007ffbdbdac000 	C:\Windows\SYSTEM32\GLU32.dll
0x00007ffbe5350000 - 0x00007ffbe5464000 	C:\Windows\System32\MSCTF.dll
0x00007ffbe4950000 - 0x00007ffbe4a7a000 	C:\Windows\System32\ole32.dll
0x00007ffbd3be0000 - 0x00007ffbd3dad000 	C:\Windows\system32\d3d9.dll
0x00007ffb8f4f0000 - 0x00007ffb8f655000 	C:\Windows\System32\DriverStore\FileRepository\iigd_dch.inf_amd64_e31d62740aef2af9\igdumdim64.dll
0x00007ffb8b890000 - 0x00007ffb8f4e6000 	C:\Windows\System32\DriverStore\FileRepository\iigd_dch.inf_amd64_e31d62740aef2af9\igd9dxva64.dll
0x00007ffbe5b20000 - 0x00007ffbe5f88000 	C:\Windows\System32\SETUPAPI.dll
0x00007ffbe4730000 - 0x00007ffbe477e000 	C:\Windows\System32\cfgmgr32.dll
0x00007ffbd3db0000 - 0x00007ffbd4171000 	C:\Windows\System32\DriverStore\FileRepository\iigd_dch.inf_amd64_e31d62740aef2af9\igdgmm64.dll
0x00007ffb88ef0000 - 0x00007ffb88ff5000 	C:\Windows\System32\DriverStore\FileRepository\nvacegpu.inf_amd64_e34030d00c20947b\nvldumdx.dll
0x00007ffbe3bc0000 - 0x00007ffbe3bd2000 	C:\Windows\SYSTEM32\msasn1.dll
0x00007ffbdb280000 - 0x00007ffbdb2b1000 	C:\Windows\SYSTEM32\cryptnet.dll
0x00007ffbe4780000 - 0x00007ffbe48de000 	C:\Windows\System32\CRYPT32.dll
0x00007ffbe48e0000 - 0x00007ffbe4947000 	C:\Windows\System32\WINTRUST.DLL
0x00007ffbe6890000 - 0x00007ffbe68ad000 	C:\Windows\System32\imagehlp.dll
0x00007ffb234c0000 - 0x00007ffb2510a000 	C:\Windows\System32\DriverStore\FileRepository\nvacegpu.inf_amd64_e34030d00c20947b\nvd3dumx.dll
0x00007ffbe2800000 - 0x00007ffbe2823000 	C:\Windows\SYSTEM32\gpapi.dll
0x00007ffbd91c0000 - 0x00007ffbd91fb000 	C:\Windows\SYSTEM32\dxcore.dll
0x00007ffbac2e0000 - 0x00007ffbac366000 	C:\Users\lubiku\.jdks\openjdk-20\bin\freetype.dll
0x00007ffb86f60000 - 0x00007ffb87026000 	C:\Users\lubiku\.jdks\openjdk-20\bin\fontmanager.dll
0x00007ffbe58e0000 - 0x00007ffbe5989000 	C:\Windows\System32\clbcatq.dll
0x00007ffbdc800000 - 0x00007ffbdc9b4000 	C:\Windows\SYSTEM32\WindowsCodecs.dll
0x00007ffbc8a50000 - 0x00007ffbc8a8e000 	C:\Windows\system32\dataexchange.dll
0x00007ffbe02a0000 - 0x00007ffbe0503000 	C:\Windows\system32\d3d11.dll
0x00007ffbe0510000 - 0x00007ffbe06f3000 	C:\Windows\system32\dcomp.dll
0x00007ffbe2850000 - 0x00007ffbe2943000 	C:\Windows\system32\dxgi.dll
0x00007ffbdcb50000 - 0x00007ffbdcd50000 	C:\Windows\system32\twinapi.appcore.dll
0x00007ffbb9150000 - 0x00007ffbb924a000 	C:\Windows\SYSTEM32\textinputframework.dll
0x00007ffbe0de0000 - 0x00007ffbe0ed2000 	C:\Windows\System32\CoreMessaging.dll
0x00007ffbe0a80000 - 0x00007ffbe0dde000 	C:\Windows\System32\CoreUIComponents.dll
0x00007ffbe3120000 - 0x00007ffbe3153000 	C:\Windows\SYSTEM32\ntmarta.dll
0x00007ffbdf720000 - 0x00007ffbdf874000 	C:\Windows\SYSTEM32\wintypes.dll
0x0000000110000000 - 0x0000000110041000 	C:\Program Files\Cheat Engine 7.5\speedhack-x86_64.dll

dbghelp: loaded successfully - version: 4.0.5 - missing functions: none
symbol engine: initialized successfully - sym options: 0x614 - pdb path: .;C:\Users\lubiku\.jdks\openjdk-20\bin;C:\Windows\SYSTEM32;C:\Windows\WinSxS\amd64_microsoft.windows.common-controls_6595b64144ccf1df_6.0.19041.1110_none_60b5254171f9507e;C:\Users\lubiku\.jdks\openjdk-20\bin\server;C:\Users\lubiku\AppData\Local\JetBrains\Toolbox\apps\IDEA-U\ch-0\231.8109.175\bin;C:\Users\lubiku\AppData\Local\Temp;C:\Windows\System32\DriverStore\FileRepository\iigd_dch.inf_amd64_e31d62740aef2af9;C:\Windows\System32\DriverStore\FileRepository\nvacegpu.inf_amd64_e34030d00c20947b;C:\Program Files\Cheat Engine 7.5

VM Arguments:
jvm_args: -Dmaven.multiModuleProjectDirectory=C:\main_root\gitlab\motoslub\semester_work -Djansi.passthrough=true -Dmaven.home=C:\Users\lubiku\AppData\Local\JetBrains\Toolbox\apps\IDEA-U\ch-0\231.8109.175\plugins\maven\lib\maven3 -Dclassworlds.conf=C:\Users\lubiku\AppData\Local\JetBrains\Toolbox\apps\IDEA-U\ch-0\231.8109.175\plugins\maven\lib\maven3\bin\m2.conf -Dmaven.ext.class.path=C:\Users\lubiku\AppData\Local\JetBrains\Toolbox\apps\IDEA-U\ch-0\231.8109.175\plugins\maven\lib\maven-event-listener.jar -javaagent:C:\Users\lubiku\AppData\Local\JetBrains\Toolbox\apps\IDEA-U\ch-0\231.8109.175\lib\idea_rt.jar=2461:C:\Users\lubiku\AppData\Local\JetBrains\Toolbox\apps\IDEA-U\ch-0\231.8109.175\bin -Dfile.encoding=UTF-8 -Dsun.stdout.encoding=UTF-8 -Dsun.stderr.encoding=UTF-8 
java_command: org.codehaus.classworlds.Launcher -Didea.version=2023.1 exec:java -Dexec.mainClass=lubiku.castleQuest.Main
java_class_path (initial): C:\Users\lubiku\AppData\Local\JetBrains\Toolbox\apps\IDEA-U\ch-0\231.8109.175\plugins\maven\lib\maven3\boot\plexus-classworlds-2.6.0.jar;C:\Users\lubiku\AppData\Local\JetBrains\Toolbox\apps\IDEA-U\ch-0\231.8109.175\plugins\maven\lib\maven3\boot\plexus-classworlds.license
Launcher Type: SUN_STANDARD

[Global flags]
     intx CICompilerCount                          = 4                                         {product} {ergonomic}
     uint ConcGCThreads                            = 3                                         {product} {ergonomic}
     uint G1ConcRefinementThreads                  = 10                                        {product} {ergonomic}
   size_t G1HeapRegionSize                         = 2097152                                   {product} {ergonomic}
    uintx GCDrainStackTargetSize                   = 64                                        {product} {ergonomic}
   size_t InitialHeapSize                          = 266338304                                 {product} {ergonomic}
   size_t MarkStackSize                            = 4194304                                   {product} {ergonomic}
   size_t MaxHeapSize                              = 4238344192                                {product} {ergonomic}
   size_t MaxNewSize                               = 2541748224                                {product} {ergonomic}
   size_t MinHeapDeltaBytes                        = 2097152                                   {product} {ergonomic}
   size_t MinHeapSize                              = 8388608                                   {product} {ergonomic}
    uintx NonNMethodCodeHeapSize                   = 5839372                                {pd product} {ergonomic}
    uintx NonProfiledCodeHeapSize                  = 122909434                              {pd product} {ergonomic}
    uintx ProfiledCodeHeapSize                     = 122909434                              {pd product} {ergonomic}
    uintx ReservedCodeCacheSize                    = 251658240                              {pd product} {ergonomic}
     bool SegmentedCodeCache                       = true                                      {product} {ergonomic}
   size_t SoftMaxHeapSize                          = 4238344192                             {manageable} {ergonomic}
     bool UseCompressedClassPointers               = true                           {product lp64_product} {ergonomic}
     bool UseCompressedOops                        = true                           {product lp64_product} {ergonomic}
     bool UseG1GC                                  = true                                      {product} {ergonomic}
     bool UseLargePagesIndividualAllocation        = false                                  {pd product} {ergonomic}

Logging:
Log output configuration:
 #0: stdout all=warning uptime,level,tags foldmultilines=false
 #1: stderr all=off uptime,level,tags foldmultilines=false

Environment Variables:
JAVA_HOME=C:\Program Files\Java\jdk-20.0.1\bin
PATH=C:\Windows\system32;C:\Windows;C:\Windows\System32\Wbem;C:\Windows\System32\WindowsPowerShell\v1.0\;C:\Windows\System32\OpenSSH\;C:\Program Files\Git\cmd;C:\Users\lubiku\AppData\Local\Programs\Python\Python311;C:\Users\lubiku\AppData\Local\Programs\Python\Python311\Scripts;C:\Program Files\Docker\Docker\resources\bin;C:\Program Files\Java\jdk-20.0.1\bin;C:\Program Files\Java\javafx-sdk-20\bin;C:\Users\lubiku\AppData\Local\Microsoft\WindowsApps;C:\Users\lubiku\AppData\Local\JetBrains\Toolbox\scripts;C:\Users\lubiku\AppData\Local\Programs\Microsoft VS Code\bin;C:\Program Files (x86)\Nmap;C:\Users\lubiku\AppData\Local\GitHubDesktop\bin
USERNAME=lubiku
OS=Windows_NT
PROCESSOR_IDENTIFIER=Intel64 Family 6 Model 141 Stepping 1, GenuineIntel
TMP=C:\Users\lubiku\AppData\Local\Temp
TEMP=C:\Users\lubiku\AppData\Local\Temp




---------------  S Y S T E M  ---------------

OS:
 Windows 10 , 64 bit Build 19041 (10.0.19041.2913)
OS uptime: 7 days 7:08 hours
Hyper-V role detected

CPU: total 12 (initial active 12) (6 cores per cpu, 2 threads per core) family 6 model 141 stepping 1 microcode 0x3c, cx8, cmov, fxsr, ht, mmx, 3dnowpref, sse, sse2, sse3, ssse3, sse4.1, sse4.2, popcnt, lzcnt, tsc, tscinvbit, avx, avx2, aes, erms, clmul, bmi1, bmi2, adx, avx512f, avx512dq, avx512cd, avx512bw, avx512vl, sha, fma, vzeroupper, avx512_vpopcntdq, avx512_vpclmulqdq, avx512_vaes, avx512_vnni, clflush, clflushopt, clwb, avx512_vbmi2, avx512_vbmi, hv, rdtscp, rdpid, fsrm, gfni, avx512_bitalg, f16c, cet_ibt, cet_ss, avx512_ifma

Memory: 4k page, system-wide physical 16163M (3348M free)
TotalPageFile size 35619M (AvailPageFile size 5420M)
current process WorkingSet (physical memory assigned to process): 292M, peak: 294M
current process commit charge ("private bytes"): 275M, peak: 426M

vm_info: OpenJDK 64-Bit Server VM (20+36-2344) for windows-amd64 JRE (20+36-2344), built on 2023-02-10T19:30:15Z by "mach5one" with MS VC++ 17.1 (VS2022)

END.
